{"/home/meck/code/master-project-sink/crypto/dist/ec-elgamal/encryption.js":{"path":"/home/meck/code/master-project-sink/crypto/dist/ec-elgamal/encryption.js","statementMap":{"0":{"start":{"line":2,"column":0},"end":{"line":2,"column":62}},"1":{"start":{"line":3,"column":15},"end":{"line":3,"column":34}},"2":{"start":{"line":4,"column":9},"end":{"line":4,"column":31}},"3":{"start":{"line":5,"column":16},"end":{"line":5,"column":35}},"4":{"start":{"line":6,"column":16},"end":{"line":6,"column":21}},"5":{"start":{"line":7,"column":0},"end":{"line":16,"column":2}},"6":{"start":{"line":8,"column":12},"end":{"line":8,"column":43}},"7":{"start":{"line":9,"column":13},"end":{"line":9,"column":31}},"8":{"start":{"line":10,"column":12},"end":{"line":10,"column":23}},"9":{"start":{"line":11,"column":13},"end":{"line":11,"column":27}},"10":{"start":{"line":12,"column":4},"end":{"line":12,"column":82}},"11":{"start":{"line":13,"column":4},"end":{"line":13,"column":86}},"12":{"start":{"line":14,"column":4},"end":{"line":14,"column":78}},"13":{"start":{"line":15,"column":4},"end":{"line":15,"column":34}},"14":{"start":{"line":17,"column":0},"end":{"line":26,"column":2}},"15":{"start":{"line":18,"column":13},"end":{"line":18,"column":25}},"16":{"start":{"line":18,"column":32},"end":{"line":18,"column":44}},"17":{"start":{"line":19,"column":12},"end":{"line":19,"column":25}},"18":{"start":{"line":20,"column":19},"end":{"line":20,"column":26}},"19":{"start":{"line":21,"column":12},"end":{"line":21,"column":28}},"20":{"start":{"line":22,"column":4},"end":{"line":22,"column":80}},"21":{"start":{"line":23,"column":4},"end":{"line":23,"column":90}},"22":{"start":{"line":24,"column":4},"end":{"line":24,"column":76}},"23":{"start":{"line":25,"column":4},"end":{"line":25,"column":13}},"24":{"start":{"line":27,"column":0},"end":{"line":32,"column":2}},"25":{"start":{"line":28,"column":4},"end":{"line":31,"column":6}}},"fnMap":{"0":{"name":"(anonymous_0)","decl":{"start":{"line":7,"column":18},"end":{"line":7,"column":19}},"loc":{"start":{"line":7,"column":43},"end":{"line":16,"column":1}},"line":7},"1":{"name":"(anonymous_1)","decl":{"start":{"line":17,"column":18},"end":{"line":17,"column":19}},"loc":{"start":{"line":17,"column":47},"end":{"line":26,"column":1}},"line":17},"2":{"name":"(anonymous_2)","decl":{"start":{"line":27,"column":25},"end":{"line":27,"column":26}},"loc":{"start":{"line":27,"column":53},"end":{"line":32,"column":1}},"line":27}},"branchMap":{"0":{"loc":{"start":{"line":12,"column":4},"end":{"line":12,"column":81}},"type":"binary-expr","locations":[{"start":{"line":12,"column":4},"end":{"line":12,"column":13}},{"start":{"line":12,"column":17},"end":{"line":12,"column":81}}],"line":12},"1":{"loc":{"start":{"line":13,"column":4},"end":{"line":13,"column":85}},"type":"binary-expr","locations":[{"start":{"line":13,"column":4},"end":{"line":13,"column":13}},{"start":{"line":13,"column":17},"end":{"line":13,"column":85}}],"line":13},"2":{"loc":{"start":{"line":14,"column":4},"end":{"line":14,"column":77}},"type":"binary-expr","locations":[{"start":{"line":14,"column":4},"end":{"line":14,"column":13}},{"start":{"line":14,"column":17},"end":{"line":14,"column":77}}],"line":14},"3":{"loc":{"start":{"line":22,"column":4},"end":{"line":22,"column":79}},"type":"binary-expr","locations":[{"start":{"line":22,"column":4},"end":{"line":22,"column":13}},{"start":{"line":22,"column":17},"end":{"line":22,"column":79}}],"line":22},"4":{"loc":{"start":{"line":23,"column":4},"end":{"line":23,"column":89}},"type":"binary-expr","locations":[{"start":{"line":23,"column":4},"end":{"line":23,"column":13}},{"start":{"line":23,"column":17},"end":{"line":23,"column":89}}],"line":23},"5":{"loc":{"start":{"line":24,"column":4},"end":{"line":24,"column":75}},"type":"binary-expr","locations":[{"start":{"line":24,"column":4},"end":{"line":24,"column":13}},{"start":{"line":24,"column":17},"end":{"line":24,"column":75}}],"line":24}},"s":{"0":0,"1":0,"2":0,"3":0,"4":0,"5":0,"6":0,"7":0,"8":0,"9":0,"10":0,"11":0,"12":0,"13":0,"14":0,"15":0,"16":0,"17":0,"18":0,"19":0,"20":0,"21":0,"22":0,"23":0,"24":0,"25":0},"f":{"0":0,"1":0,"2":0},"b":{"0":[0,0],"1":[0,0],"2":[0,0],"3":[0,0],"4":[0,0],"5":[0,0]}},"/home/meck/code/master-project-sink/crypto/dist/ec-elgamal/helper.js":{"path":"/home/meck/code/master-project-sink/crypto/dist/ec-elgamal/helper.js","statementMap":{"0":{"start":{"line":2,"column":0},"end":{"line":2,"column":62}},"1":{"start":{"line":3,"column":13},"end":{"line":3,"column":30}},"2":{"start":{"line":4,"column":9},"end":{"line":4,"column":25}},"3":{"start":{"line":5,"column":9},"end":{"line":5,"column":31}},"4":{"start":{"line":6,"column":16},"end":{"line":6,"column":35}},"5":{"start":{"line":7,"column":22},"end":{"line":7,"column":24}},"6":{"start":{"line":8,"column":25},"end":{"line":8,"column":61}},"7":{"start":{"line":9,"column":0},"end":{"line":17,"column":2}},"8":{"start":{"line":10,"column":22},"end":{"line":10,"column":57}},"9":{"start":{"line":11,"column":22},"end":{"line":11,"column":48}},"10":{"start":{"line":12,"column":4},"end":{"line":15,"column":5}},"11":{"start":{"line":13,"column":8},"end":{"line":13,"column":58}},"12":{"start":{"line":14,"column":8},"end":{"line":14,"column":49}},"13":{"start":{"line":16,"column":4},"end":{"line":16,"column":23}}},"fnMap":{"0":{"name":"(anonymous_0)","decl":{"start":{"line":9,"column":31},"end":{"line":9,"column":32}},"loc":{"start":{"line":9,"column":43},"end":{"line":17,"column":1}},"line":9}},"branchMap":{"0":{"loc":{"start":{"line":12,"column":13},"end":{"line":12,"column":78}},"type":"binary-expr","locations":[{"start":{"line":12,"column":13},"end":{"line":12,"column":48}},{"start":{"line":12,"column":52},"end":{"line":12,"column":78}}],"line":12}},"s":{"0":0,"1":0,"2":0,"3":0,"4":0,"5":0,"6":0,"7":0,"8":0,"9":0,"10":0,"11":0,"12":0,"13":0},"f":{"0":0},"b":{"0":[0,0]}},"/home/meck/code/master-project-sink/crypto/dist/ec-elgamal/index.d.ts":{"path":"/home/meck/code/master-project-sink/crypto/dist/ec-elgamal/index.d.ts","statementMap":{},"fnMap":{},"branchMap":{},"s":{},"f":{},"b":{}},"/home/meck/code/master-project-sink/crypto/dist/ec-elgamal/index.js":{"path":"/home/meck/code/master-project-sink/crypto/dist/ec-elgamal/index.js","statementMap":{"0":{"start":{"line":2,"column":0},"end":{"line":2,"column":62}},"1":{"start":{"line":3,"column":17},"end":{"line":3,"column":40}},"2":{"start":{"line":4,"column":0},"end":{"line":4,"column":32}},"3":{"start":{"line":5,"column":13},"end":{"line":5,"column":32}},"4":{"start":{"line":6,"column":0},"end":{"line":6,"column":24}},"5":{"start":{"line":7,"column":14},"end":{"line":7,"column":34}},"6":{"start":{"line":8,"column":0},"end":{"line":8,"column":26}},"7":{"start":{"line":9,"column":13},"end":{"line":9,"column":32}},"8":{"start":{"line":10,"column":0},"end":{"line":10,"column":24}},"9":{"start":{"line":11,"column":13},"end":{"line":11,"column":32}},"10":{"start":{"line":12,"column":0},"end":{"line":12,"column":24}}},"fnMap":{},"branchMap":{},"s":{"0":0,"1":0,"2":0,"3":0,"4":0,"5":0,"6":0,"7":0,"8":0,"9":0,"10":0},"f":{},"b":{}},"/home/meck/code/master-project-sink/crypto/dist/ec-elgamal/models.js":{"path":"/home/meck/code/master-project-sink/crypto/dist/ec-elgamal/models.js","statementMap":{"0":{"start":{"line":2,"column":0},"end":{"line":2,"column":62}}},"fnMap":{},"branchMap":{},"s":{"0":0},"f":{},"b":{}},"/home/meck/code/master-project-sink/crypto/dist/ec-elgamal/sumZKP.js":{"path":"/home/meck/code/master-project-sink/crypto/dist/ec-elgamal/sumZKP.js","statementMap":{"0":{"start":{"line":2,"column":0},"end":{"line":2,"column":62}},"1":{"start":{"line":3,"column":14},"end":{"line":3,"column":33}},"2":{"start":{"line":4,"column":9},"end":{"line":4,"column":25}},"3":{"start":{"line":5,"column":9},"end":{"line":5,"column":31}},"4":{"start":{"line":6,"column":16},"end":{"line":6,"column":35}},"5":{"start":{"line":7,"column":10},"end":{"line":7,"column":14}},"6":{"start":{"line":8,"column":12},"end":{"line":8,"column":70}},"7":{"start":{"line":8,"column":38},"end":{"line":8,"column":68}},"8":{"start":{"line":9,"column":12},"end":{"line":9,"column":70}},"9":{"start":{"line":9,"column":38},"end":{"line":9,"column":68}},"10":{"start":{"line":10,"column":12},"end":{"line":10,"column":70}},"11":{"start":{"line":10,"column":38},"end":{"line":10,"column":68}},"12":{"start":{"line":11,"column":12},"end":{"line":11,"column":48}},"13":{"start":{"line":11,"column":30},"end":{"line":11,"column":46}},"14":{"start":{"line":12,"column":12},"end":{"line":12,"column":48}},"15":{"start":{"line":12,"column":30},"end":{"line":12,"column":46}},"16":{"start":{"line":13,"column":12},"end":{"line":13,"column":54}},"17":{"start":{"line":13,"column":30},"end":{"line":13,"column":52}},"18":{"start":{"line":14,"column":0},"end":{"line":34,"column":2}},"19":{"start":{"line":15,"column":12},"end":{"line":15,"column":27}},"20":{"start":{"line":15,"column":33},"end":{"line":15,"column":48}},"21":{"start":{"line":16,"column":12},"end":{"line":16,"column":20}},"22":{"start":{"line":16,"column":26},"end":{"line":16,"column":34}},"23":{"start":{"line":16,"column":40},"end":{"line":16,"column":48}},"24":{"start":{"line":16,"column":54},"end":{"line":16,"column":62}},"25":{"start":{"line":17,"column":12},"end":{"line":17,"column":59}},"26":{"start":{"line":18,"column":13},"end":{"line":18,"column":24}},"27":{"start":{"line":19,"column":13},"end":{"line":19,"column":24}},"28":{"start":{"line":20,"column":12},"end":{"line":20,"column":50}},"29":{"start":{"line":21,"column":13},"end":{"line":21,"column":33}},"30":{"start":{"line":22,"column":12},"end":{"line":22,"column":32}},"31":{"start":{"line":23,"column":12},"end":{"line":23,"column":24}},"32":{"start":{"line":24,"column":4},"end":{"line":24,"column":78}},"33":{"start":{"line":25,"column":4},"end":{"line":25,"column":78}},"34":{"start":{"line":26,"column":4},"end":{"line":26,"column":76}},"35":{"start":{"line":27,"column":4},"end":{"line":27,"column":37}},"36":{"start":{"line":28,"column":4},"end":{"line":28,"column":39}},"37":{"start":{"line":29,"column":4},"end":{"line":29,"column":39}},"38":{"start":{"line":30,"column":4},"end":{"line":30,"column":37}},"39":{"start":{"line":31,"column":4},"end":{"line":31,"column":45}},"40":{"start":{"line":32,"column":4},"end":{"line":32,"column":25}},"41":{"start":{"line":33,"column":4},"end":{"line":33,"column":42}},"42":{"start":{"line":35,"column":0},"end":{"line":50,"column":2}},"43":{"start":{"line":36,"column":12},"end":{"line":36,"column":26}},"44":{"start":{"line":36,"column":32},"end":{"line":36,"column":46}},"45":{"start":{"line":37,"column":12},"end":{"line":37,"column":20}},"46":{"start":{"line":37,"column":26},"end":{"line":37,"column":34}},"47":{"start":{"line":37,"column":40},"end":{"line":37,"column":48}},"48":{"start":{"line":37,"column":54},"end":{"line":37,"column":62}},"49":{"start":{"line":38,"column":13},"end":{"line":38,"column":21}},"50":{"start":{"line":38,"column":28},"end":{"line":38,"column":36}},"51":{"start":{"line":38,"column":42},"end":{"line":38,"column":49}},"52":{"start":{"line":38,"column":55},"end":{"line":38,"column":62}},"53":{"start":{"line":39,"column":12},"end":{"line":39,"column":50}},"54":{"start":{"line":40,"column":13},"end":{"line":40,"column":24}},"55":{"start":{"line":41,"column":13},"end":{"line":41,"column":35}},"56":{"start":{"line":42,"column":13},"end":{"line":42,"column":22}},"57":{"start":{"line":43,"column":13},"end":{"line":43,"column":24}},"58":{"start":{"line":44,"column":13},"end":{"line":44,"column":35}},"59":{"start":{"line":45,"column":13},"end":{"line":45,"column":22}},"60":{"start":{"line":46,"column":4},"end":{"line":46,"column":49}},"61":{"start":{"line":47,"column":4},"end":{"line":47,"column":48}},"62":{"start":{"line":48,"column":4},"end":{"line":48,"column":25}},"63":{"start":{"line":49,"column":4},"end":{"line":49,"column":20}},"64":{"start":{"line":52,"column":22},"end":{"line":52,"column":36}},"65":{"start":{"line":53,"column":13},"end":{"line":53,"column":43}},"66":{"start":{"line":54,"column":13},"end":{"line":54,"column":43}},"67":{"start":{"line":55,"column":4},"end":{"line":55,"column":19}},"68":{"start":{"line":57,"column":0},"end":{"line":57,"column":56}},"69":{"start":{"line":59,"column":19},"end":{"line":59,"column":21}},"70":{"start":{"line":60,"column":4},"end":{"line":63,"column":5}},"71":{"start":{"line":60,"column":18},"end":{"line":60,"column":19}},"72":{"start":{"line":60,"column":32},"end":{"line":60,"column":38}},"73":{"start":{"line":61,"column":20},"end":{"line":61,"column":32}},"74":{"start":{"line":62,"column":8},"end":{"line":62,"column":50}},"75":{"start":{"line":64,"column":4},"end":{"line":64,"column":20}},"76":{"start":{"line":66,"column":0},"end":{"line":66,"column":64}},"77":{"start":{"line":68,"column":25},"end":{"line":68,"column":67}},"78":{"start":{"line":69,"column":16},"end":{"line":69,"column":35}},"79":{"start":{"line":70,"column":12},"end":{"line":73,"column":22}},"80":{"start":{"line":74,"column":4},"end":{"line":74,"column":25}},"81":{"start":{"line":75,"column":4},"end":{"line":75,"column":17}},"82":{"start":{"line":76,"column":4},"end":{"line":76,"column":13}},"83":{"start":{"line":78,"column":0},"end":{"line":78,"column":46}}},"fnMap":{"0":{"name":"(anonymous_0)","decl":{"start":{"line":8,"column":12},"end":{"line":8,"column":13}},"loc":{"start":{"line":8,"column":36},"end":{"line":8,"column":70}},"line":8},"1":{"name":"(anonymous_1)","decl":{"start":{"line":9,"column":12},"end":{"line":9,"column":13}},"loc":{"start":{"line":9,"column":36},"end":{"line":9,"column":70}},"line":9},"2":{"name":"(anonymous_2)","decl":{"start":{"line":10,"column":12},"end":{"line":10,"column":13}},"loc":{"start":{"line":10,"column":36},"end":{"line":10,"column":70}},"line":10},"3":{"name":"(anonymous_3)","decl":{"start":{"line":11,"column":12},"end":{"line":11,"column":13}},"loc":{"start":{"line":11,"column":28},"end":{"line":11,"column":48}},"line":11},"4":{"name":"(anonymous_4)","decl":{"start":{"line":12,"column":12},"end":{"line":12,"column":13}},"loc":{"start":{"line":12,"column":28},"end":{"line":12,"column":48}},"line":12},"5":{"name":"(anonymous_5)","decl":{"start":{"line":13,"column":12},"end":{"line":13,"column":13}},"loc":{"start":{"line":13,"column":28},"end":{"line":13,"column":54}},"line":13},"6":{"name":"(anonymous_6)","decl":{"start":{"line":14,"column":27},"end":{"line":14,"column":28}},"loc":{"start":{"line":14,"column":68},"end":{"line":34,"column":1}},"line":14},"7":{"name":"(anonymous_7)","decl":{"start":{"line":35,"column":25},"end":{"line":35,"column":26}},"loc":{"start":{"line":35,"column":72},"end":{"line":50,"column":1}},"line":35},"8":{"name":"convertECPointToString","decl":{"start":{"line":51,"column":9},"end":{"line":51,"column":31}},"loc":{"start":{"line":51,"column":39},"end":{"line":56,"column":1}},"line":51},"9":{"name":"convertAllECPointsToString","decl":{"start":{"line":58,"column":9},"end":{"line":58,"column":35}},"loc":{"start":{"line":58,"column":44},"end":{"line":65,"column":1}},"line":58},"10":{"name":"generateChallenge","decl":{"start":{"line":67,"column":9},"end":{"line":67,"column":26}},"loc":{"start":{"line":67,"column":48},"end":{"line":77,"column":1}},"line":67}},"branchMap":{"0":{"loc":{"start":{"line":24,"column":4},"end":{"line":24,"column":77}},"type":"binary-expr","locations":[{"start":{"line":24,"column":4},"end":{"line":24,"column":7}},{"start":{"line":24,"column":11},"end":{"line":24,"column":77}}],"line":24},"1":{"loc":{"start":{"line":25,"column":4},"end":{"line":25,"column":77}},"type":"binary-expr","locations":[{"start":{"line":25,"column":4},"end":{"line":25,"column":7}},{"start":{"line":25,"column":11},"end":{"line":25,"column":77}}],"line":25},"2":{"loc":{"start":{"line":26,"column":4},"end":{"line":26,"column":75}},"type":"binary-expr","locations":[{"start":{"line":26,"column":4},"end":{"line":26,"column":7}},{"start":{"line":26,"column":11},"end":{"line":26,"column":75}}],"line":26},"3":{"loc":{"start":{"line":27,"column":4},"end":{"line":27,"column":36}},"type":"binary-expr","locations":[{"start":{"line":27,"column":4},"end":{"line":27,"column":7}},{"start":{"line":27,"column":11},"end":{"line":27,"column":36}}],"line":27},"4":{"loc":{"start":{"line":28,"column":4},"end":{"line":28,"column":38}},"type":"binary-expr","locations":[{"start":{"line":28,"column":4},"end":{"line":28,"column":7}},{"start":{"line":28,"column":11},"end":{"line":28,"column":38}}],"line":28},"5":{"loc":{"start":{"line":29,"column":4},"end":{"line":29,"column":38}},"type":"binary-expr","locations":[{"start":{"line":29,"column":4},"end":{"line":29,"column":7}},{"start":{"line":29,"column":11},"end":{"line":29,"column":38}}],"line":29},"6":{"loc":{"start":{"line":30,"column":4},"end":{"line":30,"column":36}},"type":"binary-expr","locations":[{"start":{"line":30,"column":4},"end":{"line":30,"column":7}},{"start":{"line":30,"column":11},"end":{"line":30,"column":36}}],"line":30},"7":{"loc":{"start":{"line":31,"column":4},"end":{"line":31,"column":44}},"type":"binary-expr","locations":[{"start":{"line":31,"column":4},"end":{"line":31,"column":7}},{"start":{"line":31,"column":11},"end":{"line":31,"column":44}}],"line":31},"8":{"loc":{"start":{"line":32,"column":4},"end":{"line":32,"column":24}},"type":"binary-expr","locations":[{"start":{"line":32,"column":4},"end":{"line":32,"column":7}},{"start":{"line":32,"column":11},"end":{"line":32,"column":24}}],"line":32},"9":{"loc":{"start":{"line":46,"column":4},"end":{"line":46,"column":48}},"type":"binary-expr","locations":[{"start":{"line":46,"column":4},"end":{"line":46,"column":7}},{"start":{"line":46,"column":11},"end":{"line":46,"column":48}}],"line":46},"10":{"loc":{"start":{"line":47,"column":4},"end":{"line":47,"column":47}},"type":"binary-expr","locations":[{"start":{"line":47,"column":4},"end":{"line":47,"column":7}},{"start":{"line":47,"column":11},"end":{"line":47,"column":47}}],"line":47},"11":{"loc":{"start":{"line":48,"column":4},"end":{"line":48,"column":24}},"type":"binary-expr","locations":[{"start":{"line":48,"column":4},"end":{"line":48,"column":7}},{"start":{"line":48,"column":11},"end":{"line":48,"column":24}}],"line":48},"12":{"loc":{"start":{"line":49,"column":11},"end":{"line":49,"column":19}},"type":"binary-expr","locations":[{"start":{"line":49,"column":11},"end":{"line":49,"column":13}},{"start":{"line":49,"column":17},"end":{"line":49,"column":19}}],"line":49}},"s":{"0":0,"1":0,"2":0,"3":0,"4":0,"5":0,"6":0,"7":0,"8":0,"9":0,"10":0,"11":0,"12":0,"13":0,"14":0,"15":0,"16":0,"17":0,"18":0,"19":0,"20":0,"21":0,"22":0,"23":0,"24":0,"25":0,"26":0,"27":0,"28":0,"29":0,"30":0,"31":0,"32":0,"33":0,"34":0,"35":0,"36":0,"37":0,"38":0,"39":0,"40":0,"41":0,"42":0,"43":0,"44":0,"45":0,"46":0,"47":0,"48":0,"49":0,"50":0,"51":0,"52":0,"53":0,"54":0,"55":0,"56":0,"57":0,"58":0,"59":0,"60":0,"61":0,"62":0,"63":0,"64":0,"65":0,"66":0,"67":0,"68":0,"69":0,"70":0,"71":0,"72":0,"73":0,"74":0,"75":0,"76":0,"77":0,"78":0,"79":0,"80":0,"81":0,"82":0,"83":0},"f":{"0":0,"1":0,"2":0,"3":0,"4":0,"5":0,"6":0,"7":0,"8":0,"9":0,"10":0},"b":{"0":[0,0],"1":[0,0],"2":[0,0],"3":[0,0],"4":[0,0],"5":[0,0],"6":[0,0],"7":[0,0],"8":[0,0],"9":[0,0],"10":[0,0],"11":[0,0],"12":[0,0]}},"/home/meck/code/master-project-sink/crypto/dist/ec-elgamal/voteZKP.js":{"path":"/home/meck/code/master-project-sink/crypto/dist/ec-elgamal/voteZKP.js","statementMap":{"0":{"start":{"line":2,"column":0},"end":{"line":2,"column":62}},"1":{"start":{"line":3,"column":9},"end":{"line":3,"column":31}},"2":{"start":{"line":4,"column":16},"end":{"line":4,"column":35}},"3":{"start":{"line":5,"column":14},"end":{"line":5,"column":33}},"4":{"start":{"line":6,"column":9},"end":{"line":6,"column":25}},"5":{"start":{"line":7,"column":19},"end":{"line":7,"column":24}},"6":{"start":{"line":8,"column":12},"end":{"line":8,"column":70}},"7":{"start":{"line":8,"column":38},"end":{"line":8,"column":68}},"8":{"start":{"line":9,"column":12},"end":{"line":9,"column":70}},"9":{"start":{"line":9,"column":38},"end":{"line":9,"column":68}},"10":{"start":{"line":10,"column":12},"end":{"line":10,"column":70}},"11":{"start":{"line":10,"column":38},"end":{"line":10,"column":68}},"12":{"start":{"line":11,"column":12},"end":{"line":11,"column":48}},"13":{"start":{"line":11,"column":30},"end":{"line":11,"column":46}},"14":{"start":{"line":12,"column":12},"end":{"line":12,"column":48}},"15":{"start":{"line":12,"column":30},"end":{"line":12,"column":46}},"16":{"start":{"line":13,"column":12},"end":{"line":13,"column":54}},"17":{"start":{"line":13,"column":30},"end":{"line":13,"column":52}},"18":{"start":{"line":15,"column":12},"end":{"line":15,"column":27}},"19":{"start":{"line":15,"column":33},"end":{"line":15,"column":48}},"20":{"start":{"line":15,"column":54},"end":{"line":15,"column":69}},"21":{"start":{"line":16,"column":12},"end":{"line":16,"column":20}},"22":{"start":{"line":16,"column":26},"end":{"line":16,"column":34}},"23":{"start":{"line":16,"column":40},"end":{"line":16,"column":48}},"24":{"start":{"line":17,"column":4},"end":{"line":19,"column":5}},"25":{"start":{"line":18,"column":8},"end":{"line":18,"column":48}},"26":{"start":{"line":20,"column":13},"end":{"line":20,"column":60}},"27":{"start":{"line":21,"column":13},"end":{"line":21,"column":60}},"28":{"start":{"line":22,"column":13},"end":{"line":22,"column":46}},"29":{"start":{"line":23,"column":13},"end":{"line":23,"column":46}},"30":{"start":{"line":24,"column":12},"end":{"line":24,"column":59}},"31":{"start":{"line":25,"column":13},"end":{"line":25,"column":24}},"32":{"start":{"line":26,"column":13},"end":{"line":26,"column":24}},"33":{"start":{"line":27,"column":12},"end":{"line":27,"column":58}},"34":{"start":{"line":28,"column":13},"end":{"line":28,"column":51}},"35":{"start":{"line":29,"column":14},"end":{"line":29,"column":34}},"36":{"start":{"line":30,"column":13},"end":{"line":30,"column":34}},"37":{"start":{"line":31,"column":4},"end":{"line":31,"column":87}},"38":{"start":{"line":32,"column":4},"end":{"line":32,"column":87}},"39":{"start":{"line":33,"column":4},"end":{"line":33,"column":87}},"40":{"start":{"line":34,"column":4},"end":{"line":34,"column":87}},"41":{"start":{"line":35,"column":4},"end":{"line":35,"column":66}},"42":{"start":{"line":36,"column":4},"end":{"line":36,"column":66}},"43":{"start":{"line":37,"column":4},"end":{"line":37,"column":64}},"44":{"start":{"line":38,"column":4},"end":{"line":38,"column":64}},"45":{"start":{"line":39,"column":4},"end":{"line":39,"column":85}},"46":{"start":{"line":40,"column":4},"end":{"line":40,"column":75}},"47":{"start":{"line":41,"column":4},"end":{"line":41,"column":34}},"48":{"start":{"line":42,"column":4},"end":{"line":42,"column":78}},"49":{"start":{"line":44,"column":0},"end":{"line":44,"column":44}},"50":{"start":{"line":46,"column":12},"end":{"line":46,"column":27}},"51":{"start":{"line":46,"column":33},"end":{"line":46,"column":48}},"52":{"start":{"line":46,"column":54},"end":{"line":46,"column":69}},"53":{"start":{"line":47,"column":12},"end":{"line":47,"column":20}},"54":{"start":{"line":47,"column":26},"end":{"line":47,"column":34}},"55":{"start":{"line":47,"column":40},"end":{"line":47,"column":48}},"56":{"start":{"line":48,"column":4},"end":{"line":50,"column":5}},"57":{"start":{"line":49,"column":8},"end":{"line":49,"column":48}},"58":{"start":{"line":51,"column":13},"end":{"line":51,"column":60}},"59":{"start":{"line":52,"column":13},"end":{"line":52,"column":60}},"60":{"start":{"line":53,"column":13},"end":{"line":53,"column":24}},"61":{"start":{"line":54,"column":13},"end":{"line":54,"column":46}},"62":{"start":{"line":55,"column":13},"end":{"line":55,"column":47}},"63":{"start":{"line":56,"column":12},"end":{"line":56,"column":59}},"64":{"start":{"line":57,"column":13},"end":{"line":57,"column":24}},"65":{"start":{"line":58,"column":13},"end":{"line":58,"column":24}},"66":{"start":{"line":59,"column":12},"end":{"line":59,"column":58}},"67":{"start":{"line":60,"column":13},"end":{"line":60,"column":51}},"68":{"start":{"line":61,"column":14},"end":{"line":61,"column":34}},"69":{"start":{"line":62,"column":13},"end":{"line":62,"column":34}},"70":{"start":{"line":63,"column":4},"end":{"line":63,"column":87}},"71":{"start":{"line":64,"column":4},"end":{"line":64,"column":87}},"72":{"start":{"line":65,"column":4},"end":{"line":65,"column":87}},"73":{"start":{"line":66,"column":4},"end":{"line":66,"column":87}},"74":{"start":{"line":67,"column":4},"end":{"line":67,"column":66}},"75":{"start":{"line":68,"column":4},"end":{"line":68,"column":66}},"76":{"start":{"line":69,"column":4},"end":{"line":69,"column":64}},"77":{"start":{"line":70,"column":4},"end":{"line":70,"column":64}},"78":{"start":{"line":71,"column":4},"end":{"line":71,"column":85}},"79":{"start":{"line":72,"column":4},"end":{"line":72,"column":75}},"80":{"start":{"line":73,"column":4},"end":{"line":73,"column":34}},"81":{"start":{"line":74,"column":4},"end":{"line":74,"column":78}},"82":{"start":{"line":76,"column":0},"end":{"line":76,"column":42}},"83":{"start":{"line":78,"column":13},"end":{"line":78,"column":21}},"84":{"start":{"line":78,"column":28},"end":{"line":78,"column":36}},"85":{"start":{"line":78,"column":43},"end":{"line":78,"column":51}},"86":{"start":{"line":78,"column":58},"end":{"line":78,"column":66}},"87":{"start":{"line":78,"column":73},"end":{"line":78,"column":81}},"88":{"start":{"line":78,"column":88},"end":{"line":78,"column":96}},"89":{"start":{"line":78,"column":103},"end":{"line":78,"column":111}},"90":{"start":{"line":78,"column":118},"end":{"line":78,"column":126}},"91":{"start":{"line":79,"column":12},"end":{"line":79,"column":20}},"92":{"start":{"line":79,"column":26},"end":{"line":79,"column":34}},"93":{"start":{"line":79,"column":40},"end":{"line":79,"column":48}},"94":{"start":{"line":80,"column":12},"end":{"line":80,"column":27}},"95":{"start":{"line":80,"column":33},"end":{"line":80,"column":48}},"96":{"start":{"line":81,"column":13},"end":{"line":81,"column":25}},"97":{"start":{"line":82,"column":13},"end":{"line":82,"column":36}},"98":{"start":{"line":83,"column":13},"end":{"line":83,"column":22}},"99":{"start":{"line":84,"column":13},"end":{"line":84,"column":25}},"100":{"start":{"line":85,"column":13},"end":{"line":85,"column":36}},"101":{"start":{"line":86,"column":13},"end":{"line":86,"column":22}},"102":{"start":{"line":87,"column":13},"end":{"line":87,"column":25}},"103":{"start":{"line":88,"column":13},"end":{"line":88,"column":36}},"104":{"start":{"line":89,"column":4},"end":{"line":89,"column":50}},"105":{"start":{"line":90,"column":13},"end":{"line":90,"column":22}},"106":{"start":{"line":91,"column":13},"end":{"line":91,"column":25}},"107":{"start":{"line":92,"column":13},"end":{"line":92,"column":46}},"108":{"start":{"line":93,"column":13},"end":{"line":93,"column":22}},"109":{"start":{"line":94,"column":13},"end":{"line":94,"column":34}},"110":{"start":{"line":95,"column":13},"end":{"line":95,"column":59}},"111":{"start":{"line":96,"column":13},"end":{"line":96,"column":22}},"112":{"start":{"line":97,"column":4},"end":{"line":97,"column":58}},"113":{"start":{"line":98,"column":4},"end":{"line":98,"column":59}},"114":{"start":{"line":99,"column":4},"end":{"line":99,"column":59}},"115":{"start":{"line":100,"column":4},"end":{"line":100,"column":61}},"116":{"start":{"line":101,"column":4},"end":{"line":101,"column":56}},"117":{"start":{"line":102,"column":4},"end":{"line":102,"column":34}},"118":{"start":{"line":103,"column":4},"end":{"line":103,"column":38}},"119":{"start":{"line":105,"column":0},"end":{"line":105,"column":30}},"120":{"start":{"line":107,"column":25},"end":{"line":107,"column":77}},"121":{"start":{"line":108,"column":16},"end":{"line":108,"column":35}},"122":{"start":{"line":109,"column":12},"end":{"line":112,"column":22}},"123":{"start":{"line":113,"column":4},"end":{"line":113,"column":25}},"124":{"start":{"line":114,"column":4},"end":{"line":114,"column":17}},"125":{"start":{"line":115,"column":4},"end":{"line":115,"column":13}},"126":{"start":{"line":117,"column":0},"end":{"line":117,"column":46}},"127":{"start":{"line":119,"column":22},"end":{"line":119,"column":36}},"128":{"start":{"line":120,"column":13},"end":{"line":120,"column":43}},"129":{"start":{"line":121,"column":13},"end":{"line":121,"column":43}},"130":{"start":{"line":122,"column":4},"end":{"line":122,"column":19}},"131":{"start":{"line":124,"column":0},"end":{"line":124,"column":56}},"132":{"start":{"line":126,"column":19},"end":{"line":126,"column":21}},"133":{"start":{"line":127,"column":4},"end":{"line":130,"column":5}},"134":{"start":{"line":127,"column":18},"end":{"line":127,"column":19}},"135":{"start":{"line":127,"column":32},"end":{"line":127,"column":38}},"136":{"start":{"line":128,"column":20},"end":{"line":128,"column":32}},"137":{"start":{"line":129,"column":8},"end":{"line":129,"column":50}},"138":{"start":{"line":131,"column":4},"end":{"line":131,"column":20}},"139":{"start":{"line":133,"column":0},"end":{"line":133,"column":64}}},"fnMap":{"0":{"name":"(anonymous_0)","decl":{"start":{"line":8,"column":12},"end":{"line":8,"column":13}},"loc":{"start":{"line":8,"column":36},"end":{"line":8,"column":70}},"line":8},"1":{"name":"(anonymous_1)","decl":{"start":{"line":9,"column":12},"end":{"line":9,"column":13}},"loc":{"start":{"line":9,"column":36},"end":{"line":9,"column":70}},"line":9},"2":{"name":"(anonymous_2)","decl":{"start":{"line":10,"column":12},"end":{"line":10,"column":13}},"loc":{"start":{"line":10,"column":36},"end":{"line":10,"column":70}},"line":10},"3":{"name":"(anonymous_3)","decl":{"start":{"line":11,"column":12},"end":{"line":11,"column":13}},"loc":{"start":{"line":11,"column":28},"end":{"line":11,"column":48}},"line":11},"4":{"name":"(anonymous_4)","decl":{"start":{"line":12,"column":12},"end":{"line":12,"column":13}},"loc":{"start":{"line":12,"column":28},"end":{"line":12,"column":48}},"line":12},"5":{"name":"(anonymous_5)","decl":{"start":{"line":13,"column":12},"end":{"line":13,"column":13}},"loc":{"start":{"line":13,"column":28},"end":{"line":13,"column":54}},"line":13},"6":{"name":"generateYesProof","decl":{"start":{"line":14,"column":9},"end":{"line":14,"column":25}},"loc":{"start":{"line":14,"column":53},"end":{"line":43,"column":1}},"line":14},"7":{"name":"generateNoProof","decl":{"start":{"line":45,"column":9},"end":{"line":45,"column":24}},"loc":{"start":{"line":45,"column":52},"end":{"line":75,"column":1}},"line":45},"8":{"name":"verifyZKP","decl":{"start":{"line":77,"column":9},"end":{"line":77,"column":18}},"loc":{"start":{"line":77,"column":53},"end":{"line":104,"column":1}},"line":77},"9":{"name":"generateChallenge","decl":{"start":{"line":106,"column":9},"end":{"line":106,"column":26}},"loc":{"start":{"line":106,"column":58},"end":{"line":116,"column":1}},"line":106},"10":{"name":"convertECPointToString","decl":{"start":{"line":118,"column":9},"end":{"line":118,"column":31}},"loc":{"start":{"line":118,"column":39},"end":{"line":123,"column":1}},"line":118},"11":{"name":"convertAllECPointsToString","decl":{"start":{"line":125,"column":9},"end":{"line":125,"column":35}},"loc":{"start":{"line":125,"column":44},"end":{"line":132,"column":1}},"line":125}},"branchMap":{"0":{"loc":{"start":{"line":17,"column":4},"end":{"line":19,"column":5}},"type":"if","locations":[{"start":{"line":17,"column":4},"end":{"line":19,"column":5}},{"start":{"line":17,"column":4},"end":{"line":19,"column":5}}],"line":17},"1":{"loc":{"start":{"line":17,"column":8},"end":{"line":17,"column":37}},"type":"binary-expr","locations":[{"start":{"line":17,"column":8},"end":{"line":17,"column":23}},{"start":{"line":17,"column":27},"end":{"line":17,"column":37}}],"line":17},"2":{"loc":{"start":{"line":31,"column":4},"end":{"line":31,"column":86}},"type":"binary-expr","locations":[{"start":{"line":31,"column":4},"end":{"line":31,"column":16}},{"start":{"line":31,"column":20},"end":{"line":31,"column":86}}],"line":31},"3":{"loc":{"start":{"line":32,"column":4},"end":{"line":32,"column":86}},"type":"binary-expr","locations":[{"start":{"line":32,"column":4},"end":{"line":32,"column":16}},{"start":{"line":32,"column":20},"end":{"line":32,"column":86}}],"line":32},"4":{"loc":{"start":{"line":33,"column":4},"end":{"line":33,"column":86}},"type":"binary-expr","locations":[{"start":{"line":33,"column":4},"end":{"line":33,"column":16}},{"start":{"line":33,"column":20},"end":{"line":33,"column":86}}],"line":33},"5":{"loc":{"start":{"line":34,"column":4},"end":{"line":34,"column":86}},"type":"binary-expr","locations":[{"start":{"line":34,"column":4},"end":{"line":34,"column":16}},{"start":{"line":34,"column":20},"end":{"line":34,"column":86}}],"line":34},"6":{"loc":{"start":{"line":35,"column":4},"end":{"line":35,"column":65}},"type":"binary-expr","locations":[{"start":{"line":35,"column":4},"end":{"line":35,"column":16}},{"start":{"line":35,"column":20},"end":{"line":35,"column":65}}],"line":35},"7":{"loc":{"start":{"line":36,"column":4},"end":{"line":36,"column":65}},"type":"binary-expr","locations":[{"start":{"line":36,"column":4},"end":{"line":36,"column":16}},{"start":{"line":36,"column":20},"end":{"line":36,"column":65}}],"line":36},"8":{"loc":{"start":{"line":37,"column":4},"end":{"line":37,"column":63}},"type":"binary-expr","locations":[{"start":{"line":37,"column":4},"end":{"line":37,"column":16}},{"start":{"line":37,"column":20},"end":{"line":37,"column":63}}],"line":37},"9":{"loc":{"start":{"line":38,"column":4},"end":{"line":38,"column":63}},"type":"binary-expr","locations":[{"start":{"line":38,"column":4},"end":{"line":38,"column":16}},{"start":{"line":38,"column":20},"end":{"line":38,"column":63}}],"line":38},"10":{"loc":{"start":{"line":39,"column":4},"end":{"line":39,"column":84}},"type":"binary-expr","locations":[{"start":{"line":39,"column":4},"end":{"line":39,"column":16}},{"start":{"line":39,"column":20},"end":{"line":39,"column":84}}],"line":39},"11":{"loc":{"start":{"line":40,"column":4},"end":{"line":40,"column":74}},"type":"binary-expr","locations":[{"start":{"line":40,"column":4},"end":{"line":40,"column":16}},{"start":{"line":40,"column":20},"end":{"line":40,"column":74}}],"line":40},"12":{"loc":{"start":{"line":41,"column":4},"end":{"line":41,"column":33}},"type":"binary-expr","locations":[{"start":{"line":41,"column":4},"end":{"line":41,"column":16}},{"start":{"line":41,"column":20},"end":{"line":41,"column":33}}],"line":41},"13":{"loc":{"start":{"line":48,"column":4},"end":{"line":50,"column":5}},"type":"if","locations":[{"start":{"line":48,"column":4},"end":{"line":50,"column":5}},{"start":{"line":48,"column":4},"end":{"line":50,"column":5}}],"line":48},"14":{"loc":{"start":{"line":48,"column":8},"end":{"line":48,"column":37}},"type":"binary-expr","locations":[{"start":{"line":48,"column":8},"end":{"line":48,"column":23}},{"start":{"line":48,"column":27},"end":{"line":48,"column":37}}],"line":48},"15":{"loc":{"start":{"line":63,"column":4},"end":{"line":63,"column":86}},"type":"binary-expr","locations":[{"start":{"line":63,"column":4},"end":{"line":63,"column":16}},{"start":{"line":63,"column":20},"end":{"line":63,"column":86}}],"line":63},"16":{"loc":{"start":{"line":64,"column":4},"end":{"line":64,"column":86}},"type":"binary-expr","locations":[{"start":{"line":64,"column":4},"end":{"line":64,"column":16}},{"start":{"line":64,"column":20},"end":{"line":64,"column":86}}],"line":64},"17":{"loc":{"start":{"line":65,"column":4},"end":{"line":65,"column":86}},"type":"binary-expr","locations":[{"start":{"line":65,"column":4},"end":{"line":65,"column":16}},{"start":{"line":65,"column":20},"end":{"line":65,"column":86}}],"line":65},"18":{"loc":{"start":{"line":66,"column":4},"end":{"line":66,"column":86}},"type":"binary-expr","locations":[{"start":{"line":66,"column":4},"end":{"line":66,"column":16}},{"start":{"line":66,"column":20},"end":{"line":66,"column":86}}],"line":66},"19":{"loc":{"start":{"line":67,"column":4},"end":{"line":67,"column":65}},"type":"binary-expr","locations":[{"start":{"line":67,"column":4},"end":{"line":67,"column":16}},{"start":{"line":67,"column":20},"end":{"line":67,"column":65}}],"line":67},"20":{"loc":{"start":{"line":68,"column":4},"end":{"line":68,"column":65}},"type":"binary-expr","locations":[{"start":{"line":68,"column":4},"end":{"line":68,"column":16}},{"start":{"line":68,"column":20},"end":{"line":68,"column":65}}],"line":68},"21":{"loc":{"start":{"line":69,"column":4},"end":{"line":69,"column":63}},"type":"binary-expr","locations":[{"start":{"line":69,"column":4},"end":{"line":69,"column":16}},{"start":{"line":69,"column":20},"end":{"line":69,"column":63}}],"line":69},"22":{"loc":{"start":{"line":70,"column":4},"end":{"line":70,"column":63}},"type":"binary-expr","locations":[{"start":{"line":70,"column":4},"end":{"line":70,"column":16}},{"start":{"line":70,"column":20},"end":{"line":70,"column":63}}],"line":70},"23":{"loc":{"start":{"line":71,"column":4},"end":{"line":71,"column":84}},"type":"binary-expr","locations":[{"start":{"line":71,"column":4},"end":{"line":71,"column":16}},{"start":{"line":71,"column":20},"end":{"line":71,"column":84}}],"line":71},"24":{"loc":{"start":{"line":72,"column":4},"end":{"line":72,"column":74}},"type":"binary-expr","locations":[{"start":{"line":72,"column":4},"end":{"line":72,"column":16}},{"start":{"line":72,"column":20},"end":{"line":72,"column":74}}],"line":72},"25":{"loc":{"start":{"line":73,"column":4},"end":{"line":73,"column":33}},"type":"binary-expr","locations":[{"start":{"line":73,"column":4},"end":{"line":73,"column":16}},{"start":{"line":73,"column":20},"end":{"line":73,"column":33}}],"line":73},"26":{"loc":{"start":{"line":97,"column":4},"end":{"line":97,"column":57}},"type":"binary-expr","locations":[{"start":{"line":97,"column":4},"end":{"line":97,"column":16}},{"start":{"line":97,"column":20},"end":{"line":97,"column":57}}],"line":97},"27":{"loc":{"start":{"line":98,"column":4},"end":{"line":98,"column":58}},"type":"binary-expr","locations":[{"start":{"line":98,"column":4},"end":{"line":98,"column":16}},{"start":{"line":98,"column":20},"end":{"line":98,"column":58}}],"line":98},"28":{"loc":{"start":{"line":99,"column":4},"end":{"line":99,"column":58}},"type":"binary-expr","locations":[{"start":{"line":99,"column":4},"end":{"line":99,"column":16}},{"start":{"line":99,"column":20},"end":{"line":99,"column":58}}],"line":99},"29":{"loc":{"start":{"line":100,"column":4},"end":{"line":100,"column":60}},"type":"binary-expr","locations":[{"start":{"line":100,"column":4},"end":{"line":100,"column":16}},{"start":{"line":100,"column":20},"end":{"line":100,"column":60}}],"line":100},"30":{"loc":{"start":{"line":101,"column":4},"end":{"line":101,"column":55}},"type":"binary-expr","locations":[{"start":{"line":101,"column":4},"end":{"line":101,"column":16}},{"start":{"line":101,"column":20},"end":{"line":101,"column":55}}],"line":101},"31":{"loc":{"start":{"line":102,"column":4},"end":{"line":102,"column":33}},"type":"binary-expr","locations":[{"start":{"line":102,"column":4},"end":{"line":102,"column":16}},{"start":{"line":102,"column":20},"end":{"line":102,"column":33}}],"line":102},"32":{"loc":{"start":{"line":103,"column":11},"end":{"line":103,"column":37}},"type":"binary-expr","locations":[{"start":{"line":103,"column":11},"end":{"line":103,"column":13}},{"start":{"line":103,"column":17},"end":{"line":103,"column":19}},{"start":{"line":103,"column":23},"end":{"line":103,"column":25}},{"start":{"line":103,"column":29},"end":{"line":103,"column":31}},{"start":{"line":103,"column":35},"end":{"line":103,"column":37}}],"line":103}},"s":{"0":0,"1":0,"2":0,"3":0,"4":0,"5":0,"6":0,"7":0,"8":0,"9":0,"10":0,"11":0,"12":0,"13":0,"14":0,"15":0,"16":0,"17":0,"18":0,"19":0,"20":0,"21":0,"22":0,"23":0,"24":0,"25":0,"26":0,"27":0,"28":0,"29":0,"30":0,"31":0,"32":0,"33":0,"34":0,"35":0,"36":0,"37":0,"38":0,"39":0,"40":0,"41":0,"42":0,"43":0,"44":0,"45":0,"46":0,"47":0,"48":0,"49":0,"50":0,"51":0,"52":0,"53":0,"54":0,"55":0,"56":0,"57":0,"58":0,"59":0,"60":0,"61":0,"62":0,"63":0,"64":0,"65":0,"66":0,"67":0,"68":0,"69":0,"70":0,"71":0,"72":0,"73":0,"74":0,"75":0,"76":0,"77":0,"78":0,"79":0,"80":0,"81":0,"82":0,"83":0,"84":0,"85":0,"86":0,"87":0,"88":0,"89":0,"90":0,"91":0,"92":0,"93":0,"94":0,"95":0,"96":0,"97":0,"98":0,"99":0,"100":0,"101":0,"102":0,"103":0,"104":0,"105":0,"106":0,"107":0,"108":0,"109":0,"110":0,"111":0,"112":0,"113":0,"114":0,"115":0,"116":0,"117":0,"118":0,"119":0,"120":0,"121":0,"122":0,"123":0,"124":0,"125":0,"126":0,"127":0,"128":0,"129":0,"130":0,"131":0,"132":0,"133":0,"134":0,"135":0,"136":0,"137":0,"138":0,"139":0},"f":{"0":0,"1":0,"2":0,"3":0,"4":0,"5":0,"6":0,"7":0,"8":0,"9":0,"10":0,"11":0},"b":{"0":[0,0],"1":[0,0],"2":[0,0],"3":[0,0],"4":[0,0],"5":[0,0],"6":[0,0],"7":[0,0],"8":[0,0],"9":[0,0],"10":[0,0],"11":[0,0],"12":[0,0],"13":[0,0],"14":[0,0],"15":[0,0],"16":[0,0],"17":[0,0],"18":[0,0],"19":[0,0],"20":[0,0],"21":[0,0],"22":[0,0],"23":[0,0],"24":[0,0],"25":[0,0],"26":[0,0],"27":[0,0],"28":[0,0],"29":[0,0],"30":[0,0],"31":[0,0],"32":[0,0,0,0,0]}},"/home/meck/code/master-project-sink/crypto/dist/ec-elgamal/voting.js":{"path":"/home/meck/code/master-project-sink/crypto/dist/ec-elgamal/voting.js","statementMap":{"0":{"start":{"line":2,"column":0},"end":{"line":2,"column":62}},"1":{"start":{"line":3,"column":19},"end":{"line":3,"column":42}},"2":{"start":{"line":4,"column":9},"end":{"line":4,"column":22}},"3":{"start":{"line":5,"column":9},"end":{"line":5,"column":22}},"4":{"start":{"line":6,"column":9},"end":{"line":6,"column":31}},"5":{"start":{"line":7,"column":16},"end":{"line":7,"column":35}},"6":{"start":{"line":8,"column":20},"end":{"line":8,"column":37}},"7":{"start":{"line":9,"column":20},"end":{"line":9,"column":58}},"8":{"start":{"line":10,"column":0},"end":{"line":19,"column":2}},"9":{"start":{"line":12,"column":4},"end":{"line":17,"column":5}},"10":{"start":{"line":13,"column":8},"end":{"line":13,"column":59}},"11":{"start":{"line":16,"column":8},"end":{"line":16,"column":23}},"12":{"start":{"line":18,"column":4},"end":{"line":18,"column":58}},"13":{"start":{"line":20,"column":0},"end":{"line":29,"column":2}},"14":{"start":{"line":22,"column":4},"end":{"line":27,"column":5}},"15":{"start":{"line":23,"column":8},"end":{"line":23,"column":59}},"16":{"start":{"line":26,"column":8},"end":{"line":26,"column":23}},"17":{"start":{"line":28,"column":4},"end":{"line":28,"column":64}},"18":{"start":{"line":30,"column":0},"end":{"line":39,"column":2}},"19":{"start":{"line":32,"column":4},"end":{"line":37,"column":5}},"20":{"start":{"line":33,"column":8},"end":{"line":33,"column":59}},"21":{"start":{"line":36,"column":8},"end":{"line":36,"column":23}},"22":{"start":{"line":38,"column":4},"end":{"line":38,"column":161}},"23":{"start":{"line":38,"column":55},"end":{"line":38,"column":109}},"24":{"start":{"line":40,"column":0},"end":{"line":50,"column":2}},"25":{"start":{"line":41,"column":24},"end":{"line":41,"column":37}},"26":{"start":{"line":42,"column":24},"end":{"line":42,"column":43}},"27":{"start":{"line":43,"column":18},"end":{"line":43,"column":19}},"28":{"start":{"line":44,"column":4},"end":{"line":48,"column":5}},"29":{"start":{"line":45,"column":8},"end":{"line":45,"column":57}},"30":{"start":{"line":46,"column":8},"end":{"line":46,"column":63}},"31":{"start":{"line":47,"column":8},"end":{"line":47,"column":21}},"32":{"start":{"line":49,"column":4},"end":{"line":49,"column":56}},"33":{"start":{"line":51,"column":0},"end":{"line":55,"column":2}},"34":{"start":{"line":52,"column":20},"end":{"line":52,"column":58}},"35":{"start":{"line":53,"column":14},"end":{"line":53,"column":74}},"36":{"start":{"line":54,"column":4},"end":{"line":54,"column":62}},"37":{"start":{"line":56,"column":0},"end":{"line":58,"column":2}},"38":{"start":{"line":57,"column":4},"end":{"line":57,"column":80}},"39":{"start":{"line":59,"column":0},"end":{"line":77,"column":2}},"40":{"start":{"line":60,"column":14},"end":{"line":60,"column":15}},"41":{"start":{"line":61,"column":13},"end":{"line":61,"column":14}},"42":{"start":{"line":62,"column":4},"end":{"line":75,"column":5}},"43":{"start":{"line":63,"column":8},"end":{"line":63,"column":24}},"44":{"start":{"line":64,"column":8},"end":{"line":64,"column":23}},"45":{"start":{"line":66,"column":9},"end":{"line":75,"column":5}},"46":{"start":{"line":67,"column":19},"end":{"line":67,"column":44}},"47":{"start":{"line":68,"column":8},"end":{"line":68,"column":37}},"48":{"start":{"line":69,"column":8},"end":{"line":69,"column":25}},"49":{"start":{"line":71,"column":9},"end":{"line":75,"column":5}},"50":{"start":{"line":72,"column":19},"end":{"line":72,"column":44}},"51":{"start":{"line":73,"column":8},"end":{"line":73,"column":33}},"52":{"start":{"line":74,"column":8},"end":{"line":74,"column":25}},"53":{"start":{"line":76,"column":4},"end":{"line":76,"column":46}},"54":{"start":{"line":79,"column":18},"end":{"line":79,"column":38}},"55":{"start":{"line":80,"column":4},"end":{"line":80,"column":67}},"56":{"start":{"line":82,"column":0},"end":{"line":82,"column":44}},"57":{"start":{"line":83,"column":0},"end":{"line":86,"column":2}},"58":{"start":{"line":84,"column":18},"end":{"line":84,"column":38}},"59":{"start":{"line":85,"column":4},"end":{"line":85,"column":66}},"60":{"start":{"line":87,"column":0},"end":{"line":90,"column":2}},"61":{"start":{"line":88,"column":18},"end":{"line":88,"column":38}},"62":{"start":{"line":89,"column":4},"end":{"line":89,"column":70}},"63":{"start":{"line":91,"column":0},"end":{"line":94,"column":2}},"64":{"start":{"line":92,"column":18},"end":{"line":92,"column":38}},"65":{"start":{"line":93,"column":4},"end":{"line":93,"column":67}},"66":{"start":{"line":95,"column":0},"end":{"line":99,"column":2}},"67":{"start":{"line":96,"column":18},"end":{"line":96,"column":38}},"68":{"start":{"line":97,"column":20},"end":{"line":97,"column":58}},"69":{"start":{"line":98,"column":4},"end":{"line":98,"column":81}},"70":{"start":{"line":100,"column":19},"end":{"line":107,"column":1}},"71":{"start":{"line":101,"column":4},"end":{"line":106,"column":6}}},"fnMap":{"0":{"name":"(anonymous_0)","decl":{"start":{"line":10,"column":26},"end":{"line":10,"column":27}},"loc":{"start":{"line":10,"column":40},"end":{"line":19,"column":1}},"line":10},"1":{"name":"(anonymous_1)","decl":{"start":{"line":20,"column":25},"end":{"line":20,"column":26}},"loc":{"start":{"line":20,"column":39},"end":{"line":29,"column":1}},"line":20},"2":{"name":"(anonymous_2)","decl":{"start":{"line":30,"column":19},"end":{"line":30,"column":20}},"loc":{"start":{"line":30,"column":40},"end":{"line":39,"column":1}},"line":30},"3":{"name":"(anonymous_3)","decl":{"start":{"line":38,"column":24},"end":{"line":38,"column":25}},"loc":{"start":{"line":38,"column":53},"end":{"line":38,"column":111}},"line":38},"4":{"name":"(anonymous_4)","decl":{"start":{"line":40,"column":20},"end":{"line":40,"column":21}},"loc":{"start":{"line":40,"column":37},"end":{"line":50,"column":1}},"line":40},"5":{"name":"(anonymous_5)","decl":{"start":{"line":51,"column":21},"end":{"line":51,"column":22}},"loc":{"start":{"line":51,"column":46},"end":{"line":55,"column":1}},"line":51},"6":{"name":"(anonymous_6)","decl":{"start":{"line":56,"column":27},"end":{"line":56,"column":28}},"loc":{"start":{"line":56,"column":51},"end":{"line":58,"column":1}},"line":56},"7":{"name":"(anonymous_7)","decl":{"start":{"line":59,"column":21},"end":{"line":59,"column":22}},"loc":{"start":{"line":59,"column":51},"end":{"line":77,"column":1}},"line":59},"8":{"name":"generateYesProof","decl":{"start":{"line":78,"column":9},"end":{"line":78,"column":25}},"loc":{"start":{"line":78,"column":53},"end":{"line":81,"column":1}},"line":78},"9":{"name":"(anonymous_9)","decl":{"start":{"line":83,"column":26},"end":{"line":83,"column":27}},"loc":{"start":{"line":83,"column":63},"end":{"line":86,"column":1}},"line":83},"10":{"name":"(anonymous_10)","decl":{"start":{"line":87,"column":27},"end":{"line":87,"column":28}},"loc":{"start":{"line":87,"column":68},"end":{"line":90,"column":1}},"line":87},"11":{"name":"(anonymous_11)","decl":{"start":{"line":91,"column":20},"end":{"line":91,"column":21}},"loc":{"start":{"line":91,"column":64},"end":{"line":94,"column":1}},"line":91},"12":{"name":"(anonymous_12)","decl":{"start":{"line":95,"column":25},"end":{"line":95,"column":26}},"loc":{"start":{"line":95,"column":72},"end":{"line":99,"column":1}},"line":95},"13":{"name":"(anonymous_13)","decl":{"start":{"line":100,"column":19},"end":{"line":100,"column":20}},"loc":{"start":{"line":100,"column":37},"end":{"line":107,"column":1}},"line":100}},"branchMap":{"0":{"loc":{"start":{"line":12,"column":4},"end":{"line":17,"column":5}},"type":"if","locations":[{"start":{"line":12,"column":4},"end":{"line":17,"column":5}},{"start":{"line":12,"column":4},"end":{"line":17,"column":5}}],"line":12},"1":{"loc":{"start":{"line":12,"column":8},"end":{"line":12,"column":54}},"type":"binary-expr","locations":[{"start":{"line":12,"column":8},"end":{"line":12,"column":30}},{"start":{"line":12,"column":34},"end":{"line":12,"column":54}}],"line":12},"2":{"loc":{"start":{"line":22,"column":4},"end":{"line":27,"column":5}},"type":"if","locations":[{"start":{"line":22,"column":4},"end":{"line":27,"column":5}},{"start":{"line":22,"column":4},"end":{"line":27,"column":5}}],"line":22},"3":{"loc":{"start":{"line":22,"column":8},"end":{"line":22,"column":54}},"type":"binary-expr","locations":[{"start":{"line":22,"column":8},"end":{"line":22,"column":30}},{"start":{"line":22,"column":34},"end":{"line":22,"column":54}}],"line":22},"4":{"loc":{"start":{"line":32,"column":4},"end":{"line":37,"column":5}},"type":"if","locations":[{"start":{"line":32,"column":4},"end":{"line":37,"column":5}},{"start":{"line":32,"column":4},"end":{"line":37,"column":5}}],"line":32},"5":{"loc":{"start":{"line":32,"column":8},"end":{"line":32,"column":54}},"type":"binary-expr","locations":[{"start":{"line":32,"column":8},"end":{"line":32,"column":30}},{"start":{"line":32,"column":34},"end":{"line":32,"column":54}}],"line":32},"6":{"loc":{"start":{"line":44,"column":13},"end":{"line":44,"column":63}},"type":"binary-expr","locations":[{"start":{"line":44,"column":13},"end":{"line":44,"column":36}},{"start":{"line":44,"column":40},"end":{"line":44,"column":63}}],"line":44},"7":{"loc":{"start":{"line":49,"column":11},"end":{"line":49,"column":55}},"type":"cond-expr","locations":[{"start":{"line":49,"column":37},"end":{"line":49,"column":45}},{"start":{"line":49,"column":48},"end":{"line":49,"column":55}}],"line":49},"8":{"loc":{"start":{"line":54,"column":11},"end":{"line":54,"column":61}},"type":"cond-expr","locations":[{"start":{"line":54,"column":35},"end":{"line":54,"column":36}},{"start":{"line":54,"column":39},"end":{"line":54,"column":61}}],"line":54},"9":{"loc":{"start":{"line":57,"column":11},"end":{"line":57,"column":79}},"type":"cond-expr","locations":[{"start":{"line":57,"column":44},"end":{"line":57,"column":45}},{"start":{"line":57,"column":48},"end":{"line":57,"column":79}}],"line":57},"10":{"loc":{"start":{"line":62,"column":4},"end":{"line":75,"column":5}},"type":"if","locations":[{"start":{"line":62,"column":4},"end":{"line":75,"column":5}},{"start":{"line":62,"column":4},"end":{"line":75,"column":5}}],"line":62},"11":{"loc":{"start":{"line":66,"column":9},"end":{"line":75,"column":5}},"type":"if","locations":[{"start":{"line":66,"column":9},"end":{"line":75,"column":5}},{"start":{"line":66,"column":9},"end":{"line":75,"column":5}}],"line":66},"12":{"loc":{"start":{"line":71,"column":9},"end":{"line":75,"column":5}},"type":"if","locations":[{"start":{"line":71,"column":9},"end":{"line":75,"column":5}},{"start":{"line":71,"column":9},"end":{"line":75,"column":5}}],"line":71}},"s":{"0":0,"1":0,"2":0,"3":0,"4":0,"5":0,"6":0,"7":0,"8":0,"9":0,"10":0,"11":0,"12":0,"13":0,"14":0,"15":0,"16":0,"17":0,"18":0,"19":0,"20":0,"21":0,"22":0,"23":0,"24":0,"25":0,"26":0,"27":0,"28":0,"29":0,"30":0,"31":0,"32":0,"33":0,"34":0,"35":0,"36":0,"37":0,"38":0,"39":0,"40":0,"41":0,"42":0,"43":0,"44":0,"45":0,"46":0,"47":0,"48":0,"49":0,"50":0,"51":0,"52":0,"53":0,"54":0,"55":0,"56":0,"57":0,"58":0,"59":0,"60":0,"61":0,"62":0,"63":0,"64":0,"65":0,"66":0,"67":0,"68":0,"69":0,"70":0,"71":0},"f":{"0":0,"1":0,"2":0,"3":0,"4":0,"5":0,"6":0,"7":0,"8":0,"9":0,"10":0,"11":0,"12":0,"13":0},"b":{"0":[0,0],"1":[0,0],"2":[0,0],"3":[0,0],"4":[0,0],"5":[0,0],"6":[0,0],"7":[0,0],"8":[0,0],"9":[0,0],"10":[0,0],"11":[0,0],"12":[0,0]}},"/home/meck/code/master-project-sink/crypto/dist/ff-elgamal/encryption.js":{"path":"/home/meck/code/master-project-sink/crypto/dist/ff-elgamal/encryption.js","statementMap":{"0":{"start":{"line":2,"column":0},"end":{"line":2,"column":62}},"1":{"start":{"line":3,"column":15},"end":{"line":3,"column":34}},"2":{"start":{"line":4,"column":0},"end":{"line":12,"column":2}},"3":{"start":{"line":5,"column":12},"end":{"line":5,"column":30}},"4":{"start":{"line":6,"column":12},"end":{"line":6,"column":48}},"5":{"start":{"line":7,"column":12},"end":{"line":7,"column":30}},"6":{"start":{"line":8,"column":13},"end":{"line":8,"column":45}},"7":{"start":{"line":9,"column":12},"end":{"line":9,"column":36}},"8":{"start":{"line":10,"column":13},"end":{"line":10,"column":39}},"9":{"start":{"line":11,"column":4},"end":{"line":11,"column":20}},"10":{"start":{"line":13,"column":0},"end":{"line":33,"column":2}},"11":{"start":{"line":14,"column":12},"end":{"line":14,"column":30}},"12":{"start":{"line":15,"column":12},"end":{"line":15,"column":48}},"13":{"start":{"line":16,"column":12},"end":{"line":16,"column":30}},"14":{"start":{"line":17,"column":13},"end":{"line":17,"column":45}},"15":{"start":{"line":18,"column":12},"end":{"line":18,"column":36}},"16":{"start":{"line":19,"column":13},"end":{"line":19,"column":39}},"17":{"start":{"line":20,"column":16},"end":{"line":20,"column":42}},"18":{"start":{"line":21,"column":4},"end":{"line":23,"column":5}},"19":{"start":{"line":22,"column":8},"end":{"line":22,"column":128}},"20":{"start":{"line":24,"column":16},"end":{"line":24,"column":42}},"21":{"start":{"line":25,"column":4},"end":{"line":27,"column":5}},"22":{"start":{"line":26,"column":8},"end":{"line":26,"column":128}},"23":{"start":{"line":28,"column":16},"end":{"line":28,"column":27}},"24":{"start":{"line":29,"column":4},"end":{"line":31,"column":5}},"25":{"start":{"line":30,"column":8},"end":{"line":30,"column":97}},"26":{"start":{"line":32,"column":4},"end":{"line":32,"column":20}},"27":{"start":{"line":34,"column":0},"end":{"line":37,"column":2}},"28":{"start":{"line":35,"column":4},"end":{"line":35,"column":54}},"29":{"start":{"line":36,"column":4},"end":{"line":36,"column":41}},"30":{"start":{"line":38,"column":0},"end":{"line":45,"column":2}},"31":{"start":{"line":39,"column":4},"end":{"line":39,"column":58}},"32":{"start":{"line":40,"column":12},"end":{"line":40,"column":29}},"33":{"start":{"line":41,"column":4},"end":{"line":43,"column":5}},"34":{"start":{"line":42,"column":8},"end":{"line":42,"column":37}},"35":{"start":{"line":44,"column":4},"end":{"line":44,"column":13}},"36":{"start":{"line":46,"column":0},"end":{"line":61,"column":2}},"37":{"start":{"line":47,"column":4},"end":{"line":47,"column":40}},"38":{"start":{"line":47,"column":26},"end":{"line":47,"column":38}},"39":{"start":{"line":48,"column":12},"end":{"line":48,"column":75}},"40":{"start":{"line":49,"column":12},"end":{"line":49,"column":47}},"41":{"start":{"line":50,"column":13},"end":{"line":50,"column":42}},"42":{"start":{"line":51,"column":12},"end":{"line":51,"column":41}},"43":{"start":{"line":52,"column":13},"end":{"line":52,"column":41}},"44":{"start":{"line":53,"column":13},"end":{"line":53,"column":40}},"45":{"start":{"line":54,"column":4},"end":{"line":54,"column":46}},"46":{"start":{"line":55,"column":4},"end":{"line":55,"column":36}},"47":{"start":{"line":56,"column":4},"end":{"line":56,"column":37}},"48":{"start":{"line":57,"column":4},"end":{"line":57,"column":38}},"49":{"start":{"line":58,"column":4},"end":{"line":58,"column":36}},"50":{"start":{"line":59,"column":4},"end":{"line":59,"column":51}},"51":{"start":{"line":60,"column":4},"end":{"line":60,"column":34}},"52":{"start":{"line":62,"column":0},"end":{"line":75,"column":2}},"53":{"start":{"line":63,"column":4},"end":{"line":63,"column":40}},"54":{"start":{"line":63,"column":26},"end":{"line":63,"column":38}},"55":{"start":{"line":64,"column":13},"end":{"line":64,"column":25}},"56":{"start":{"line":64,"column":32},"end":{"line":64,"column":44}},"57":{"start":{"line":65,"column":12},"end":{"line":65,"column":40}},"58":{"start":{"line":66,"column":19},"end":{"line":66,"column":43}},"59":{"start":{"line":67,"column":13},"end":{"line":67,"column":47}},"60":{"start":{"line":68,"column":12},"end":{"line":68,"column":41}},"61":{"start":{"line":69,"column":4},"end":{"line":69,"column":35}},"62":{"start":{"line":70,"column":4},"end":{"line":70,"column":45}},"63":{"start":{"line":71,"column":4},"end":{"line":71,"column":37}},"64":{"start":{"line":72,"column":4},"end":{"line":72,"column":44}},"65":{"start":{"line":73,"column":4},"end":{"line":73,"column":51}},"66":{"start":{"line":74,"column":4},"end":{"line":74,"column":13}},"67":{"start":{"line":76,"column":0},"end":{"line":89,"column":2}},"68":{"start":{"line":77,"column":4},"end":{"line":77,"column":40}},"69":{"start":{"line":77,"column":26},"end":{"line":77,"column":38}},"70":{"start":{"line":78,"column":13},"end":{"line":78,"column":25}},"71":{"start":{"line":78,"column":32},"end":{"line":78,"column":44}},"72":{"start":{"line":79,"column":12},"end":{"line":79,"column":40}},"73":{"start":{"line":80,"column":22},"end":{"line":80,"column":74}},"74":{"start":{"line":81,"column":13},"end":{"line":81,"column":50}},"75":{"start":{"line":82,"column":12},"end":{"line":82,"column":41}},"76":{"start":{"line":83,"column":4},"end":{"line":83,"column":35}},"77":{"start":{"line":84,"column":4},"end":{"line":84,"column":51}},"78":{"start":{"line":85,"column":4},"end":{"line":85,"column":35}},"79":{"start":{"line":86,"column":4},"end":{"line":86,"column":44}},"80":{"start":{"line":87,"column":4},"end":{"line":87,"column":51}},"81":{"start":{"line":88,"column":4},"end":{"line":88,"column":13}},"82":{"start":{"line":90,"column":0},"end":{"line":95,"column":2}},"83":{"start":{"line":91,"column":4},"end":{"line":94,"column":6}}},"fnMap":{"0":{"name":"(anonymous_0)","decl":{"start":{"line":4,"column":23},"end":{"line":4,"column":24}},"loc":{"start":{"line":4,"column":41},"end":{"line":12,"column":1}},"line":4},"1":{"name":"(anonymous_1)","decl":{"start":{"line":13,"column":26},"end":{"line":13,"column":27}},"loc":{"start":{"line":13,"column":44},"end":{"line":33,"column":1}},"line":13},"2":{"name":"(anonymous_2)","decl":{"start":{"line":34,"column":24},"end":{"line":34,"column":25}},"loc":{"start":{"line":34,"column":41},"end":{"line":37,"column":1}},"line":34},"3":{"name":"(anonymous_3)","decl":{"start":{"line":38,"column":24},"end":{"line":38,"column":25}},"loc":{"start":{"line":38,"column":42},"end":{"line":45,"column":1}},"line":38},"4":{"name":"(anonymous_4)","decl":{"start":{"line":46,"column":18},"end":{"line":46,"column":19}},"loc":{"start":{"line":46,"column":46},"end":{"line":61,"column":1}},"line":46},"5":{"name":"(anonymous_5)","decl":{"start":{"line":62,"column":19},"end":{"line":62,"column":20}},"loc":{"start":{"line":62,"column":54},"end":{"line":75,"column":1}},"line":62},"6":{"name":"(anonymous_6)","decl":{"start":{"line":76,"column":19},"end":{"line":76,"column":20}},"loc":{"start":{"line":76,"column":54},"end":{"line":89,"column":1}},"line":76},"7":{"name":"(anonymous_7)","decl":{"start":{"line":90,"column":14},"end":{"line":90,"column":15}},"loc":{"start":{"line":90,"column":38},"end":{"line":95,"column":1}},"line":90}},"branchMap":{"0":{"loc":{"start":{"line":21,"column":4},"end":{"line":23,"column":5}},"type":"if","locations":[{"start":{"line":21,"column":4},"end":{"line":23,"column":5}},{"start":{"line":21,"column":4},"end":{"line":23,"column":5}}],"line":21},"1":{"loc":{"start":{"line":25,"column":4},"end":{"line":27,"column":5}},"type":"if","locations":[{"start":{"line":25,"column":4},"end":{"line":27,"column":5}},{"start":{"line":25,"column":4},"end":{"line":27,"column":5}}],"line":25},"2":{"loc":{"start":{"line":29,"column":4},"end":{"line":31,"column":5}},"type":"if","locations":[{"start":{"line":29,"column":4},"end":{"line":31,"column":5}},{"start":{"line":29,"column":4},"end":{"line":31,"column":5}}],"line":29},"3":{"loc":{"start":{"line":35,"column":8},"end":{"line":35,"column":53}},"type":"cond-expr","locations":[{"start":{"line":35,"column":32},"end":{"line":35,"column":49}},{"start":{"line":35,"column":52},"end":{"line":35,"column":53}}],"line":35},"4":{"loc":{"start":{"line":39,"column":9},"end":{"line":39,"column":57}},"type":"cond-expr","locations":[{"start":{"line":39,"column":34},"end":{"line":39,"column":52}},{"start":{"line":39,"column":55},"end":{"line":39,"column":57}}],"line":39},"5":{"loc":{"start":{"line":47,"column":4},"end":{"line":47,"column":40}},"type":"if","locations":[{"start":{"line":47,"column":4},"end":{"line":47,"column":40}},{"start":{"line":47,"column":4},"end":{"line":47,"column":40}}],"line":47},"6":{"loc":{"start":{"line":48,"column":12},"end":{"line":48,"column":75}},"type":"cond-expr","locations":[{"start":{"line":48,"column":42},"end":{"line":48,"column":65}},{"start":{"line":48,"column":68},"end":{"line":48,"column":75}}],"line":48},"7":{"loc":{"start":{"line":54,"column":4},"end":{"line":54,"column":45}},"type":"binary-expr","locations":[{"start":{"line":54,"column":4},"end":{"line":54,"column":7}},{"start":{"line":54,"column":11},"end":{"line":54,"column":45}}],"line":54},"8":{"loc":{"start":{"line":55,"column":4},"end":{"line":55,"column":35}},"type":"binary-expr","locations":[{"start":{"line":55,"column":4},"end":{"line":55,"column":7}},{"start":{"line":55,"column":11},"end":{"line":55,"column":35}}],"line":55},"9":{"loc":{"start":{"line":56,"column":4},"end":{"line":56,"column":36}},"type":"binary-expr","locations":[{"start":{"line":56,"column":4},"end":{"line":56,"column":7}},{"start":{"line":56,"column":11},"end":{"line":56,"column":36}}],"line":56},"10":{"loc":{"start":{"line":57,"column":4},"end":{"line":57,"column":37}},"type":"binary-expr","locations":[{"start":{"line":57,"column":4},"end":{"line":57,"column":7}},{"start":{"line":57,"column":11},"end":{"line":57,"column":37}}],"line":57},"11":{"loc":{"start":{"line":58,"column":4},"end":{"line":58,"column":35}},"type":"binary-expr","locations":[{"start":{"line":58,"column":4},"end":{"line":58,"column":7}},{"start":{"line":58,"column":11},"end":{"line":58,"column":35}}],"line":58},"12":{"loc":{"start":{"line":59,"column":4},"end":{"line":59,"column":50}},"type":"binary-expr","locations":[{"start":{"line":59,"column":4},"end":{"line":59,"column":7}},{"start":{"line":59,"column":11},"end":{"line":59,"column":50}}],"line":59},"13":{"loc":{"start":{"line":63,"column":4},"end":{"line":63,"column":40}},"type":"if","locations":[{"start":{"line":63,"column":4},"end":{"line":63,"column":40}},{"start":{"line":63,"column":4},"end":{"line":63,"column":40}}],"line":63},"14":{"loc":{"start":{"line":69,"column":4},"end":{"line":69,"column":34}},"type":"binary-expr","locations":[{"start":{"line":69,"column":4},"end":{"line":69,"column":7}},{"start":{"line":69,"column":11},"end":{"line":69,"column":34}}],"line":69},"15":{"loc":{"start":{"line":70,"column":4},"end":{"line":70,"column":44}},"type":"binary-expr","locations":[{"start":{"line":70,"column":4},"end":{"line":70,"column":7}},{"start":{"line":70,"column":11},"end":{"line":70,"column":44}}],"line":70},"16":{"loc":{"start":{"line":71,"column":4},"end":{"line":71,"column":36}},"type":"binary-expr","locations":[{"start":{"line":71,"column":4},"end":{"line":71,"column":7}},{"start":{"line":71,"column":11},"end":{"line":71,"column":36}}],"line":71},"17":{"loc":{"start":{"line":72,"column":4},"end":{"line":72,"column":43}},"type":"binary-expr","locations":[{"start":{"line":72,"column":4},"end":{"line":72,"column":7}},{"start":{"line":72,"column":11},"end":{"line":72,"column":43}}],"line":72},"18":{"loc":{"start":{"line":73,"column":4},"end":{"line":73,"column":50}},"type":"binary-expr","locations":[{"start":{"line":73,"column":4},"end":{"line":73,"column":7}},{"start":{"line":73,"column":11},"end":{"line":73,"column":50}}],"line":73},"19":{"loc":{"start":{"line":77,"column":4},"end":{"line":77,"column":40}},"type":"if","locations":[{"start":{"line":77,"column":4},"end":{"line":77,"column":40}},{"start":{"line":77,"column":4},"end":{"line":77,"column":40}}],"line":77},"20":{"loc":{"start":{"line":83,"column":4},"end":{"line":83,"column":34}},"type":"binary-expr","locations":[{"start":{"line":83,"column":4},"end":{"line":83,"column":7}},{"start":{"line":83,"column":11},"end":{"line":83,"column":34}}],"line":83},"21":{"loc":{"start":{"line":84,"column":4},"end":{"line":84,"column":50}},"type":"binary-expr","locations":[{"start":{"line":84,"column":4},"end":{"line":84,"column":7}},{"start":{"line":84,"column":11},"end":{"line":84,"column":50}}],"line":84},"22":{"loc":{"start":{"line":85,"column":4},"end":{"line":85,"column":34}},"type":"binary-expr","locations":[{"start":{"line":85,"column":4},"end":{"line":85,"column":7}},{"start":{"line":85,"column":11},"end":{"line":85,"column":34}}],"line":85},"23":{"loc":{"start":{"line":86,"column":4},"end":{"line":86,"column":43}},"type":"binary-expr","locations":[{"start":{"line":86,"column":4},"end":{"line":86,"column":7}},{"start":{"line":86,"column":11},"end":{"line":86,"column":43}}],"line":86},"24":{"loc":{"start":{"line":87,"column":4},"end":{"line":87,"column":50}},"type":"binary-expr","locations":[{"start":{"line":87,"column":4},"end":{"line":87,"column":7}},{"start":{"line":87,"column":11},"end":{"line":87,"column":50}}],"line":87}},"s":{"0":0,"1":0,"2":0,"3":0,"4":0,"5":0,"6":0,"7":0,"8":0,"9":0,"10":0,"11":0,"12":0,"13":0,"14":0,"15":0,"16":0,"17":0,"18":0,"19":0,"20":0,"21":0,"22":0,"23":0,"24":0,"25":0,"26":0,"27":0,"28":0,"29":0,"30":0,"31":0,"32":0,"33":0,"34":0,"35":0,"36":0,"37":0,"38":0,"39":0,"40":0,"41":0,"42":0,"43":0,"44":0,"45":0,"46":0,"47":0,"48":0,"49":0,"50":0,"51":0,"52":0,"53":0,"54":0,"55":0,"56":0,"57":0,"58":0,"59":0,"60":0,"61":0,"62":0,"63":0,"64":0,"65":0,"66":0,"67":0,"68":0,"69":0,"70":0,"71":0,"72":0,"73":0,"74":0,"75":0,"76":0,"77":0,"78":0,"79":0,"80":0,"81":0,"82":0,"83":0},"f":{"0":0,"1":0,"2":0,"3":0,"4":0,"5":0,"6":0,"7":0},"b":{"0":[0,0],"1":[0,0],"2":[0,0],"3":[0,0],"4":[0,0],"5":[0,0],"6":[0,0],"7":[0,0],"8":[0,0],"9":[0,0],"10":[0,0],"11":[0,0],"12":[0,0],"13":[0,0],"14":[0,0],"15":[0,0],"16":[0,0],"17":[0,0],"18":[0,0],"19":[0,0],"20":[0,0],"21":[0,0],"22":[0,0],"23":[0,0],"24":[0,0]}},"/home/meck/code/master-project-sink/crypto/dist/ff-elgamal/helper.js":{"path":"/home/meck/code/master-project-sink/crypto/dist/ff-elgamal/helper.js","statementMap":{"0":{"start":{"line":2,"column":21},"end":{"line":8,"column":1}},"1":{"start":{"line":3,"column":4},"end":{"line":3,"column":88}},"2":{"start":{"line":3,"column":17},"end":{"line":3,"column":18}},"3":{"start":{"line":3,"column":24},"end":{"line":3,"column":25}},"4":{"start":{"line":3,"column":32},"end":{"line":3,"column":48}},"5":{"start":{"line":3,"column":63},"end":{"line":3,"column":88}},"6":{"start":{"line":4,"column":4},"end":{"line":6,"column":24}},"7":{"start":{"line":4,"column":17},"end":{"line":4,"column":25}},"8":{"start":{"line":4,"column":31},"end":{"line":4,"column":32}},"9":{"start":{"line":4,"column":38},"end":{"line":4,"column":39}},"10":{"start":{"line":5,"column":8},"end":{"line":6,"column":24}},"11":{"start":{"line":5,"column":21},"end":{"line":5,"column":33}},"12":{"start":{"line":5,"column":39},"end":{"line":5,"column":40}},"13":{"start":{"line":5,"column":47},"end":{"line":5,"column":55}},"14":{"start":{"line":6,"column":12},"end":{"line":6,"column":24}},"15":{"start":{"line":7,"column":4},"end":{"line":7,"column":13}},"16":{"start":{"line":9,"column":0},"end":{"line":9,"column":62}},"17":{"start":{"line":10,"column":0},"end":{"line":17,"column":2}},"18":{"start":{"line":11,"column":4},"end":{"line":15,"column":5}},"19":{"start":{"line":11,"column":17},"end":{"line":11,"column":18}},"20":{"start":{"line":12,"column":8},"end":{"line":14,"column":9}},"21":{"start":{"line":13,"column":12},"end":{"line":13,"column":25}},"22":{"start":{"line":16,"column":4},"end":{"line":16,"column":16}},"23":{"start":{"line":18,"column":0},"end":{"line":35,"column":2}},"24":{"start":{"line":19,"column":4},"end":{"line":21,"column":5}},"25":{"start":{"line":20,"column":8},"end":{"line":20,"column":18}},"26":{"start":{"line":22,"column":12},"end":{"line":22,"column":14}},"27":{"start":{"line":23,"column":4},"end":{"line":33,"column":5}},"28":{"start":{"line":23,"column":17},"end":{"line":23,"column":18}},"29":{"start":{"line":24,"column":18},"end":{"line":24,"column":19}},"30":{"start":{"line":25,"column":19},"end":{"line":25,"column":24}},"31":{"start":{"line":26,"column":8},"end":{"line":29,"column":9}},"32":{"start":{"line":27,"column":12},"end":{"line":27,"column":34}},"33":{"start":{"line":28,"column":12},"end":{"line":28,"column":21}},"34":{"start":{"line":30,"column":8},"end":{"line":32,"column":9}},"35":{"start":{"line":31,"column":12},"end":{"line":31,"column":22}},"36":{"start":{"line":34,"column":4},"end":{"line":34,"column":13}},"37":{"start":{"line":36,"column":0},"end":{"line":36,"column":70}},"38":{"start":{"line":36,"column":33},"end":{"line":36,"column":67}},"39":{"start":{"line":37,"column":0},"end":{"line":37,"column":81}},"40":{"start":{"line":37,"column":34},"end":{"line":37,"column":78}},"41":{"start":{"line":38,"column":0},"end":{"line":40,"column":2}},"42":{"start":{"line":39,"column":4},"end":{"line":39,"column":92}},"43":{"start":{"line":41,"column":0},"end":{"line":45,"column":2}},"44":{"start":{"line":42,"column":4},"end":{"line":44,"column":11}},"45":{"start":{"line":43,"column":8},"end":{"line":43,"column":107}},"46":{"start":{"line":46,"column":0},"end":{"line":50,"column":2}},"47":{"start":{"line":47,"column":4},"end":{"line":49,"column":11}},"48":{"start":{"line":48,"column":8},"end":{"line":48,"column":93}},"49":{"start":{"line":51,"column":13},"end":{"line":51,"column":30}},"50":{"start":{"line":52,"column":9},"end":{"line":52,"column":25}},"51":{"start":{"line":53,"column":0},"end":{"line":64,"column":2}},"52":{"start":{"line":54,"column":14},"end":{"line":54,"column":27}},"53":{"start":{"line":55,"column":29},"end":{"line":55,"column":39}},"54":{"start":{"line":56,"column":26},"end":{"line":56,"column":27}},"55":{"start":{"line":57,"column":22},"end":{"line":57,"column":57}},"56":{"start":{"line":58,"column":22},"end":{"line":58,"column":41}},"57":{"start":{"line":59,"column":4},"end":{"line":62,"column":5}},"58":{"start":{"line":60,"column":8},"end":{"line":60,"column":58}},"59":{"start":{"line":61,"column":8},"end":{"line":61,"column":49}},"60":{"start":{"line":63,"column":4},"end":{"line":63,"column":23}},"61":{"start":{"line":65,"column":0},"end":{"line":68,"column":2}},"62":{"start":{"line":66,"column":4},"end":{"line":66,"column":39}},"63":{"start":{"line":66,"column":27},"end":{"line":66,"column":37}},"64":{"start":{"line":67,"column":4},"end":{"line":67,"column":29}},"65":{"start":{"line":69,"column":0},"end":{"line":69,"column":75}},"66":{"start":{"line":69,"column":43},"end":{"line":69,"column":72}},"67":{"start":{"line":70,"column":0},"end":{"line":70,"column":75}},"68":{"start":{"line":70,"column":43},"end":{"line":70,"column":72}},"69":{"start":{"line":71,"column":0},"end":{"line":71,"column":75}},"70":{"start":{"line":71,"column":43},"end":{"line":71,"column":72}},"71":{"start":{"line":72,"column":0},"end":{"line":72,"column":67}},"72":{"start":{"line":72,"column":41},"end":{"line":72,"column":64}},"73":{"start":{"line":73,"column":0},"end":{"line":73,"column":107}},"74":{"start":{"line":73,"column":43},"end":{"line":73,"column":104}}},"fnMap":{"0":{"name":"(anonymous_0)","decl":{"start":{"line":2,"column":54},"end":{"line":2,"column":55}},"loc":{"start":{"line":2,"column":66},"end":{"line":8,"column":1}},"line":2},"1":{"name":"(anonymous_1)","decl":{"start":{"line":10,"column":18},"end":{"line":10,"column":19}},"loc":{"start":{"line":10,"column":33},"end":{"line":17,"column":1}},"line":10},"2":{"name":"(anonymous_2)","decl":{"start":{"line":18,"column":28},"end":{"line":18,"column":29}},"loc":{"start":{"line":18,"column":41},"end":{"line":35,"column":1}},"line":18},"3":{"name":"(anonymous_3)","decl":{"start":{"line":36,"column":18},"end":{"line":36,"column":19}},"loc":{"start":{"line":36,"column":31},"end":{"line":36,"column":69}},"line":36},"4":{"name":"(anonymous_4)","decl":{"start":{"line":37,"column":19},"end":{"line":37,"column":20}},"loc":{"start":{"line":37,"column":32},"end":{"line":37,"column":80}},"line":37},"5":{"name":"(anonymous_5)","decl":{"start":{"line":38,"column":19},"end":{"line":38,"column":20}},"loc":{"start":{"line":38,"column":35},"end":{"line":40,"column":1}},"line":38},"6":{"name":"(anonymous_6)","decl":{"start":{"line":41,"column":25},"end":{"line":41,"column":26}},"loc":{"start":{"line":41,"column":43},"end":{"line":45,"column":1}},"line":41},"7":{"name":"(anonymous_7)","decl":{"start":{"line":42,"column":25},"end":{"line":42,"column":26}},"loc":{"start":{"line":42,"column":54},"end":{"line":44,"column":5}},"line":42},"8":{"name":"(anonymous_8)","decl":{"start":{"line":46,"column":25},"end":{"line":46,"column":26}},"loc":{"start":{"line":46,"column":38},"end":{"line":50,"column":1}},"line":46},"9":{"name":"(anonymous_9)","decl":{"start":{"line":47,"column":64},"end":{"line":47,"column":65}},"loc":{"start":{"line":47,"column":93},"end":{"line":49,"column":5}},"line":47},"10":{"name":"(anonymous_10)","decl":{"start":{"line":53,"column":31},"end":{"line":53,"column":32}},"loc":{"start":{"line":53,"column":44},"end":{"line":64,"column":1}},"line":53},"11":{"name":"(anonymous_11)","decl":{"start":{"line":65,"column":16},"end":{"line":65,"column":17}},"loc":{"start":{"line":65,"column":37},"end":{"line":68,"column":1}},"line":65},"12":{"name":"(anonymous_12)","decl":{"start":{"line":69,"column":16},"end":{"line":69,"column":17}},"loc":{"start":{"line":69,"column":41},"end":{"line":69,"column":74}},"line":69},"13":{"name":"(anonymous_13)","decl":{"start":{"line":70,"column":16},"end":{"line":70,"column":17}},"loc":{"start":{"line":70,"column":41},"end":{"line":70,"column":74}},"line":70},"14":{"name":"(anonymous_14)","decl":{"start":{"line":71,"column":16},"end":{"line":71,"column":17}},"loc":{"start":{"line":71,"column":41},"end":{"line":71,"column":74}},"line":71},"15":{"name":"(anonymous_15)","decl":{"start":{"line":72,"column":17},"end":{"line":72,"column":18}},"loc":{"start":{"line":72,"column":39},"end":{"line":72,"column":66}},"line":72},"16":{"name":"(anonymous_16)","decl":{"start":{"line":73,"column":16},"end":{"line":73,"column":17}},"loc":{"start":{"line":73,"column":41},"end":{"line":73,"column":106}},"line":73}},"branchMap":{"0":{"loc":{"start":{"line":2,"column":21},"end":{"line":8,"column":1}},"type":"binary-expr","locations":[{"start":{"line":2,"column":22},"end":{"line":2,"column":26}},{"start":{"line":2,"column":30},"end":{"line":2,"column":49}},{"start":{"line":2,"column":54},"end":{"line":8,"column":1}}],"line":2},"1":{"loc":{"start":{"line":12,"column":8},"end":{"line":14,"column":9}},"type":"if","locations":[{"start":{"line":12,"column":8},"end":{"line":14,"column":9}},{"start":{"line":12,"column":8},"end":{"line":14,"column":9}}],"line":12},"2":{"loc":{"start":{"line":19,"column":4},"end":{"line":21,"column":5}},"type":"if","locations":[{"start":{"line":19,"column":4},"end":{"line":21,"column":5}},{"start":{"line":19,"column":4},"end":{"line":21,"column":5}}],"line":19},"3":{"loc":{"start":{"line":30,"column":8},"end":{"line":32,"column":9}},"type":"if","locations":[{"start":{"line":30,"column":8},"end":{"line":32,"column":9}},{"start":{"line":30,"column":8},"end":{"line":32,"column":9}}],"line":30},"4":{"loc":{"start":{"line":36,"column":41},"end":{"line":36,"column":65}},"type":"cond-expr","locations":[{"start":{"line":36,"column":49},"end":{"line":36,"column":60}},{"start":{"line":36,"column":63},"end":{"line":36,"column":65}}],"line":36},"5":{"loc":{"start":{"line":37,"column":42},"end":{"line":37,"column":76}},"type":"cond-expr","locations":[{"start":{"line":37,"column":50},"end":{"line":37,"column":68}},{"start":{"line":37,"column":71},"end":{"line":37,"column":76}}],"line":37},"6":{"loc":{"start":{"line":39,"column":11},"end":{"line":39,"column":91}},"type":"binary-expr","locations":[{"start":{"line":39,"column":11},"end":{"line":39,"column":18}},{"start":{"line":39,"column":22},"end":{"line":39,"column":46}},{"start":{"line":39,"column":50},"end":{"line":39,"column":91}}],"line":39},"7":{"loc":{"start":{"line":43,"column":15},"end":{"line":43,"column":106}},"type":"cond-expr","locations":[{"start":{"line":43,"column":60},"end":{"line":43,"column":95}},{"start":{"line":43,"column":98},"end":{"line":43,"column":106}}],"line":43},"8":{"loc":{"start":{"line":48,"column":15},"end":{"line":48,"column":92}},"type":"cond-expr","locations":[{"start":{"line":48,"column":46},"end":{"line":48,"column":81}},{"start":{"line":48,"column":84},"end":{"line":48,"column":92}}],"line":48},"9":{"loc":{"start":{"line":59,"column":13},"end":{"line":59,"column":72}},"type":"binary-expr","locations":[{"start":{"line":59,"column":13},"end":{"line":59,"column":48}},{"start":{"line":59,"column":52},"end":{"line":59,"column":72}}],"line":59},"10":{"loc":{"start":{"line":66,"column":4},"end":{"line":66,"column":39}},"type":"if","locations":[{"start":{"line":66,"column":4},"end":{"line":66,"column":39}},{"start":{"line":66,"column":4},"end":{"line":66,"column":39}}],"line":66}},"s":{"0":0,"1":0,"2":0,"3":0,"4":0,"5":0,"6":0,"7":0,"8":0,"9":0,"10":0,"11":0,"12":0,"13":0,"14":0,"15":0,"16":0,"17":0,"18":0,"19":0,"20":0,"21":0,"22":0,"23":0,"24":0,"25":0,"26":0,"27":0,"28":0,"29":0,"30":0,"31":0,"32":0,"33":0,"34":0,"35":0,"36":0,"37":0,"38":0,"39":0,"40":0,"41":0,"42":0,"43":0,"44":0,"45":0,"46":0,"47":0,"48":0,"49":0,"50":0,"51":0,"52":0,"53":0,"54":0,"55":0,"56":0,"57":0,"58":0,"59":0,"60":0,"61":0,"62":0,"63":0,"64":0,"65":0,"66":0,"67":0,"68":0,"69":0,"70":0,"71":0,"72":0,"73":0,"74":0},"f":{"0":0,"1":0,"2":0,"3":0,"4":0,"5":0,"6":0,"7":0,"8":0,"9":0,"10":0,"11":0,"12":0,"13":0,"14":0,"15":0,"16":0},"b":{"0":[0,0,0],"1":[0,0],"2":[0,0],"3":[0,0],"4":[0,0],"5":[0,0],"6":[0,0,0],"7":[0,0],"8":[0,0],"9":[0,0],"10":[0,0]}},"/home/meck/code/master-project-sink/crypto/dist/ff-elgamal/index.d.ts":{"path":"/home/meck/code/master-project-sink/crypto/dist/ff-elgamal/index.d.ts","statementMap":{},"fnMap":{},"branchMap":{},"s":{},"f":{},"b":{}},"/home/meck/code/master-project-sink/crypto/dist/ff-elgamal/index.js":{"path":"/home/meck/code/master-project-sink/crypto/dist/ff-elgamal/index.js","statementMap":{"0":{"start":{"line":2,"column":0},"end":{"line":2,"column":62}},"1":{"start":{"line":3,"column":17},"end":{"line":3,"column":40}},"2":{"start":{"line":4,"column":0},"end":{"line":4,"column":32}},"3":{"start":{"line":5,"column":13},"end":{"line":5,"column":32}},"4":{"start":{"line":6,"column":0},"end":{"line":6,"column":24}},"5":{"start":{"line":7,"column":14},"end":{"line":7,"column":34}},"6":{"start":{"line":8,"column":0},"end":{"line":8,"column":26}},"7":{"start":{"line":9,"column":13},"end":{"line":9,"column":32}},"8":{"start":{"line":10,"column":0},"end":{"line":10,"column":24}},"9":{"start":{"line":11,"column":13},"end":{"line":11,"column":32}},"10":{"start":{"line":12,"column":0},"end":{"line
[...]
umn":32}},"3":{"start":{"line":4,"column":13},"end":{"line":4,"column":28}},"4":{"start":{"line":10,"column":21},"end":{"line":10,"column":26}},"5":{"start":{"line":12,"column":21},"end":{"line":12,"column":49}},"6":{"start":{"line":12,"column":36},"end":{"line":12,"column":49}},"7":{"start":{"line":15,"column":12},"end":{"line":15,"column":65}},"8":{"start":{"line":15,"column":47},"end":{"line":15,"column":65}},"9":{"start":{"line":16,"column":12},"end":{"line":16,"column":65}},"10":{"start":{"line":16,"column":47},"end":{"line":16,"column":65}},"11":{"start":{"line":17,"column":12},"end":{"line":17,"column":65}},"12":{"start":{"line":17,"column":47},"end":{"line":17,"column":65}},"13":{"start":{"line":18,"column":12},"end":{"line":18,"column":80}},"14":{"start":{"line":18,"column":47},"end":{"line":18,"column":80}},"15":{"start":{"line":19,"column":12},"end":{"line":19,"column":65}},"16":{"start":{"line":19,"column":47},"end":{"line":19,"column":65}},"17":{"start":{"line":20,"column":13},"end":{"line":20,"column":52}},"18":{"start":{"line":20,"column":40},"end":{"line":20,"column":52}},"19":{"start":{"line":25,"column":22},"end":{"line":25,"column":28}},"20":{"start":{"line":28,"column":13},"end":{"line":28,"column":39}},"21":{"start":{"line":29,"column":13},"end":{"line":29,"column":39}},"22":{"start":{"line":32,"column":13},"end":{"line":32,"column":55}},"23":{"start":{"line":35,"column":13},"end":{"line":35,"column":55}},"24":{"start":{"line":38,"column":12},"end":{"line":38,"column":38}},"25":{"start":{"line":40,"column":13},"end":{"line":40,"column":29}},"26":{"start":{"line":41,"column":13},"end":{"line":41,"column":29}},"27":{"start":{"line":45,"column":12},"end":{"line":45,"column":67}},"28":{"start":{"line":46,"column":13},"end":{"line":46,"column":42}},"29":{"start":{"line":49,"column":14},"end":{"line":49,"column":33}},"30":{"start":{"line":50,"column":13},"end":{"line":50,"column":28}},"31":{"start":{"line":52,"column":2},"end":{"line":52,"column":56}},"32":{"start":{"line":53,"column":2},"end":{"line":53,"column":56}},"33":{"start":{"line":54,"column":2},"end":{"line":54,"column":56}},"34":{"start":{"line":55,"column":2},"end":{"line":55,"column":56}},"35":{"start":{"line":56,"column":2},"end":{"line":56,"column":54}},"36":{"start":{"line":57,"column":2},"end":{"line":57,"column":56}},"37":{"start":{"line":58,"column":2},"end":{"line":58,"column":56}},"38":{"start":{"line":59,"column":2},"end":{"line":59,"column":52}},"39":{"start":{"line":60,"column":2},"end":{"line":60,"column":77}},"40":{"start":{"line":61,"column":2},"end":{"line":61,"column":65}},"41":{"start":{"line":62,"column":2},"end":{"line":62,"column":31}},"42":{"start":{"line":64,"column":2},"end":{"line":64,"column":43}},"43":{"start":{"line":70,"column":22},"end":{"line":70,"column":28}},"44":{"start":{"line":73,"column":13},"end":{"line":73,"column":39}},"45":{"start":{"line":74,"column":13},"end":{"line":74,"column":39}},"46":{"start":{"line":77,"column":13},"end":{"line":77,"column":29}},"47":{"start":{"line":80,"column":13},"end":{"line":80,"column":55}},"48":{"start":{"line":83,"column":13},"end":{"line":83,"column":56}},"49":{"start":{"line":86,"column":12},"end":{"line":86,"column":38}},"50":{"start":{"line":87,"column":13},"end":{"line":87,"column":29}},"51":{"start":{"line":88,"column":13},"end":{"line":88,"column":29}},"52":{"start":{"line":92,"column":12},"end":{"line":92,"column":67}},"53":{"start":{"line":93,"column":13},"end":{"line":93,"column":42}},"54":{"start":{"line":96,"column":13},"end":{"line":96,"column":44}},"55":{"start":{"line":98,"column":2},"end":{"line":98,"column":56}},"56":{"start":{"line":99,"column":2},"end":{"line":99,"column":56}},"57":{"start":{"line":100,"column":2},"end":{"line":100,"column":56}},"58":{"start":{"line":101,"column":2},"end":{"line":101,"column":56}},"59":{"start":{"line":102,"column":2},"end":{"line":102,"column":54}},"60":{"start":{"line":103,"column":2},"end":{"line":103,"column":56}},"61":{"start":{"line":104,"column":2},"end":{"line":104,"column":56}},"62":{"start":{"line":105,"column":2},"end":{"line":105,"column":52}},"63":{"start":{"line":106,"column":2},"end":{"line":106,"column":77}},"64":{"start":{"line":107,"column":2},"end":{"line":107,"column":65}},"65":{"start":{"line":108,"column":2},"end":{"line":108,"column":31}},"66":{"start":{"line":110,"column":2},"end":{"line":110,"column":43}},"67":{"start":{"line":114,"column":19},"end":{"line":114,"column":25}},"68":{"start":{"line":115,"column":45},"end":{"line":115,"column":50}},"69":{"start":{"line":118,"column":13},"end":{"line":118,"column":30}},"70":{"start":{"line":119,"column":13},"end":{"line":119,"column":40}},"71":{"start":{"line":120,"column":13},"end":{"line":120,"column":22}},"72":{"start":{"line":123,"column":13},"end":{"line":123,"column":30}},"73":{"start":{"line":124,"column":13},"end":{"line":124,"column":40}},"74":{"start":{"line":125,"column":13},"end":{"line":125,"column":22}},"75":{"start":{"line":128,"column":13},"end":{"line":128,"column":30}},"76":{"start":{"line":129,"column":13},"end":{"line":129,"column":40}},"77":{"start":{"line":130,"column":13},"end":{"line":130,"column":22}},"78":{"start":{"line":133,"column":13},"end":{"line":133,"column":30}},"79":{"start":{"line":134,"column":13},"end":{"line":134,"column":55}},"80":{"start":{"line":135,"column":13},"end":{"line":135,"column":22}},"81":{"start":{"line":138,"column":13},"end":{"line":138,"column":33}},"82":{"start":{"line":140,"column":13},"end":{"line":140,"column":68}},"83":{"start":{"line":141,"column":13},"end":{"line":141,"column":22}},"84":{"start":{"line":143,"column":2},"end":{"line":143,"column":55}},"85":{"start":{"line":144,"column":2},"end":{"line":144,"column":54}},"86":{"start":{"line":145,"column":2},"end":{"line":145,"column":56}},"87":{"start":{"line":146,"column":2},"end":{"line":146,"column":58}},"88":{"start":{"line":147,"column":2},"end":{"line":147,"column":53}},"89":{"start":{"line":148,"column":2},"end":{"line":148,"column":31}},"90":{"start":{"line":150,"column":2},"end":{"line":150,"column":35}},"91":{"start":{"line":154,"column":15},"end":{"line":154,"column":17}},"92":{"start":{"line":155,"column":2},"end":{"line":157,"column":3}},"93":{"start":{"line":155,"column":15},"end":{"line":155,"column":16}},"94":{"start":{"line":156,"column":4},"end":{"line":156,"column":33}},"95":{"start":{"line":158,"column":2},"end":{"line":158,"column":15}},"96":{"start":{"line":162,"column":10},"end":{"line":162,"column":65}},"97":{"start":{"line":163,"column":2},"end":{"line":163,"column":24}},"98":{"start":{"line":164,"column":2},"end":{"line":164,"column":14}},"99":{"start":{"line":166,"column":2},"end":{"line":166,"column":10}}},"fnMap":{"0":{"name":"(anonymous_0)","decl":{"start":{"line":12,"column":21},"end":{"line":12,"column":22}},"loc":{"start":{"line":12,"column":36},"end":{"line":12,"column":49}},"line":12},"1":{"name":"(anonymous_1)","decl":{"start":{"line":15,"column":12},"end":{"line":15,"column":13}},"loc":{"start":{"line":15,"column":47},"end":{"line":15,"column":65}},"line":15},"2":{"name":"(anonymous_2)","decl":{"start":{"line":16,"column":12},"end":{"line":16,"column":13}},"loc":{"start":{"line":16,"column":47},"end":{"line":16,"column":65}},"line":16},"3":{"name":"(anonymous_3)","decl":{"start":{"line":17,"column":12},"end":{"line":17,"column":13}},"loc":{"start":{"line":17,"column":47},"end":{"line":17,"column":65}},"line":17},"4":{"name":"(anonymous_4)","decl":{"start":{"line":18,"column":12},"end":{"line":18,"column":13}},"loc":{"start":{"line":18,"column":47},"end":{"line":18,"column":80}},"line":18},"5":{"name":"(anonymous_5)","decl":{"start":{"line":19,"column":12},"end":{"line":19,"column":13}},"loc":{"start":{"line":19,"column":47},"end":{"line":19,"column":65}},"line":19},"6":{"name":"(anonymous_6)","decl":{"start":{"line":20,"column":13},"end":{"line":20,"column":14}},"loc":{"start":{"line":20,"column":40},"end":{"line":20,"column":52}},"line":20},"7":{"name":"generateYesProof","decl":{"start":{"line":23,"column":16},"end":{"line":23,"column":32}},"loc":{"start":{"line":23,"column":98},"end":{"line":65,"column":1}},"line":23},"8":{"name":"generateNoProof","decl":{"start":{"line":68,"column":16},"end":{"line":68,"column":31}},"loc":{"start":{"line":68,"column":97},"end":{"line":111,"column":1}},"line":68},"9":{"name":"verifyVoteProof","decl":{"start":{"line":113,"column":16},"end":{"line":113,"column":31}},"loc":{"start":{"line":113,"column":107},"end":{"line":151,"column":1}},"line":113},"10":{"name":"numbersToString","decl":{"start":{"line":153,"column":16},"end":{"line":153,"column":31}},"loc":{"start":{"line":153,"column":53},"end":{"line":159,"column":1}},"line":153},"11":{"name":"generateChallenge","decl":{"start":{"line":161,"column":16},"end":{"line":161,"column":33}},"loc":{"start":{"line":161,"column":109},"end":{"line":167,"column":1}},"line":161}},"branchMap":{"0":{"loc":{"start":{"line":52,"column":2},"end":{"line":52,"column":56}},"type":"binary-expr","locations":[{"start":{"line":52,"column":2},"end":{"line":52,"column":14}},{"start":{"line":52,"column":18},"end":{"line":52,"column":56}}],"line":52},"1":{"loc":{"start":{"line":53,"column":2},"end":{"line":53,"column":56}},"type":"binary-expr","locations":[{"start":{"line":53,"column":2},"end":{"line":53,"column":14}},{"start":{"line":53,"column":18},"end":{"line":53,"column":56}}],"line":53},"2":{"loc":{"start":{"line":54,"column":2},"end":{"line":54,"column":56}},"type":"binary-expr","locations":[{"start":{"line":54,"column":2},"end":{"line":54,"column":14}},{"start":{"line":54,"column":18},"end":{"line":54,"column":56}}],"line":54},"3":{"loc":{"start":{"line":55,"column":2},"end":{"line":55,"column":56}},"type":"binary-expr","locations":[{"start":{"line":55,"column":2},"end":{"line":55,"column":14}},{"start":{"line":55,"column":18},"end":{"line":55,"column":56}}],"line":55},"4":{"loc":{"start":{"line":56,"column":2},"end":{"line":56,"column":54}},"type":"binary-expr","locations":[{"start":{"line":56,"column":2},"end":{"line":56,"column":14}},{"start":{"line":56,"column":18},"end":{"line":56,"column":54}}],"line":56},"5":{"loc":{"start":{"line":57,"column":2},"end":{"line":57,"column":56}},"type":"binary-expr","locations":[{"start":{"line":57,"column":2},"end":{"line":57,"column":14}},{"start":{"line":57,"column":18},"end":{"line":57,"column":56}}],"line":57},"6":{"loc":{"start":{"line":58,"column":2},"end":{"line":58,"column":56}},"type":"binary-expr","locations":[{"start":{"line":58,"column":2},"end":{"line":58,"column":14}},{"start":{"line":58,"column":18},"end":{"line":58,"column":56}}],"line":58},"7":{"loc":{"start":{"line":59,"column":2},"end":{"line":59,"column":52}},"type":"binary-expr","locations":[{"start":{"line":59,"column":2},"end":{"line":59,"column":14}},{"start":{"line":59,"column":18},"end":{"line":59,"column":52}}],"line":59},"8":{"loc":{"start":{"line":60,"column":2},"end":{"line":60,"column":77}},"type":"binary-expr","locations":[{"start":{"line":60,"column":2},"end":{"line":60,"column":14}},{"start":{"line":60,"column":18},"end":{"line":60,"column":77}}],"line":60},"9":{"loc":{"start":{"line":61,"column":2},"end":{"line":61,"column":65}},"type":"binary-expr","locations":[{"start":{"line":61,"column":2},"end":{"line":61,"column":14}},{"start":{"line":61,"column":18},"end":{"line":61,"column":65}}],"line":61},"10":{"loc":{"start":{"line":62,"column":2},"end":{"line":62,"column":31}},"type":"binary-expr","locations":[{"start":{"line":62,"column":2},"end":{"line":62,"column":14}},{"start":{"line":62,"column":18},"end":{"line":62,"column":31}}],"line":62},"11":{"loc":{"start":{"line":98,"column":2},"end":{"line":98,"column":56}},"type":"binary-expr","locations":[{"start":{"line":98,"column":2},"end":{"line":98,"column":14}},{"start":{"line":98,"column":18},"end":{"line":98,"column":56}}],"line":98},"12":{"loc":{"start":{"line":99,"column":2},"end":{"line":99,"column":56}},"type":"binary-expr","locations":[{"start":{"line":99,"column":2},"end":{"line":99,"column":14}},{"start":{"line":99,"column":18},"end":{"line":99,"column":56}}],"line":99},"13":{"loc":{"start":{"line":100,"column":2},"end":{"line":100,"column":56}},"type":"binary-expr","locations":[{"start":{"line":100,"column":2},"end":{"line":100,"column":14}},{"start":{"line":100,"column":18},"end":{"line":100,"column":56}}],"line":100},"14":{"loc":{"start":{"line":101,"column":2},"end":{"line":101,"column":56}},"type":"binary-expr","locations":[{"start":{"line":101,"column":2},"end":{"line":101,"column":14}},{"start":{"line":101,"column":18},"end":{"line":101,"column":56}}],"line":101},"15":{"loc":{"start":{"line":102,"column":2},"end":{"line":102,"column":54}},"type":"binary-expr","locations":[{"start":{"line":102,"column":2},"end":{"line":102,"column":14}},{"start":{"line":102,"column":18},"end":{"line":102,"column":54}}],"line":102},"16":{"loc":{"start":{"line":103,"column":2},"end":{"line":103,"column":56}},"type":"binary-expr","locations":[{"start":{"line":103,"column":2},"end":{"line":103,"column":14}},{"start":{"line":103,"column":18},"end":{"line":103,"column":56}}],"line":103},"17":{"loc":{"start":{"line":104,"column":2},"end":{"line":104,"column":56}},"type":"binary-expr","locations":[{"start":{"line":104,"column":2},"end":{"line":104,"column":14}},{"start":{"line":104,"column":18},"end":{"line":104,"column":56}}],"line":104},"18":{"loc":{"start":{"line":105,"column":2},"end":{"line":105,"column":52}},"type":"binary-expr","locations":[{"start":{"line":105,"column":2},"end":{"line":105,"column":14}},{"start":{"line":105,"column":18},"end":{"line":105,"column":52}}],"line":105},"19":{"loc":{"start":{"line":106,"column":2},"end":{"line":106,"column":77}},"type":"binary-expr","locations":[{"start":{"line":106,"column":2},"end":{"line":106,"column":14}},{"start":{"line":106,"column":18},"end":{"line":106,"column":77}}],"line":106},"20":{"loc":{"start":{"line":107,"column":2},"end":{"line":107,"column":65}},"type":"binary-expr","locations":[{"start":{"line":107,"column":2},"end":{"line":107,"column":14}},{"start":{"line":107,"column":18},"end":{"line":107,"column":65}}],"line":107},"21":{"loc":{"start":{"line":108,"column":2},"end":{"line":108,"column":31}},"type":"binary-expr","locations":[{"start":{"line":108,"column":2},"end":{"line":108,"column":14}},{"start":{"line":108,"column":18},"end":{"line":108,"column":31}}],"line":108},"22":{"loc":{"start":{"line":143,"column":2},"end":{"line":143,"column":55}},"type":"binary-expr","locations":[{"start":{"line":143,"column":2},"end":{"line":143,"column":14}},{"start":{"line":143,"column":18},"end":{"line":143,"column":55}}],"line":143},"23":{"loc":{"start":{"line":144,"column":2},"end":{"line":144,"column":54}},"type":"binary-expr","locations":[{"start":{"line":144,"column":2},"end":{"line":144,"column":14}},{"start":{"line":144,"column":18},"end":{"line":144,"column":54}}],"line":144},"24":{"loc":{"start":{"line":145,"column":2},"end":{"line":145,"column":56}},"type":"binary-expr","locations":[{"start":{"line":145,"column":2},"end":{"line":145,"column":14}},{"start":{"line":145,"column":18},"end":{"line":145,"column":56}}],"line":145},"25":{"loc":{"start":{"line":146,"column":2},"end":{"line":146,"column":58}},"type":"binary-expr","locations":[{"start":{"line":146,"column":2},"end":{"line":146,"column":14}},{"start":{"line":146,"column":18},"end":{"line":146,"column":58}}],"line":146},"26":{"loc":{"start":{"line":147,"column":2},"end":{"line":147,"column":53}},"type":"binary-expr","locations":[{"start":{"line":147,"column":2},"end":{"line":147,"column":14}},{"start":{"line":147,"column":18},"end":{"line":147,"column":53}}],"line":147},"27":{"loc":{"start":{"line":148,"column":2},"end":{"line":148,"column":31}},"type":"binary-expr","locations":[{"start":{"line":148,"column":2},"end":{"line":148,"column":14}},{"start":{"line":148,"column":18},"end":{"line":148,"column":31}}],"line":148},"28":{"loc":{"start":{"line":150,"column":9},"end":{"line":150,"column":35}},"type":"binary-expr","locations":[{"start":{"line":150,"column":9},"end":{"line":150,"column":11}},{"start":{"line":150,"column":15},"end":{"line":150,"column":17}},{"start":{"line":150,"column":21},"end":{"line":150,"column":23}},{"start":{"line":150,"column":27},"end":{"line":150,"column":29}},{"start":{"line":150,"column":33},"end":{"line":150,"column":35}}],"line":150}},"s":{"0":0,"1":0,"2":0,"3":0,"4":0,"5":0,"6":0,"7":0,"8":0,"9":0,"10":0,"11":0,"12":0,"13":0,"14":0,"15":0,"16":0,"17":0,"18":0,"19":0,"20":0,"21":0,"22":0,"23":0,"24":0,"25":0,"26":0,"27":0,"28":0,"29":0,"30":0,"31":0,"32":0,"33":0,"34":0,"35":0,"36":0,"37":0,"38":0,"39":0,"40":0,"41":0,"42":0,"43":0,"44":0,"45":0,"46":0,"47":0,"48":0,"49":0,"50":0,"51":0,"52":0,"53":0,"54":0,"55":0,"56":0,"57":0,"58":0,"59":0,"60":0,"61":0,"62":0,"63":0,"64":0,"65":0,"66":0,"67":0,"68":0,"69":0,"70":0,"71":0,"72":0,"73":0,"74":0,"75":0,"76":0,"77":0,"78":0,"79":0,"80":0,"81":0,"82":0,"83":0,"84":0,"85":0,"86":0,"87":0,"88":0,"89":0,"90":0,"91":0,"92":0,"93":0,"94":0,"95":0,"96":0,"97":0,"98":0,"99":0},"f":{"0":0,"1":0,"2":0,"3":0,"4":0,"5":0,"6":0,"7":0,"8":0,"9":0,"10":0,"11":0},"b":{"0":[0,0],"1":[0,0],"2":[0,0],"3":[0,0],"4":[0,0],"5":[0,0],"6":[0,0],"7":[0,0],"8":[0,0],"9":[0,0],"10":[0,0],"11":[0,0],"12":[0,0],"13":[0,0],"14":[0,0],"15":[0,0],"16":[0,0],"17":[0,0],"18":[0,0],"19":[0,0],"20":[0,0],"21":[0,0],"22":[0,0],"23":[0,0],"24":[0,0],"25":[0,0],"26":[0,0],"27":[0,0],"28":[0,0,0,0,0]}},"/home/meck/code/master-project-sink/crypto/src/ff-elgamal/voting.ts":{"path":"/home/meck/code/master-project-sink/crypto/src/ff-elgamal/voting.ts","statementMap":{"0":{"start":{"line":5,"column":31},"end":{"line":7,"column":1}},"1":{"start":{"line":6,"column":2},"end":{"line":6,"column":23}},"2":{"start":{"line":9,"column":30},"end":{"line":11,"column":1}},"3":{"start":{"line":10,"column":2},"end":{"line":10,"column":23}},"4":{"start":{"line":13,"column":24},"end":{"line":15,"column":1}},"5":{"start":{"line":14,"column":2},"end":{"line":14,"column":92}},"6":{"start":{"line":14,"column":45},"end":{"line":14,"column":71}},"7":{"start":{"line":17,"column":26},"end":{"line":19,"column":1}},"8":{"start":{"line":18,"column":2},"end":{"line":18,"column":57}},"9":{"start":{"line":21,"column":26},"end":{"line":25,"column":1}},"10":{"start":{"line":22,"column":12},"end":{"line":22,"column":27}},"11":{"start":{"line":23,"column":11},"end":{"line":23,"column":22}},"12":{"start":{"line":24,"column":2},"end":{"line":24,"column":27}}},"fnMap":{"0":{"name":"(anonymous_0)","decl":{"start":{"line":5,"column":31},"end":{"line":5,"column":32}},"loc":{"start":{"line":5,"column":58},"end":{"line":7,"column":1}},"line":5},"1":{"name":"(anonymous_1)","decl":{"start":{"line":9,"column":30},"end":{"line":9,"column":31}},"loc":{"start":{"line":9,"column":57},"end":{"line":11,"column":1}},"line":9},"2":{"name":"(anonymous_2)","decl":{"start":{"line":13,"column":24},"end":{"line":13,"column":25}},"loc":{"start":{"line":13,"column":68},"end":{"line":15,"column":1}},"line":13},"3":{"name":"(anonymous_3)","decl":{"start":{"line":14,"column":22},"end":{"line":14,"column":23}},"loc":{"start":{"line":14,"column":45},"end":{"line":14,"column":71}},"line":14},"4":{"name":"(anonymous_4)","decl":{"start":{"line":17,"column":26},"end":{"line":17,"column":27}},"loc":{"start":{"line":17,"column":79},"end":{"line":19,"column":1}},"line":17},"5":{"name":"(anonymous_5)","decl":{"start":{"line":21,"column":26},"end":{"line":21,"column":27}},"loc":{"start":{"line":21,"column":66},"end":{"line":25,"column":1}},"line":21}},"branchMap":{},"s":{"0":0,"1":0,"2":0,"3":0,"4":0,"5":0,"6":0,"7":0,"8":0,"9":0,"10":0,"11":0,"12":0},"f":{"0":0,"1":0,"2":0,"3":0,"4":0,"5":0},"b":{}},"/home/meck/code/master-project-sink/crypto/src/index.ts":{"path":"/home/meck/code/master-project-sink/crypto/src/index.ts","statementMap":{},"fnMap":{},"branchMap":{},"s":{},"f":{},"b":{}}}