{"/home/meck/code/master-project-sink/crypto/src/index.ts":{"path":"/home/meck/code/master-project-sink/crypto/src/index.ts","statementMap":{"0":{"start":{"line":2,"column":0},"end":{"line":2,"column":62}},"1":{"start":{"line":3,"column":15},"end":{"line":3,"column":34}},"2":{"start":{"line":4,"column":0},"end":{"line":4,"column":33}},"3":{"start":{"line":5,"column":0},"end":{"line":5,"column":35}},"4":{"start":{"line":6,"column":0},"end":{"line":6,"column":49}},"5":{"start":{"line":7,"column":0},"end":{"line":7,"column":37}},"6":{"start":{"line":8,"column":16},"end":{"line":8,"column":39}},"7":{"start":{"line":9,"column":0},"end":{"line":9,"column":30}},"8":{"start":{"line":10,"column":16},"end":{"line":10,"column":39}},"9":{"start":{"line":11,"column":0},"end":{"line":11,"column":30}}},"fnMap":{},"branchMap":{},"s":{"0":1,"1":1,"2":1,"3":1,"4":1,"5":1,"6":1,"7":1,"8":1,"9":1},"f":{},"b":{},"_coverageSchema":"43e27e138ebf9cfc5966b082cf9a028302ed4184","hash":"f0c578ac128a1145c77811604ebbbfb3a5af2d53","contentHash":"6b5bc309d82f7e9d3c8711d338881be0306b1d3ce9f4d02b8727f5fcec2a1acf"},"/home/meck/code/master-project-sink/crypto/src/models.ts":{"path":"/home/meck/code/master-project-sink/crypto/src/models.ts","statementMap":{"0":{"start":{"line":2,"column":0},"end":{"line":2,"column":62}}},"fnMap":{},"branchMap":{},"s":{"0":1},"f":{},"b":{},"_coverageSchema":"43e27e138ebf9cfc5966b082cf9a028302ed4184","hash":"495a3715c509e2b26e490e9e3f3208659ed2ca60","contentHash":"f04ff6cbe210b0bc325caf02a4a66fed814dac49700194d7ff8f7959fda86709"},"/home/meck/code/master-project-sink/crypto/src/ff-elgamal/index.ts":{"path":"/home/meck/code/master-project-sink/crypto/src/ff-elgamal/index.ts","statementMap":{"0":{"start":{"line":2,"column":0},"end":{"line":2,"column":62}},"1":{"start":{"line":3,"column":17},"end":{"line":3,"column":40}},"2":{"start":{"line":4,"column":0},"end":{"line":4,"column":32}},"3":{"start":{"line":5,"column":13},"end":{"line":5,"column":32}},"4":{"start":{"line":6,"column":0},"end":{"line":6,"column":24}},"5":{"start":{"line":7,"column":14},"end":{"line":7,"column":34}},"6":{"start":{"line":8,"column":0},"end":{"line":8,"column":26}},"7":{"start":{"line":9,"column":13},"end":{"line":9,"column":32}},"8":{"start":{"line":10,"column":0},"end":{"line":10,"column":24}},"9":{"start":{"line":11,"column":13},"end":{"line":11,"column":32}},"10":{"start":{"line":12,"column":0},"end":{"line":12,"column":24}},"11":{"start":{"line":13,"column":20},"end":{"line":13,"column":39}},"12":{"start":{"line":14,"column":0},"end":{"line":14,"column":38}},"13":{"start":{"line":15,"column":15},"end":{"line":15,"column":34}},"14":{"start":{"line":16,"column":0},"end":{"line":16,"column":39}},"15":{"start":{"line":17,"column":0},"end":{"line":17,"column":53}},"16":{"start":{"line":18,"column":0},"end":{"line":18,"column":37}}},"fnMap":{},"branchMap":{},"s":{"0":1,"1":1,"2":1,"3":1,"4":1,"5":1,"6":1,"7":1,"8":1,"9":1,"10":1,"11":1,"12":1,"13":1,"14":1,"15":1,"16":1},"f":{},"b":{},"_coverageSchema":"43e27e138ebf9cfc5966b082cf9a028302ed4184","hash":"3b0e0005603528622b3d42f1d5921c9b10157419","contentHash":"b9d7ce03ca9df2c766b2111d850dd5f66f5c43c5c7146d578ab44da4d731402f"},"/home/meck/code/master-project-sink/crypto/src/ff-elgamal/encryption.ts":{"path":"/home/meck/code/master-project-sink/crypto/src/ff-elgamal/encryption.ts","statementMap":{"0":{"start":{"line":2,"column":0},"end":{"line":2,"column":62}},"1":{"start":{"line":3,"column":15},"end":{"line":3,"column":34}},"2":{"start":{"line":4,"column":0},"end":{"line":12,"column":2}},"3":{"start":{"line":5,"column":12},"end":{"line":5,"column":30}},"4":{"start":{"line":6,"column":12},"end":{"line":6,"column":48}},"5":{"start":{"line":7,"column":12},"end":{"line":7,"column":30}},"6":{"start":{"line":8,"column":13},"end":{"line":8,"column":45}},"7":{"start":{"line":9,"column":12},"end":{"line":9,"column":36}},"8":{"start":{"line":10,"column":13},"end":{"line":10,"column":39}},"9":{"start":{"line":11,"column":4},"end":{"line":11,"column":20}},"10":{"start":{"line":13,"column":0},"end":{"line":33,"column":2}},"11":{"start":{"line":14,"column":12},"end":{"line":14,"column":30}},"12":{"start":{"line":15,"column":12},"end":{"line":15,"column":48}},"13":{"start":{"line":16,"column":12},"end":{"line":16,"column":30}},"14":{"start":{"line":17,"column":13},"end":{"line":17,"column":45}},"15":{"start":{"line":18,"column":12},"end":{"line":18,"column":36}},"16":{"start":{"line":19,"column":13},"end":{"line":19,"column":39}},"17":{"start":{"line":20,"column":16},"end":{"line":20,"column":42}},"18":{"start":{"line":21,"column":4},"end":{"line":23,"column":5}},"19":{"start":{"line":22,"column":8},"end":{"line":22,"column":128}},"20":{"start":{"line":24,"column":16},"end":{"line":24,"column":42}},"21":{"start":{"line":25,"column":4},"end":{"line":27,"column":5}},"22":{"start":{"line":26,"column":8},"end":{"line":26,"column":128}},"23":{"start":{"line":28,"column":16},"end":{"line":28,"column":27}},"24":{"start":{"line":29,"column":4},"end":{"line":31,"column":5}},"25":{"start":{"line":30,"column":8},"end":{"line":30,"column":97}},"26":{"start":{"line":32,"column":4},"end":{"line":32,"column":20}},"27":{"start":{"line":34,"column":0},"end":{"line":37,"column":2}},"28":{"start":{"line":35,"column":4},"end":{"line":35,"column":54}},"29":{"start":{"line":36,"column":4},"end":{"line":36,"column":41}},"30":{"start":{"line":38,"column":0},"end":{"line":45,"column":2}},"31":{"start":{"line":39,"column":4},"end":{"line":39,"column":58}},"32":{"start":{"line":40,"column":12},"end":{"line":40,"column":29}},"33":{"start":{"line":41,"column":4},"end":{"line":43,"column":5}},"34":{"start":{"line":42,"column":8},"end":{"line":42,"column":37}},"35":{"start":{"line":44,"column":4},"end":{"line":44,"column":13}},"36":{"start":{"line":46,"column":0},"end":{"line":61,"column":2}},"37":{"start":{"line":47,"column":4},"end":{"line":47,"column":40}},"38":{"start":{"line":47,"column":26},"end":{"line":47,"column":38}},"39":{"start":{"line":48,"column":12},"end":{"line":48,"column":75}},"40":{"start":{"line":49,"column":12},"end":{"line":49,"column":47}},"41":{"start":{"line":50,"column":13},"end":{"line":50,"column":42}},"42":{"start":{"line":51,"column":12},"end":{"line":51,"column":41}},"43":{"start":{"line":52,"column":13},"end":{"line":52,"column":41}},"44":{"start":{"line":53,"column":13},"end":{"line":53,"column":40}},"45":{"start":{"line":54,"column":4},"end":{"line":54,"column":46}},"46":{"start":{"line":55,"column":4},"end":{"line":55,"column":36}},"47":{"start":{"line":56,"column":4},"end":{"line":56,"column":37}},"48":{"start":{"line":57,"column":4},"end":{"line":57,"column":38}},"49":{"start":{"line":58,"column":4},"end":{"line":58,"column":36}},"50":{"start":{"line":59,"column":4},"end":{"line":59,"column":51}},"51":{"start":{"line":60,"column":4},"end":{"line":60,"column":34}},"52":{"start":{"line":62,"column":0},"end":{"line":75,"column":2}},"53":{"start":{"line":63,"column":4},"end":{"line":63,"column":40}},"54":{"start":{"line":63,"column":26},"end":{"line":63,"column":38}},"55":{"start":{"line":64,"column":13},"end":{"line":64,"column":25}},"56":{"start":{"line":64,"column":32},"end":{"line":64,"column":44}},"57":{"start":{"line":65,"column":12},"end":{"line":65,"column":40}},"58":{"start":{"line":66,"column":19},"end":{"line":66,"column":43}},"59":{"start":{"line":67,"column":13},"end":{"line":67,"column":47}},"60":{"start":{"line":68,"column":12},"end":{"line":68,"column":41}},"61":{"start":{"line":69,"column":4},"end":{"line":69,"column":35}},"62":{"start":{"line":70,"column":4},"end":{"line":70,"column":45}},"63":{"start":{"line":71,"column":4},"end":{"line":71,"column":37}},"64":{"start":{"line":72,"column":4},"end":{"line":72,"column":44}},"65":{"start":{"line":73,"column":4},"end":{"line":73,"column":51}},"66":{"start":{"line":74,"column":4},"end":{"line":74,"column":13}},"67":{"start":{"line":76,"column":0},"end":{"line":89,"column":2}},"68":{"start":{"line":77,"column":4},"end":{"line":77,"column":40}},"69":{"start":{"line":77,"column":26},"end":{"line":77,"column":38}},"70":{"start":{"line":78,"column":13},"end":{"line":78,"column":25}},"71":{"start":{"line":78,"column":32},"end":{"line":78,"column":44}},"72":{"start":{"line":79,"column":12},"end":{"line":79,"column":40}},"73":{"start":{"line":80,"column":22},"end":{"line":80,"column":74}},"74":{"start":{"line":81,"column":13},"end":{"line":81,"column":50}},"75":{"start":{"line":82,"column":12},"end":{"line":82,"column":41}},"76":{"start":{"line":83,"column":4},"end":{"line":83,"column":35}},"77":{"start":{"line":84,"column":4},"end":{"line":84,"column":51}},"78":{"start":{"line":85,"column":4},"end":{"line":85,"column":35}},"79":{"start":{"line":86,"column":4},"end":{"line":86,"column":44}},"80":{"start":{"line":87,"column":4},"end":{"line":87,"column":51}},"81":{"start":{"line":88,"column":4},"end":{"line":88,"column":13}},"82":{"start":{"line":90,"column":0},"end":{"line":95,"column":2}},"83":{"start":{"line":91,"column":4},"end":{"line":94,"column":6}}},"fnMap":{"0":{"name":"(anonymous_0)","decl":{"start":{"line":4,"column":23},"end":{"line":4,"column":24}},"loc":{"start":{"line":4,"column":41},"end":{"line":12,"column":1}},"line":4},"1":{"name":"(anonymous_1)","decl":{"start":{"line":13,"column":26},"end":{"line":13,"column":27}},"loc":{"start":{"line":13,"column":44},"end":{"line":33,"column":1}},"line":13},"2":{"name":"(anonymous_2)","decl":{"start":{"line":34,"column":24},"end":{"line":34,"column":25}},"loc":{"start":{"line":34,"column":41},"end":{"line":37,"column":1}},"line":34},"3":{"name":"(anonymous_3)","decl":{"start":{"line":38,"column":24},"end":{"line":38,"column":25}},"loc":{"start":{"line":38,"column":42},"end":{"line":45,"column":1}},"line":38},"4":{"name":"(anonymous_4)","decl":{"start":{"line":46,"column":18},"end":{"line":46,"column":19}},"loc":{"start":{"line":46,"column":46},"end":{"line":61,"column":1}},"line":46},"5":{"name":"(anonymous_5)","decl":{"start":{"line":62,"column":19},"end":{"line":62,"column":20}},"loc":{"start":{"line":62,"column":54},"end":{"line":75,"column":1}},"line":62},"6":{"name":"(anonymous_6)","decl":{"start":{"line":76,"column":19},"end":{"line":76,"column":20}},"loc":{"start":{"line":76,"column":54},"end":{"line":89,"column":1}},"line":76},"7":{"name":"(anonymous_7)","decl":{"start":{"line":90,"column":14},"end":{"line":90,"column":15}},"loc":{"start":{"line":90,"column":38},"end":{"line":95,"column":1}},"line":90}},"branchMap":{"0":{"loc":{"start":{"line":21,"column":4},"end":{"line":23,"column":5}},"type":"if","locations":[{"start":{"line":21,"column":4},"end":{"line":23,"column":5}},{"start":{"line":21,"column":4},"end":{"line":23,"column":5}}],"line":21},"1":{"loc":{"start":{"line":25,"column":4},"end":{"line":27,"column":5}},"type":"if","locations":[{"start":{"line":25,"column":4},"end":{"line":27,"column":5}},{"start":{"line":25,"column":4},"end":{"line":27,"column":5}}],"line":25},"2":{"loc":{"start":{"line":29,"column":4},"end":{"line":31,"column":5}},"type":"if","locations":[{"start":{"line":29,"column":4},"end":{"line":31,"column":5}},{"start":{"line":29,"column":4},"end":{"line":31,"column":5}}],"line":29},"3":{"loc":{"start":{"line":35,"column":8},"end":{"line":35,"column":53}},"type":"cond-expr","locations":[{"start":{"line":35,"column":32},"end":{"line":35,"column":49}},{"start":{"line":35,"column":52},"end":{"line":35,"column":53}}],"line":35},"4":{"loc":{"start":{"line":39,"column":9},"end":{"line":39,"column":57}},"type":"cond-expr","locations":[{"start":{"line":39,"column":34},"end":{"line":39,"column":52}},{"start":{"line":39,"column":55},"end":{"line":39,"column":57}}],"line":39},"5":{"loc":{"start":{"line":47,"column":4},"end":{"line":47,"column":40}},"type":"if","locations":[{"start":{"line":47,"column":4},"end":{"line":47,"column":40}},{"start":{"line":47,"column":4},"end":{"line":47,"column":40}}],"line":47},"6":{"loc":{"start":{"line":48,"column":12},"end":{"line":48,"column":75}},"type":"cond-expr","locations":[{"start":{"line":48,"column":42},"end":{"line":48,"column":65}},{"start":{"line":48,"column":68},"end":{"line":48,"column":75}}],"line":48},"7":{"loc":{"start":{"line":54,"column":4},"end":{"line":54,"column":45}},"type":"binary-expr","locations":[{"start":{"line":54,"column":4},"end":{"line":54,"column":7}},{"start":{"line":54,"column":11},"end":{"line":54,"column":45}}],"line":54},"8":{"loc":{"start":{"line":55,"column":4},"end":{"line":55,"column":35}},"type":"binary-expr","locations":[{"start":{"line":55,"column":4},"end":{"line":55,"column":7}},{"start":{"line":55,"column":11},"end":{"line":55,"column":35}}],"line":55},"9":{"loc":{"start":{"line":56,"column":4},"end":{"line":56,"column":36}},"type":"binary-expr","locations":[{"start":{"line":56,"column":4},"end":{"line":56,"column":7}},{"start":{"line":56,"column":11},"end":{"line":56,"column":36}}],"line":56},"10":{"loc":{"start":{"line":57,"column":4},"end":{"line":57,"column":37}},"type":"binary-expr","locations":[{"start":{"line":57,"column":4},"end":{"line":57,"column":7}},{"start":{"line":57,"column":11},"end":{"line":57,"column":37}}],"line":57},"11":{"loc":{"start":{"line":58,"column":4},"end":{"line":58,"column":35}},"type":"binary-expr","locations":[{"start":{"line":58,"column":4},"end":{"line":58,"column":7}},{"start":{"line":58,"column":11},"end":{"line":58,"column":35}}],"line":58},"12":{"loc":{"start":{"line":59,"column":4},"end":{"line":59,"column":50}},"type":"binary-expr","locations":[{"start":{"line":59,"column":4},"end":{"line":59,"column":7}},{"start":{"line":59,"column":11},"end":{"line":59,"column":50}}],"line":59},"13":{"loc":{"start":{"line":63,"column":4},"end":{"line":63,"column":40}},"type":"if","locations":[{"start":{"line":63,"column":4},"end":{"line":63,"column":40}},{"start":{"line":63,"column":4},"end":{"line":63,"column":40}}],"line":63},"14":{"loc":{"start":{"line":69,"column":4},"end":{"line":69,"column":34}},"type":"binary-expr","locations":[{"start":{"line":69,"column":4},"end":{"line":69,"column":7}},{"start":{"line":69,"column":11},"end":{"line":69,"column":34}}],"line":69},"15":{"loc":{"start":{"line":70,"column":4},"end":{"line":70,"column":44}},"type":"binary-expr","locations":[{"start":{"line":70,"column":4},"end":{"line":70,"column":7}},{"start":{"line":70,"column":11},"end":{"line":70,"column":44}}],"line":70},"16":{"loc":{"start":{"line":71,"column":4},"end":{"line":71,"column":36}},"type":"binary-expr","locations":[{"start":{"line":71,"column":4},"end":{"line":71,"column":7}},{"start":{"line":71,"column":11},"end":{"line":71,"column":36}}],"line":71},"17":{"loc":{"start":{"line":72,"column":4},"end":{"line":72,"column":43}},"type":"binary-expr","locations":[{"start":{"line":72,"column":4},"end":{"line":72,"column":7}},{"start":{"line":72,"column":11},"end":{"line":72,"column":43}}],"line":72},"18":{"loc":{"start":{"line":73,"column":4},"end":{"line":73,"column":50}},"type":"binary-expr","locations":[{"start":{"line":73,"column":4},"end":{"line":73,"column":7}},{"start":{"line":73,"column":11},"end":{"line":73,"column":50}}],"line":73},"19":{"loc":{"start":{"line":77,"column":4},"end":{"line":77,"column":40}},"type":"if","locations":[{"start":{"line":77,"column":4},"end":{"line":77,"column":40}},{"start":{"line":77,"column":4},"end":{"line":77,"column":40}}],"line":77},"20":{"loc":{"start":{"line":83,"column":4},"end":{"line":83,"column":34}},"type":"binary-expr","locations":[{"start":{"line":83,"column":4},"end":{"line":83,"column":7}},{"start":{"line":83,"column":11},"end":{"line":83,"column":34}}],"line":83},"21":{"loc":{"start":{"line":84,"column":4},"end":{"line":84,"column":50}},"type":"binary-expr","locations":[{"start":{"line":84,"column":4},"end":{"line":84,"column":7}},{"start":{"line":84,"column":11},"end":{"line":84,"column":50}}],"line":84},"22":{"loc":{"start":{"line":85,"column":4},"end":{"line":85,"column":34}},"type":"binary-expr","locations":[{"start":{"line":85,"column":4},"end":{"line":85,"column":7}},{"start":{"line":85,"column":11},"end":{"line":85,"column":34}}],"line":85},"23":{"loc":{"start":{"line":86,"column":4},"end":{"line":86,"column":43}},"type":"binary-expr","locations":[{"start":{"line":86,"column":4},"end":{"line":86,"column":7}},{"start":{"line":86,"column":11},"end":{"line":86,"column":43}}],"line":86},"24":{"loc":{"start":{"line":87,"column":4},"end":{"line":87,"column":50}},"type":"binary-expr","locations":[{"start":{"line":87,"column":4},"end":{"line":87,"column":7}},{"start":{"line":87,"column":11},"end":{"line":87,"column":50}}],"line":87}},"s":{"0":1,"1":1,"2":1,"3":86,"4":86,"5":86,"6":86,"7":86,"8":86,"9":86,"10":1,"11":250,"12":250,"13":250,"14":250,"15":250,"16":250,"17":250,"18":250,"19":0,"20":250,"21":250,"22":0,"23":250,"24":250,"25":0,"26":250,"27":1,"28":2316,"29":2316,"30":1,"31":110,"32":110,"33":110,"34":1463,"35":110,"36":1,"37":731,"38":181,"39":731,"40":731,"41":731,"42":731,"43":731,"44":731,"45":731,"46":731,"47":731,"48":731,"49":731,"50":731,"51":731,"52":1,"53":93,"54":43,"55":93,"56":93,"57":93,"58":93,"59":93,"60":93,"61":93,"62":93,"63":93,"64":93,"65":93,"66":93,"67":1,"68":11,"69":1,"70":11,"71":11,"72":11,"73":11,"74":11,"75":11,"76":11,"77":11,"78":11,"79":11,"80":11,"81":11,"82":1,"83":137},"f":{"0":86,"1":250,"2":2316,"3":110,"4":731,"5":93,"6":11,"7":137},"b":{"0":[0,250],"1":[0,250],"2":[0,250],"3":[12,2304],"4":[5,105],"5":[181,550],"6":[660,71],"7":[731,0],"8":[731,0],"9":[731,0],"10":[731,0],"11":[731,0],"12":[731,0],"13":[43,50],"14":[93,0],"15":[93,0],"16":[93,0],"17":[93,0],"18":[93,0],"19":[1,10],"20":[11,0],"21":[11,0],"22":[11,0],"23":[11,0],"24":[11,0]},"_coverageSchema":"43e27e138ebf9cfc5966b082cf9a028302ed4184","hash":"ac5a1e4693ed482868ac3395c223b9ad40d3adac","contentHash":"806ea7079febc4fbe71e48de9b50cbb3e0d4ddd00cf6ea347a6a17b9140c0f90"},"/home/meck/code/master-project-sink/crypto/src/ff-elgamal/helper.ts":{"path":"/home/meck/code/master-project-sink/crypto/src/ff-elgamal/helper.ts","statementMap":{"0":{"start":{"line":2,"column":21},"end":{"line":8,"column":1}},"1":{"start":{"line":3,"column":4},"end":{"line":3,"column":88}},"2":{"start":{"line":3,"column":17},"end":{"line":3,"column":18}},"3":{"start":{"line":3,"column":24},"end":{"line":3,"column":25}},"4":{"start":{"line":3,"column":32},"end":{"line":3,"column":48}},"5":{"start":{"line":3,"column":63},"end":{"line":3,"column":88}},"6":{"start":{"line":4,"column":4},"end":{"line":6,"column":24}},"7":{"start":{"line":4,"column":17},"end":{"line":4,"column":25}},"8":{"start":{"line":4,"column":31},"end":{"line":4,"column":32}},"9":{"start":{"line":4,"column":38},"end":{"line":4,"column":39}},"10":{"start":{"line":5,"column":8},"end":{"line":6,"column":24}},"11":{"start":{"line":5,"column":21},"end":{"line":5,"column":33}},"12":{"start":{"line":5,"column":39},"end":{"line":5,"column":40}},"13":{"start":{"line":5,"column":47},"end":{"line":5,"column":55}},"14":{"start":{"line":6,"column":12},"end":{"line":6,"column":24}},"15":{"start":{"line":7,"column":4},"end":{"line":7,"column":13}},"16":{"start":{"line":9,"column":0},"end":{"line":9,"column":62}},"17":{"start":{"line":10,"column":0},"end":{"line":17,"column":2}},"18":{"start":{"line":11,"column":4},"end":{"line":15,"column":5}},"19":{"start":{"line":11,"column":17},"end":{"line":11,"column":18}},"20":{"start":{"line":12,"column":8},"end":{"line":14,"column":9}},"21":{"start":{"line":13,"column":12},"end":{"line":13,"column":25}},"22":{"start":{"line":16,"column":4},"end":{"line":16,"column":16}},"23":{"start":{"line":18,"column":0},"end":{"line":35,"column":2}},"24":{"start":{"line":19,"column":4},"end":{"line":21,"column":5}},"25":{"start":{"line":20,"column":8},"end":{"line":20,"column":18}},"26":{"start":{"line":22,"column":12},"end":{"line":22,"column":14}},"27":{"start":{"line":23,"column":4},"end":{"line":33,"column":5}},"28":{"start":{"line":23,"column":17},"end":{"line":23,"column":18}},"29":{"start":{"line":24,"column":18},"end":{"line":24,"column":19}},"30":{"start":{"line":25,"column":19},"end":{"line":25,"column":24}},"31":{"start":{"line":26,"column":8},"end":{"line":29,"column":9}},"32":{"start":{"line":27,"column":12},"end":{"line":27,"column":34}},"33":{"start":{"line":28,"column":12},"end":{"line":28,"column":21}},"34":{"start":{"line":30,"column":8},"end":{"line":32,"column":9}},"35":{"start":{"line":31,"column":12},"end":{"line":31,"column":22}},"36":{"start":{"line":34,"column":4},"end":{"line":34,"column":13}},"37":{"start":{"line":36,"column":0},"end":{"line":36,"column":70}},"38":{"start":{"line":36,"column":33},"end":{"line":36,"column":67}},"39":{"start":{"line":37,"column":0},"end":{"line":37,"column":81}},"40":{"start":{"line":37,"column":34},"end":{"line":37,"column":78}},"41":{"start":{"line":38,"column":0},"end":{"line":40,"column":2}},"42":{"start":{"line":39,"column":4},"end":{"line":39,"column":92}},"43":{"start":{"line":41,"column":0},"end":{"line":45,"column":2}},"44":{"start":{"line":42,"column":4},"end":{"line":44,"column":11}},"45":{"start":{"line":43,"column":8},"end":{"line":43,"column":107}},"46":{"start":{"line":46,"column":0},"end":{"line":50,"column":2}},"47":{"start":{"line":47,"column":4},"end":{"line":49,"column":11}},"48":{"start":{"line":48,"column":8},"end":{"line":48,"column":93}},"49":{"start":{"line":51,"column":13},"end":{"line":51,"column":30}},"50":{"start":{"line":52,"column":9},"end":{"line":52,"column":25}},"51":{"start":{"line":53,"column":0},"end":{"line":64,"column":2}},"52":{"start":{"line":54,"column":14},"end":{"line":54,"column":27}},"53":{"start":{"line":55,"column":29},"end":{"line":55,"column":39}},"54":{"start":{"line":56,"column":26},"end":{"line":56,"column":27}},"55":{"start":{"line":57,"column":22},"end":{"line":57,"column":57}},"56":{"start":{"line":58,"column":22},"end":{"line":58,"column":41}},"57":{"start":{"line":59,"column":4},"end":{"line":62,"column":5}},"58":{"start":{"line":60,"column":8},"end":{"line":60,"column":58}},"59":{"start":{"line":61,"column":8},"end":{"line":61,"column":49}},"60":{"start":{"line":63,"column":4},"end":{"line":63,"column":23}},"61":{"start":{"line":65,"column":0},"end":{"line":68,"column":2}},"62":{"start":{"line":66,"column":4},"end":{"line":66,"column":39}},"63":{"start":{"line":66,"column":27},"end":{"line":66,"column":37}},"64":{"start":{"line":67,"column":4},"end":{"line":67,"column":29}},"65":{"start":{"line":69,"column":0},"end":{"line":69,"column":75}},"66":{"start":{"line":69,"column":43},"end":{"line":69,"column":72}},"67":{"start":{"line":70,"column":0},"end":{"line":70,"column":75}},"68":{"start":{"line":70,"column":43},"end":{"line":70,"column":72}},"69":{"start":{"line":71,"column":0},"end":{"line":71,"column":75}},"70":{"start":{"line":71,"column":43},"end":{"line":71,"column":72}},"71":{"start":{"line":72,"column":0},"end":{"line":72,"column":67}},"72":{"start":{"line":72,"column":41},"end":{"line":72,"column":64}},"73":{"start":{"line":73,"column":0},"end":{"line":73,"column":107}},"74":{"start":{"line":73,"column":43},"end":{"line":73,"column":104}}},"fnMap":{"0":{"name":"(anonymous_0)","decl":{"start":{"line":2,"column":54},"end":{"line":2,"column":55}},"loc":{"start":{"line":2,"column":66},"end":{"line":8,"column":1}},"line":2},"1":{"name":"(anonymous_1)","decl":{"start":{"line":10,"column":18},"end":{"line":10,"column":19}},"loc":{"start":{"line":10,"column":33},"end":{"line":17,"column":1}},"line":10},"2":{"name":"(anonymous_2)","decl":{"start":{"line":18,"column":28},"end":{"line":18,"column":29}},"loc":{"start":{"line":18,"column":41},"end":{"line":35,"column":1}},"line":18},"3":{"name":"(anonymous_3)","decl":{"start":{"line":36,"column":18},"end":{"line":36,"column":19}},"loc":{"start":{"line":36,"column":31},"end":{"line":36,"column":69}},"line":36},"4":{"name":"(anonymous_4)","decl":{"start":{"line":37,"column":19},"end":{"line":37,"column":20}},"loc":{"start":{"line":37,"column":32},"end":{"line":37,"column":80}},"line":37},"5":{"name":"(anonymous_5)","decl":{"start":{"line":38,"column":19},"end":{"line":38,"column":20}},"loc":{"start":{"line":38,"column":35},"end":{"line":40,"column":1}},"line":38},"6":{"name":"(anonymous_6)","decl":{"start":{"line":41,"column":25},"end":{"line":41,"column":26}},"loc":{"start":{"line":41,"column":43},"end":{"line":45,"column":1}},"line":41},"7":{"name":"(anonymous_7)","decl":{"start":{"line":42,"column":25},"end":{"line":42,"column":26}},"loc":{"start":{"line":42,"column":54},"end":{"line":44,"column":5}},"line":42},"8":{"name":"(anonymous_8)","decl":{"start":{"line":46,"column":25},"end":{"line":46,"column":26}},"loc":{"start":{"line":46,"column":38},"end":{"line":50,"column":1}},"line":46},"9":{"name":"(anonymous_9)","decl":{"start":{"line":47,"column":64},"end":{"line":47,"column":65}},"loc":{"start":{"line":47,"column":93},"end":{"line":49,"column":5}},"line":47},"10":{"name":"(anonymous_10)","decl":{"start":{"line":53,"column":31},"end":{"line":53,"column":32}},"loc":{"start":{"line":53,"column":44},"end":{"line":64,"column":1}},"line":53},"11":{"name":"(anonymous_11)","decl":{"start":{"line":65,"column":16},"end":{"line":65,"column":17}},"loc":{"start":{"line":65,"column":37},"end":{"line":68,"column":1}},"line":65},"12":{"name":"(anonymous_12)","decl":{"start":{"line":69,"column":16},"end":{"line":69,"column":17}},"loc":{"start":{"line":69,"column":41},"end":{"line":69,"column":74}},"line":69},"13":{"name":"(anonymous_13)","decl":{"start":{"line":70,"column":16},"end":{"line":70,"column":17}},"loc":{"start":{"line":70,"column":41},"end":{"line":70,"column":74}},"line":70},"14":{"name":"(anonymous_14)","decl":{"start":{"line":71,"column":16},"end":{"line":71,"column":17}},"loc":{"start":{"line":71,"column":41},"end":{"line":71,"column":74}},"line":71},"15":{"name":"(anonymous_15)","decl":{"start":{"line":72,"column":17},"end":{"line":72,"column":18}},"loc":{"start":{"line":72,"column":39},"end":{"line":72,"column":66}},"line":72},"16":{"name":"(anonymous_16)","decl":{"start":{"line":73,"column":16},"end":{"line":73,"column":17}},"loc":{"start":{"line":73,"column":41},"end":{"line":73,"column":106}},"line":73}},"branchMap":{"0":{"loc":{"start":{"line":2,"column":21},"end":{"line":8,"column":1}},"type":"binary-expr","locations":[{"start":{"line":2,"column":22},"end":{"line":2,"column":26}},{"start":{"line":2,"column":30},"end":{"line":2,"column":49}},{"start":{"line":2,"column":54},"end":{"line":8,"column":1}}],"line":2},"1":{"loc":{"start":{"line":12,"column":8},"end":{"line":14,"column":9}},"type":"if","locations":[{"start":{"line":12,"column":8},"end":{"line":14,"column":9}},{"start":{"line":12,"column":8},"end":{"line":14,"column":9}}],"line":12},"2":{"loc":{"start":{"line":19,"column":4},"end":{"line":21,"column":5}},"type":"if","locations":[{"start":{"line":19,"column":4},"end":{"line":21,"column":5}},{"start":{"line":19,"column":4},"end":{"line":21,"column":5}}],"line":19},"3":{"loc":{"start":{"line":30,"column":8},"end":{"line":32,"column":9}},"type":"if","locations":[{"start":{"line":30,"column":8},"end":{"line":32,"column":9}},{"start":{"line":30,"column":8},"end":{"line":32,"column":9}}],"line":30},"4":{"loc":{"start":{"line":36,"column":41},"end":{"line":36,"column":65}},"type":"cond-expr","locations":[{"start":{"line":36,"column":49},"end":{"line":36,"column":60}},{"start":{"line":36,"column":63},"end":{"line":36,"column":65}}],"line":36},"5":{"loc":{"start":{"line":37,"column":42},"end":{"line":37,"column":76}},"type":"cond-expr","locations":[{"start":{"line":37,"column":50},"end":{"line":37,"column":68}},{"start":{"line":37,"column":71},"end":{"line":37,"column":76}}],"line":37},"6":{"loc":{"start":{"line":39,"column":11},"end":{"line":39,"column":91}},"type":"binary-expr","locations":[{"start":{"line":39,"column":11},"end":{"line":39,"column":18}},{"start":{"line":39,"column":22},"end":{"line":39,"column":46}},{"start":{"line":39,"column":50},"end":{"line":39,"column":91}}],"line":39},"7":{"loc":{"start":{"line":43,"column":15},"end":{"line":43,"column":106}},"type":"cond-expr","locations":[{"start":{"line":43,"column":60},"end":{"line":43,"column":95}},{"start":{"line":43,"column":98},"end":{"line":43,"column":106}}],"line":43},"8":{"loc":{"start":{"line":48,"column":15},"end":{"line":48,"column":92}},"type":"cond-expr","locations":[{"start":{"line":48,"column":46},"end":{"line":48,"column":81}},{"start":{"line":48,"column":84},"end":{"line":48,"column":92}}],"line":48},"9":{"loc":{"start":{"line":59,"column":13},"end":{"line":59,"column":72}},"type":"binary-expr","locations":[{"start":{"line":59,"column":13},"end":{"line":59,"column":48}},{"start":{"line":59,"column":52},"end":{"line":59,"column":72}}],"line":59},"10":{"loc":{"start":{"line":66,"column":4},"end":{"line":66,"column":39}},"type":"if","locations":[{"start":{"line":66,"column":4},"end":{"line":66,"column":39}},{"start":{"line":66,"column":4},"end":{"line":66,"column":39}}],"line":66}},"s":{"0":1,"1":13,"2":13,"3":13,"4":13,"5":26,"6":13,"7":13,"8":13,"9":13,"10":26,"11":26,"12":26,"13":26,"14":37,"15":13,"16":1,"17":1,"18":77,"19":77,"20":250,"21":17,"22":60,"23":1,"24":25,"25":0,"26":25,"27":25,"28":25,"29":812,"30":812,"31":812,"32":22255,"33":22255,"34":812,"35":298,"36":25,"37":1,"38":465,"39":1,"40":32,"41":1,"42":42,"43":1,"44":1,"45":25,"46":1,"47":4,"48":19,"49":1,"50":1,"51":1,"52":2881,"53":2881,"54":2881,"55":2881,"56":2881,"57":2881,"58":56647,"59":56647,"60":2881,"61":1,"62":4163,"63":4163,"64":4163,"65":1,"66":13,"67":1,"68":1151,"69":1,"70":4803,"71":1,"72":106,"73":1,"74":13},"f":{"0":13,"1":77,"2":25,"3":465,"4":32,"5":42,"6":1,"7":25,"8":4,"9":19,"10":2881,"11":4163,"12":13,"13":1151,"14":4803,"15":106,"16":13},"b":{"0":[1,1,1],"1":[17,233],"2":[0,25],"3":[298,514],"4":[461,4],"5":[27,5],"6":[42,42,41],"7":[7,18],"8":[6,13],"9":[59528,3099],"10":[4163,0]},"_coverageSchema":"43e27e138ebf9cfc5966b082cf9a028302ed4184","hash":"5eaf977781e1ef49e73a36cd36bf6ac67ae3b422","contentHash":"4def214bb9a19864c731a6a09e8467ccd00f9110f81c24ca2aa68960727732f9"},"/home/meck/code/master-project-sink/crypto/src/ff-elgamal/voting.ts":{"path":"/home/meck/code/master-project-sink/crypto/src/ff-elgamal/voting.ts","statementMap":{"0":{"start":{"line":2,"column":0},"end":{"line":2,"column":62}},"1":{"start":{"line":3,"column":19},"end":{"line":3,"column":42}},"2":{"start":{"line":4,"column":0},"end":{"line":6,"column":2}},"3":{"start":{"line":5,"column":4},"end":{"line":5,"column":39}},"4":{"start":{"line":7,"column":0},"end":{"line":9,"column":2}},"5":{"start":{"line":8,"column":4},"end":{"line":8,"column":39}},"6":{"start":{"line":10,"column":0},"end":{"line":12,"column":2}},"7":{"start":{"line":11,"column":4},"end":{"line":11,"column":134}},"8":{"start":{"line":11,"column":55},"end":{"line":11,"column":102}},"9":{"start":{"line":13,"column":0},"end":{"line":15,"column":2}},"10":{"start":{"line":14,"column":4},"end":{"line":14,"column":81}},"11":{"start":{"line":16,"column":0},"end":{"line":20,"column":2}},"12":{"start":{"line":17,"column":14},"end":{"line":17,"column":29}},"13":{"start":{"line":18,"column":13},"end":{"line":18,"column":24}},"14":{"start":{"line":19,"column":4},"end":{"line":19,"column":46}}},"fnMap":{"0":{"name":"(anonymous_0)","decl":{"start":{"line":4,"column":26},"end":{"line":4,"column":27}},"loc":{"start":{"line":4,"column":40},"end":{"line":6,"column":1}},"line":4},"1":{"name":"(anonymous_1)","decl":{"start":{"line":7,"column":25},"end":{"line":7,"column":26}},"loc":{"start":{"line":7,"column":39},"end":{"line":9,"column":1}},"line":7},"2":{"name":"(anonymous_2)","decl":{"start":{"line":10,"column":19},"end":{"line":10,"column":20}},"loc":{"start":{"line":10,"column":40},"end":{"line":12,"column":1}},"line":10},"3":{"name":"(anonymous_3)","decl":{"start":{"line":11,"column":24},"end":{"line":11,"column":25}},"loc":{"start":{"line":11,"column":53},"end":{"line":11,"column":104}},"line":11},"4":{"name":"(anonymous_4)","decl":{"start":{"line":13,"column":21},"end":{"line":13,"column":22}},"loc":{"start":{"line":13,"column":46},"end":{"line":15,"column":1}},"line":13},"5":{"name":"(anonymous_5)","decl":{"start":{"line":16,"column":21},"end":{"line":16,"column":22}},"loc":{"start":{"line":16,"column":51},"end":{"line":20,"column":1}},"line":16}},"branchMap":{},"s":{"0":1,"1":1,"2":1,"3":68,"4":1,"5":92,"6":1,"7":33,"8":127,"9":1,"10":31,"11":1,"12":33,"13":33,"14":33},"f":{"0":68,"1":92,"2":33,"3":127,"4":31,"5":33},"b":{},"_coverageSchema":"43e27e138ebf9cfc5966b082cf9a028302ed4184","hash":"27ee123280886147e05d8bf6fece5765728f5f94","contentHash":"ce4521bc45aefb5fc0e03f4d8afe079c2ee357e0e35ab90b450a36461621791a"},"/home/meck/code/master-project-sink/crypto/src/ff-elgamal/voteZKP.ts":{"path":"/home/meck/code/master-project-sink/crypto/src/ff-elgamal/voteZKP.ts","statementMap":{"0":{"start":{"line":2,"column":0},"end":{"line":2,"column":62}},"1":{"start":{"line":3,"column":9},"end":{"line":3,"column":25}},"2":{"start":{"line":4,"column":11},"end":{"line":4,"column":29}},"3":{"start":{"line":5,"column":13},"end":{"line":5,"column":30}},"4":{"start":{"line":6,"column":11},"end":{"line":6,"column":26}},"5":{"start":{"line":7,"column":15},"end":{"line":7,"column":34}},"6":{"start":{"line":8,"column":19},"end":{"line":8,"column":24}},"7":{"start":{"line":9,"column":0},"end":{"line":9,"column":55}},"8":{"start":{"line":9,"column":31},"end":{"line":9,"column":52}},"9":{"start":{"line":10,"column":10},"end":{"line":10,"column":60}},"10":{"start":{"line":10,"column":32},"end":{"line":10,"column":58}},"11":{"start":{"line":11,"column":10},"end":{"line":11,"column":60}},"12":{"start":{"line":11,"column":32},"end":{"line":11,"column":58}},"13":{"start":{"line":12,"column":10},"end":{"line":12,"column":60}},"14":{"start":{"line":12,"column":32},"end":{"line":12,"column":58}},"15":{"start":{"line":13,"column":10},"end":{"line":13,"column":75}},"16":{"start":{"line":13,"column":32},"end":{"line":13,"column":73}},"17":{"start":{"line":14,"column":10},"end":{"line":14,"column":60}},"18":{"start":{"line":14,"column":32},"end":{"line":14,"column":58}},"19":{"start":{"line":15,"column":11},"end":{"line":15,"column":52}},"20":{"start":{"line":15,"column":30},"end":{"line":15,"column":50}},"21":{"start":{"line":17,"column":12},"end":{"line":17,"column":20}},"22":{"start":{"line":17,"column":26},"end":{"line":17,"column":34}},"23":{"start":{"line":17,"column":40},"end":{"line":17,"column":48}},"24":{"start":{"line":18,"column":13},"end":{"line":18,"column":48}},"25":{"start":{"line":19,"column":13},"end":{"line":19,"column":48}},"26":{"start":{"line":20,"column":13},"end":{"line":20,"column":55}},"27":{"start":{"line":21,"column":13},"end":{"line":21,"column":55}},"28":{"start":{"line":22,"column":12},"end":{"line":22,"column":47}},"29":{"start":{"line":23,"column":13},"end":{"line":23,"column":29}},"30":{"start":{"line":24,"column":13},"end":{"line":24,"column":29}},"31":{"start":{"line":25,"column":12},"end":{"line":25,"column":67}},"32":{"start":{"line":26,"column":13},"end":{"line":26,"column":42}},"33":{"start":{"line":27,"column":14},"end":{"line":27,"column":33}},"34":{"start":{"line":28,"column":13},"end":{"line":28,"column":28}},"35":{"start":{"line":29,"column":4},"end":{"line":29,"column":59}},"36":{"start":{"line":30,"column":4},"end":{"line":30,"column":59}},"37":{"start":{"line":31,"column":4},"end":{"line":31,"column":59}},"38":{"start":{"line":32,"column":4},"end":{"line":32,"column":59}},"39":{"start":{"line":33,"column":4},"end":{"line":33,"column":57}},"40":{"start":{"line":34,"column":4},"end":{"line":34,"column":59}},"41":{"start":{"line":35,"column":4},"end":{"line":35,"column":59}},"42":{"start":{"line":36,"column":4},"end":{"line":36,"column":55}},"43":{"start":{"line":37,"column":4},"end":{"line":37,"column":80}},"44":{"start":{"line":38,"column":4},"end":{"line":38,"column":68}},"45":{"start":{"line":39,"column":4},"end":{"line":39,"column":34}},"46":{"start":{"line":40,"column":4},"end":{"line":40,"column":78}},"47":{"start":{"line":42,"column":0},"end":{"line":42,"column":44}},"48":{"start":{"line":44,"column":12},"end":{"line":44,"column":20}},"49":{"start":{"line":44,"column":26},"end":{"line":44,"column":34}},"50":{"start":{"line":44,"column":40},"end":{"line":44,"column":48}},"51":{"start":{"line":45,"column":13},"end":{"line":45,"column":48}},"52":{"start":{"line":46,"column":13},"end":{"line":46,"column":48}},"53":{"start":{"line":47,"column":13},"end":{"line":47,"column":29}},"54":{"start":{"line":48,"column":13},"end":{"line":48,"column":55}},"55":{"start":{"line":49,"column":13},"end":{"line":49,"column":56}},"56":{"start":{"line":50,"column":12},"end":{"line":50,"column":47}},"57":{"start":{"line":51,"column":13},"end":{"line":51,"column":29}},"58":{"start":{"line":52,"column":13},"end":{"line":52,"column":29}},"59":{"start":{"line":53,"column":12},"end":{"line":53,"column":67}},"60":{"start":{"line":54,"column":13},"end":{"line":54,"column":42}},"61":{"start":{"line":55,"column":13},"end":{"line":55,"column":44}},"62":{"start":{"line":56,"column":4},"end":{"line":56,"column":59}},"63":{"start":{"line":57,"column":4},"end":{"line":57,"column":59}},"64":{"start":{"line":58,"column":4},"end":{"line":58,"column":59}},"65":{"start":{"line":59,"column":4},"end":{"line":59,"column":59}},"66":{"start":{"line":60,"column":4},"end":{"line":60,"column":57}},"67":{"start":{"line":61,"column":4},"end":{"line":61,"column":59}},"68":{"start":{"line":62,"column":4},"end":{"line":62,"column":59}},"69":{"start":{"line":63,"column":4},"end":{"line":63,"column":55}},"70":{"start":{"line":64,"column":4},"end":{"line":64,"column":80}},"71":{"start":{"line":65,"column":4},"end":{"line":65,"column":68}},"72":{"start":{"line":66,"column":4},"end":{"line":66,"column":34}},"73":{"start":{"line":67,"column":4},"end":{"line":67,"column":78}},"74":{"start":{"line":69,"column":0},"end":{"line":69,"column":42}},"75":{"start":{"line":71,"column":12},"end":{"line":71,"column":20}},"76":{"start":{"line":71,"column":26},"end":{"line":71,"column":34}},"77":{"start":{"line":72,"column":13},"end":{"line":72,"column":21}},"78":{"start":{"line":72,"column":28},"end":{"line":72,"column":36}},"79":{"start":{"line":72,"column":43},"end":{"line":72,"column":51}},"80":{"start":{"line":72,"column":58},"end":{"line":72,"column":66}},"81":{"start":{"line":72,"column":73},"end":{"line":72,"column":81}},"82":{"start":{"line":72,"column":88},"end":{"line":72,"column":96}},"83":{"start":{"line":72,"column":103},"end":{"line":72,"column":111}},"84":{"start":{"line":72,"column":118},"end":{"line":72,"column":126}},"85":{"start":{"line":73,"column":13},"end":{"line":73,"column":30}},"86":{"start":{"line":74,"column":13},"end":{"line":74,"column":40}},"87":{"start":{"line":75,"column":13},"end":{"line":75,"column":22}},"88":{"start":{"line":76,"column":13},"end":{"line":76,"column":30}},"89":{"start":{"line":77,"column":13},"end":{"line":77,"column":40}},"90":{"start":{"line":78,"column":13},"end":{"line":78,"column":22}},"91":{"start":{"line":79,"column":13},"end":{"line":79,"column":30}},"92":{"start":{"line":80,"column":13},"end":{"line":80,"column":40}},"93":{"start":{"line":81,"column":13},"end":{"line":81,"column":22}},"94":{"start":{"line":82,"column":13},"end":{"line":82,"column":30}},"95":{"start":{"line":83,"column":13},"end":{"line":83,"column":55}},"96":{"start":{"line":84,"column":13},"end":{"line":84,"column":22}},"97":{"start":{"line":85,"column":13},"end":{"line":85,"column":33}},"98":{"start":{"line":86,"column":13},"end":{"line":86,"column":68}},"99":{"start":{"line":87,"column":13},"end":{"line":87,"column":22}},"100":{"start":{"line":88,"column":4},"end":{"line":88,"column":58}},"101":{"start":{"line":89,"column":4},"end":{"line":89,"column":57}},"102":{"start":{"line":90,"column":4},"end":{"line":90,"column":59}},"103":{"start":{"line":91,"column":4},"end":{"line":91,"column":61}},"104":{"start":{"line":92,"column":4},"end":{"line":92,"column":56}},"105":{"start":{"line":93,"column":4},"end":{"line":93,"column":34}},"106":{"start":{"line":94,"column":4},"end":{"line":94,"column":38}},"107":{"start":{"line":96,"column":0},"end":{"line":96,"column":42}},"108":{"start":{"line":98,"column":17},"end":{"line":98,"column":19}},"109":{"start":{"line":99,"column":4},"end":{"line":101,"column":5}},"110":{"start":{"line":99,"column":17},"end":{"line":99,"column":18}},"111":{"start":{"line":100,"column":8},"end":{"line":100,"column":38}},"112":{"start":{"line":102,"column":4},"end":{"line":102,"column":18}},"113":{"start":{"line":104,"column":0},"end":{"line":104,"column":42}},"114":{"start":{"line":106,"column":12},"end":{"line":106,"column":67}},"115":{"start":{"line":107,"column":4},"end":{"line":107,"column":27}},"116":{"start":{"line":108,"column":4},"end":{"line":108,"column":17}},"117":{"start":{"line":109,"column":4},"end":{"line":109,"column":13}},"118":{"start":{"line":111,"column":0},"end":{"line":111,"column":46}}},"fnMap":{"0":{"name":"(anonymous_0)","decl":{"start":{"line":9,"column":16},"end":{"line":9,"column":17}},"loc":{"start":{"line":9,"column":29},"end":{"line":9,"column":54}},"line":9},"1":{"name":"(anonymous_1)","decl":{"start":{"line":10,"column":10},"end":{"line":10,"column":11}},"loc":{"start":{"line":10,"column":30},"end":{"line":10,"column":60}},"line":10},"2":{"name":"(anonymous_2)","decl":{"start":{"line":11,"column":10},"end":{"line":11,"column":11}},"loc":{"start":{"line":11,"column":30},"end":{"line":11,"column":60}},"line":11},"3":{"name":"(anonymous_3)","decl":{"start":{"line":12,"column":10},"end":{"line":12,"column":11}},"loc":{"start":{"line":12,"column":30},"end":{"line":12,"column":60}},"line":12},"4":{"name":"(anonymous_4)","decl":{"start":{"line":13,"column":10},"end":{"line":13,"column":11}},"loc":{"start":{"line":13,"column":30},"end":{"line":13,"column":75}},"line":13},"5":{"name":"(anonymous_5)","decl":{"start":{"line":14,"column":10},"end":{"line":14,"column":11}},"loc":{"start":{"line":14,"column":30},"end":{"line":14,"column":60}},"line":14},"6":{"name":"(anonymous_6)","decl":{"start":{"line":15,"column":11},"end":{"line":15,"column":12}},"loc":{"start":{"line":15,"column":28},"end":{"line":15,"column":52}},"line":15},"7":{"name":"generateYesProof","decl":{"start":{"line":16,"column":9},"end":{"line":16,"column":25}},"loc":{"start":{"line":16,"column":48},"end":{"line":41,"column":1}},"line":16},"8":{"name":"generateNoProof","decl":{"start":{"line":43,"column":9},"end":{"line":43,"column":24}},"loc":{"start":{"line":43,"column":47},"end":{"line":68,"column":1}},"line":43},"9":{"name":"verifyVoteProof","decl":{"start":{"line":70,"column":9},"end":{"line":70,"column":24}},"loc":{"start":{"line":70,"column":54},"end":{"line":95,"column":1}},"line":70},"10":{"name":"numbersToString","decl":{"start":{"line":97,"column":9},"end":{"line":97,"column":24}},"loc":{"start":{"line":97,"column":34},"end":{"line":103,"column":1}},"line":97},"11":{"name":"generateChallenge","decl":{"start":{"line":105,"column":9},"end":{"line":105,"column":26}},"loc":{"start":{"line":105,"column":62},"end":{"line":110,"column":1}},"line":105}},"branchMap":{"0":{"loc":{"start":{"line":29,"column":4},"end":{"line":29,"column":58}},"type":"binary-expr","locations":[{"start":{"line":29,"column":4},"end":{"line":29,"column":16}},{"start":{"line":29,"column":20},"end":{"line":29,"column":58}}],"line":29},"1":{"loc":{"start":{"line":30,"column":4},"end":{"line":30,"column":58}},"type":"binary-expr","locations":[{"start":{"line":30,"column":4},"end":{"line":30,"column":16}},{"start":{"line":30,"column":20},"end":{"line":30,"column":58}}],"line":30},"2":{"loc":{"start":{"line":31,"column":4},"end":{"line":31,"column":58}},"type":"binary-expr","locations":[{"start":{"line":31,"column":4},"end":{"line":31,"column":16}},{"start":{"line":31,"column":20},"end":{"line":31,"column":58}}],"line":31},"3":{"loc":{"start":{"line":32,"column":4},"end":{"line":32,"column":58}},"type":"binary-expr","locations":[{"start":{"line":32,"column":4},"end":{"line":32,"column":16}},{"start":{"line":32,"column":20},"end":{"line":32,"column":58}}],"line":32},"4":{"loc":{"start":{"line":33,"column":4},"end":{"line":33,"column":56}},"type":"binary-expr","locations":[{"start":{"line":33,"column":4},"end":{"line":33,"column":16}},{"start":{"line":33,"column":20},"end":{"line":33,"column":56}}],"line":33},"5":{"loc":{"start":{"line":34,"column":4},"end":{"line":34,"column":58}},"type":"binary-expr","locations":[{"start":{"line":34,"column":4},"end":{"line":34,"column":16}},{"start":{"line":34,"column":20},"end":{"line":34,"column":58}}],"line":34},"6":{"loc":{"start":{"line":35,"column":4},"end":{"line":35,"column":58}},"type":"binary-expr","locations":[{"start":{"line":35,"column":4},"end":{"line":35,"column":16}},{"start":{"line":35,"column":20},"end":{"line":35,"column":58}}],"line":35},"7":{"loc":{"start":{"line":36,"column":4},"end":{"line":36,"column":54}},"type":"binary-expr","locations":[{"start":{"line":36,"column":4},"end":{"line":36,"column":16}},{"start":{"line":36,"column":20},"end":{"line":36,"column":54}}],"line":36},"8":{"loc":{"start":{"line":37,"column":4},"end":{"line":37,"column":79}},"type":"binary-expr","locations":[{"start":{"line":37,"column":4},"end":{"line":37,"column":16}},{"start":{"line":37,"column":20},"end":{"line":37,"column":79}}],"line":37},"9":{"loc":{"start":{"line":38,"column":4},"end":{"line":38,"column":67}},"type":"binary-expr","locations":[{"start":{"line":38,"column":4},"end":{"line":38,"column":16}},{"start":{"line":38,"column":20},"end":{"line":38,"column":67}}],"line":38},"10":{"loc":{"start":{"line":39,"column":4},"end":{"line":39,"column":33}},"type":"binary-expr","locations":[{"start":{"line":39,"column":4},"end":{"line":39,"column":16}},{"start":{"line":39,"column":20},"end":{"line":39,"column":33}}],"line":39},"11":{"loc":{"start":{"line":56,"column":4},"end":{"line":56,"column":58}},"type":"binary-expr","locations":[{"start":{"line":56,"column":4},"end":{"line":56,"column":16}},{"start":{"line":56,"column":20},"end":{"line":56,"column":58}}],"line":56},"12":{"loc":{"start":{"line":57,"column":4},"end":{"line":57,"column":58}},"type":"binary-expr","locations":[{"start":{"line":57,"column":4},"end":{"line":57,"column":16}},{"start":{"line":57,"column":20},"end":{"line":57,"column":58}}],"line":57},"13":{"loc":{"start":{"line":58,"column":4},"end":{"line":58,"column":58}},"type":"binary-expr","locations":[{"start":{"line":58,"column":4},"end":{"line":58,"column":16}},{"start":{"line":58,"column":20},"end":{"line":58,"column":58}}],"line":58},"14":{"loc":{"start":{"line":59,"column":4},"end":{"line":59,"column":58}},"type":"binary-expr","locations":[{"start":{"line":59,"column":4},"end":{"line":59,"column":16}},{"start":{"line":59,"column":20},"end":{"line":59,"column":58}}],"line":59},"15":{"loc":{"start":{"line":60,"column":4},"end":{"line":60,"column":56}},"type":"binary-expr","locations":[{"start":{"line":60,"column":4},"end":{"line":60,"column":16}},{"start":{"line":60,"column":20},"end":{"line":60,"column":56}}],"line":60},"16":{"loc":{"start":{"line":61,"column":4},"end":{"line":61,"column":58}},"type":"binary-expr","locations":[{"start":{"line":61,"column":4},"end":{"line":61,"column":16}},{"start":{"line":61,"column":20},"end":{"line":61,"column":58}}],"line":61},"17":{"loc":{"start":{"line":62,"column":4},"end":{"line":62,"column":58}},"type":"binary-expr","locations":[{"start":{"line":62,"column":4},"end":{"line":62,"column":16}},{"start":{"line":62,"column":20},"end":{"line":62,"column":58}}],"line":62},"18":{"loc":{"start":{"line":63,"column":4},"end":{"line":63,"column":54}},"type":"binary-expr","locations":[{"start":{"line":63,"column":4},"end":{"line":63,"column":16}},{"start":{"line":63,"column":20},"end":{"line":63,"column":54}}],"line":63},"19":{"loc":{"start":{"line":64,"column":4},"end":{"line":64,"column":79}},"type":"binary-expr","locations":[{"start":{"line":64,"column":4},"end":{"line":64,"column":16}},{"start":{"line":64,"column":20},"end":{"line":64,"column":79}}],"line":64},"20":{"loc":{"start":{"line":65,"column":4},"end":{"line":65,"column":67}},"type":"binary-expr","locations":[{"start":{"line":65,"column":4},"end":{"line":65,"column":16}},{"start":{"line":65,"column":20},"end":{"line":65,"column":67}}],"line":65},"21":{"loc":{"start":{"line":66,"column":4},"end":{"line":66,"column":33}},"type":"binary-expr","locations":[{"start":{"line":66,"column":4},"end":{"line":66,"column":16}},{"start":{"line":66,"column":20},"end":{"line":66,"column":33}}],"line":66},"22":{"loc":{"start":{"line":88,"column":4},"end":{"line":88,"column":57}},"type":"binary-expr","locations":[{"start":{"line":88,"column":4},"end":{"line":88,"column":16}},{"start":{"line":88,"column":20},"end":{"line":88,"column":57}}],"line":88},"23":{"loc":{"start":{"line":89,"column":4},"end":{"line":89,"column":56}},"type":"binary-expr","locations":[{"start":{"line":89,"column":4},"end":{"line":89,"column":16}},{"start":{"line":89,"column":20},"end":{"line":89,"column":56}}],"line":89},"24":{"loc":{"start":{"line":90,"column":4},"end":{"line":90,"column":58}},"type":"binary-expr","locations":[{"start":{"line":90,"column":4},"end":{"line":90,"column":16}},{"start":{"line":90,"column":20},"end":{"line":90,"column":58}}],"line":90},"25":{"loc":{"start":{"line":91,"column":4},"end":{"line":91,"column":60}},"type":"binary-expr","locations":[{"start":{"line":91,"column":4},"end":{"line":91,"column":16}},{"start":{"line":91,"column":20},"end":{"line":91,"column":60}}],"line":91},"26":{"loc":{"start":{"line":92,"column":4},"end":{"line":92,"column":55}},"type":"binary-expr","locations":[{"start":{"line":92,"column":4},"end":{"line":92,"column":16}},{"start":{"line":92,"column":20},"end":{"line":92,"column":55}}],"line":92},"27":{"loc":{"start":{"line":93,"column":4},"end":{"line":93,"column":33}},"type":"binary-expr","locations":[{"start":{"line":93,"column":4},"end":{"line":93,"column":16}},{"start":{"line":93,"column":20},"end":{"line":93,"column":33}}],"line":93},"28":{"loc":{"start":{"line":94,"column":11},"end":{"line":94,"column":37}},"type":"binary-expr","locations":[{"start":{"line":94,"column":11},"end":{"line":94,"column":13}},{"start":{"line":94,"column":17},"end":{"line":94,"column":19}},{"start":{"line":94,"column":23},"end":{"line":94,"column":25}},{"start":{"line":94,"column":29},"end":{"line":94,"column":31}},{"start":{"line":94,"column":35},"end":{"line":94,"column":37}}],"line":94}},"s":{"0":1,"1":1,"2":1,"3":1,"4":1,"5":1,"6":1,"7":1,"8":0,"9":1,"10":1058,"11":1,"12":529,"13":1,"14":3963,"15":1,"16":1847,"17":1,"18":7406,"19":1,"20":1847,"21":269,"22":269,"23":269,"24":269,"25":269,"26":269,"27":269,"28":269,"29":269,"30":269,"31":269,"32":269,"33":269,"34":269,"35":269,"36":269,"37":269,"38":269,"39":269,"40":269,"41":269,"42":269,"43":269,"44":269,"45":269,"46":269,"47":1,"48":260,"49":260,"50":260,"51":260,"52":260,"53":260,"54":260,"55":260,"56":260,"57":260,"58":260,"59":260,"60":260,"61":260,"62":260,"63":260,"64":260,"65":260,"66":260,"67":260,"68":260,"69":260,"70":260,"71":260,"72":260,"73":260,"74":1,"75":529,"76":529,"77":529,"78":529,"79":529,"80":529,"81":529,"82":529,"83":529,"84":529,"85":529,"86":529,"87":529,"88":529,"89":529,"90":529,"91":529,"92":529,"93":529,"94":529,"95":529,"96":529,"97":529,"98":529,"99":529,"100":529,"101":529,"102":529,"103":529,"104":529,"105":529,"106":529,"107":1,"108":0,"109":0,"110":0,"111":0,"112":0,"113":1,"114":1058,"115":1058,"116":1058,"117":1058,"118":1},"f":{"0":0,"1":1058,"2":529,"3":3963,"4":1847,"5":7406,"6":1847,"7":269,"8":260,"9":529,"10":0,"11":1058},"b":{"0":[269,0],"1":[269,0],"2":[269,0],"3":[269,0],"4":[269,0],"5":[269,0],"6":[269,0],"7":[269,0],"8":[269,0],"9":[269,0],"10":[269,0],"11":[260,0],"12":[260,0],"13":[260,0],"14":[260,0],"15":[260,0],"16":[260,0],"17":[260,0],"18":[260,0],"19":[260,0],"20":[260,0],"21":[260,0],"22":[529,0],"23":[529,0],"24":[529,0],"25":[529,0],"26":[529,0],"27":[529,0],"28":[529,529,529,529,529]},"_coverageSchema":"43e27e138ebf9cfc5966b082cf9a028302ed4184","hash":"a17f064773367629eb229e29e2127dfd3995b279","contentHash":"eb4b93d79a9fc345fa612c73ee7c54a35bfc8adc679ca339d32a3af310f7a7ec"},"/home/meck/code/master-project-sink/crypto/src/ff-elgamal/sumZKP.ts":{"path":"/home/meck/code/master-project-sink/crypto/src/ff-elgamal/sumZKP.ts","statementMap":{"0":{"start":{"line":2,"column":0},"end":{"line":2,"column":62}},"1":{"start":{"line":3,"column":15},"end":{"line":3,"column":34}},"2":{"start":{"line":4,"column":9},"end":{"line":4,"column":25}},"3":{"start":{"line":5,"column":11},"end":{"line":5,"column":26}},"4":{"start":{"line":6,"column":19},"end":{"line":6,"column":24}},"5":{"start":{"line":7,"column":0},"end":{"line":7,"column":55}},"6":{"start":{"line":7,"column":31},"end":{"line":7,"column":52}},"7":{"start":{"line":8,"column":10},"end":{"line":8,"column":60}},"8":{"start":{"line":8,"column":32},"end":{"line":8,"column":58}},"9":{"start":{"line":9,"column":10},"end":{"line":9,"column":60}},"10":{"start":{"line":9,"column":32},"end":{"line":9,"column":58}},"11":{"start":{"line":10,"column":10},"end":{"line":10,"column":60}},"12":{"start":{"line":10,"column":32},"end":{"line":10,"column":58}},"13":{"start":{"line":12,"column":12},"end":{"line":12,"column":20}},"14":{"start":{"line":12,"column":26},"end":{"line":12,"column":34}},"15":{"start":{"line":13,"column":12},"end":{"line":13,"column":47}},"16":{"start":{"line":14,"column":13},"end":{"line":14,"column":26}},"17":{"start":{"line":15,"column":13},"end":{"line":15,"column":29}},"18":{"start":{"line":16,"column":12},"end":{"line":16,"column":59}},"19":{"start":{"line":17,"column":13},"end":{"line":17,"column":32}},"20":{"start":{"line":18,"column":12},"end":{"line":18,"column":26}},"21":{"start":{"line":19,"column":12},"end":{"line":19,"column":26}},"22":{"start":{"line":20,"column":4},"end":{"line":20,"column":57}},"23":{"start":{"line":21,"column":4},"end":{"line":21,"column":59}},"24":{"start":{"line":22,"column":4},"end":{"line":22,"column":59}},"25":{"start":{"line":23,"column":4},"end":{"line":23,"column":57}},"26":{"start":{"line":24,"column":4},"end":{"line":24,"column":65}},"27":{"start":{"line":25,"column":4},"end":{"line":25,"column":34}},"28":{"start":{"line":26,"column":4},"end":{"line":26,"column":42}},"29":{"start":{"line":28,"column":0},"end":{"line":28,"column":44}},"30":{"start":{"line":30,"column":12},"end":{"line":30,"column":20}},"31":{"start":{"line":30,"column":26},"end":{"line":30,"column":34}},"32":{"start":{"line":31,"column":13},"end":{"line":31,"column":21}},"33":{"start":{"line":31,"column":28},"end":{"line":31,"column":36}},"34":{"start":{"line":31,"column":42},"end":{"line":31,"column":49}},"35":{"start":{"line":31,"column":55},"end":{"line":31,"column":62}},"36":{"start":{"line":32,"column":12},"end":{"line":32,"column":59}},"37":{"start":{"line":33,"column":13},"end":{"line":33,"column":26}},"38":{"start":{"line":34,"column":13},"end":{"line":34,"column":39}},"39":{"start":{"line":35,"column":13},"end":{"line":35,"column":22}},"40":{"start":{"line":36,"column":13},"end":{"line":36,"column":29}},"41":{"start":{"line":37,"column":13},"end":{"line":37,"column":42}},"42":{"start":{"line":38,"column":13},"end":{"line":38,"column":22}},"43":{"start":{"line":39,"column":4},"end":{"line":39,"column":88}},"44":{"start":{"line":40,"column":4},"end":{"line":40,"column":87}},"45":{"start":{"line":41,"column":4},"end":{"line":41,"column":34}},"46":{"start":{"line":42,"column":4},"end":{"line":42,"column":20}},"47":{"start":{"line":44,"column":0},"end":{"line":44,"column":40}},"48":{"start":{"line":46,"column":17},"end":{"line":46,"column":19}},"49":{"start":{"line":47,"column":4},"end":{"line":49,"column":5}},"50":{"start":{"line":47,"column":17},"end":{"line":47,"column":18}},"51":{"start":{"line":48,"column":8},"end":{"line":48,"column":38}},"52":{"start":{"line":50,"column":4},"end":{"line":50,"column":18}},"53":{"start":{"line":52,"column":0},"end":{"line":52,"column":42}},"54":{"start":{"line":54,"column":12},"end":{"line":54,"column":59}},"55":{"start":{"line":55,"column":4},"end":{"line":55,"column":27}},"56":{"start":{"line":56,"column":4},"end":{"line":56,"column":17}},"57":{"start":{"line":57,"column":4},"end":{"line":57,"column":13}},"58":{"start":{"line":59,"column":0},"end":{"line":59,"column":46}}},"fnMap":{"0":{"name":"(anonymous_0)","decl":{"start":{"line":7,"column":16},"end":{"line":7,"column":17}},"loc":{"start":{"line":7,"column":29},"end":{"line":7,"column":54}},"line":7},"1":{"name":"(anonymous_1)","decl":{"start":{"line":8,"column":10},"end":{"line":8,"column":11}},"loc":{"start":{"line":8,"column":30},"end":{"line":8,"column":60}},"line":8},"2":{"name":"(anonymous_2)","decl":{"start":{"line":9,"column":10},"end":{"line":9,"column":11}},"loc":{"start":{"line":9,"column":30},"end":{"line":9,"column":60}},"line":9},"3":{"name":"(anonymous_3)","decl":{"start":{"line":10,"column":10},"end":{"line":10,"column":11}},"loc":{"start":{"line":10,"column":30},"end":{"line":10,"column":60}},"line":10},"4":{"name":"generateSumProof","decl":{"start":{"line":11,"column":9},"end":{"line":11,"column":25}},"loc":{"start":{"line":11,"column":52},"end":{"line":27,"column":1}},"line":11},"5":{"name":"verifySumProof","decl":{"start":{"line":29,"column":9},"end":{"line":29,"column":23}},"loc":{"start":{"line":29,"column":53},"end":{"line":43,"column":1}},"line":29},"6":{"name":"numbersToString","decl":{"start":{"line":45,"column":9},"end":{"line":45,"column":24}},"loc":{"start":{"line":45,"column":34},"end":{"line":51,"column":1}},"line":45},"7":{"name":"generateChallenge","decl":{"start":{"line":53,"column":9},"end":{"line":53,"column":26}},"loc":{"start":{"line":53,"column":54},"end":{"line":58,"column":1}},"line":53}},"branchMap":{"0":{"loc":{"start":{"line":20,"column":4},"end":{"line":20,"column":56}},"type":"binary-expr","locations":[{"start":{"line":20,"column":4},"end":{"line":20,"column":16}},{"start":{"line":20,"column":20},"end":{"line":20,"column":56}}],"line":20},"1":{"loc":{"start":{"line":21,"column":4},"end":{"line":21,"column":58}},"type":"binary-expr","locations":[{"start":{"line":21,"column":4},"end":{"line":21,"column":16}},{"start":{"line":21,"column":20},"end":{"line":21,"column":58}}],"line":21},"2":{"loc":{"start":{"line":22,"column":4},"end":{"line":22,"column":58}},"type":"binary-expr","locations":[{"start":{"line":22,"column":4},"end":{"line":22,"column":16}},{"start":{"line":22,"column":20},"end":{"line":22,"column":58}}],"line":22},"3":{"loc":{"start":{"line":23,"column":4},"end":{"line":23,"column":56}},"type":"binary-expr","locations":[{"start":{"line":23,"column":4},"end":{"line":23,"column":16}},{"start":{"line":23,"column":20},"end":{"line":23,"column":56}}],"line":23},"4":{"loc":{"start":{"line":24,"column":4},"end":{"line":24,"column":64}},"type":"binary-expr","locations":[{"start":{"line":24,"column":4},"end":{"line":24,"column":16}},{"start":{"line":24,"column":20},"end":{"line":24,"column":64}}],"line":24},"5":{"loc":{"start":{"line":25,"column":4},"end":{"line":25,"column":33}},"type":"binary-expr","locations":[{"start":{"line":25,"column":4},"end":{"line":25,"column":16}},{"start":{"line":25,"column":20},"end":{"line":25,"column":33}}],"line":25},"6":{"loc":{"start":{"line":39,"column":4},"end":{"line":39,"column":87}},"type":"binary-expr","locations":[{"start":{"line":39,"column":4},"end":{"line":39,"column":16}},{"start":{"line":39,"column":20},"end":{"line":39,"column":87}}],"line":39},"7":{"loc":{"start":{"line":40,"column":4},"end":{"line":40,"column":86}},"type":"binary-expr","locations":[{"start":{"line":40,"column":4},"end":{"line":40,"column":16}},{"start":{"line":40,"column":20},"end":{"line":40,"column":86}}],"line":40},"8":{"loc":{"start":{"line":41,"column":4},"end":{"line":41,"column":33}},"type":"binary-expr","locations":[{"start":{"line":41,"column":4},"end":{"line":41,"column":16}},{"start":{"line":41,"column":20},"end":{"line":41,"column":33}}],"line":41},"9":{"loc":{"start":{"line":42,"column":11},"end":{"line":42,"column":19}},"type":"binary-expr","locations":[{"start":{"line":42,"column":11},"end":{"line":42,"column":13}},{"start":{"line":42,"column":17},"end":{"line":42,"column":19}}],"line":42}},"s":{"0":1,"1":1,"2":1,"3":1,"4":1,"5":1,"6":0,"7":1,"8":42,"9":1,"10":84,"11":1,"12":294,"13":42,"14":42,"15":42,"16":42,"17":42,"18":42,"19":42,"20":42,"21":42,"22":42,"23":42,"24":42,"25":42,"26":42,"27":42,"28":42,"29":1,"30":42,"31":42,"32":42,"33":42,"34":42,"35":42,"36":42,"37":42,"38":42,"39":42,"40":42,"41":42,"42":42,"43":42,"44":42,"45":42,"46":42,"47":1,"48":0,"49":0,"50":0,"51":0,"52":0,"53":1,"54":84,"55":84,"56":84,"57":84,"58":1},"f":{"0":0,"1":42,"2":84,"3":294,"4":42,"5":42,"6":0,"7":84},"b":{"0":[42,0],"1":[42,0],"2":[42,0],"3":[42,0],"4":[42,0],"5":[42,0],"6":[42,0],"7":[42,0],"8":[42,0],"9":[42,42]},"_coverageSchema":"43e27e138ebf9cfc5966b082cf9a028302ed4184","hash":"06e4d58fed1a1b6e031a4035a37c8faaf0ea8f40","contentHash":"11de8031d29f94cdaa6008016151017fa3373b740c11f0e6240e7b532774bba3"},"/home/meck/code/master-project-sink/crypto/src/ff-elgamal/keygen.ts":{"path":"/home/meck/code/master-project-sink/crypto/src/ff-elgamal/keygen.ts","statementMap":{"0":{"start":{"line":2,"column":0},"end":{"line":2,"column":62}},"1":{"start":{"line":3,"column":15},"end":{"line":3,"column":34}},"2":{"start":{"line":4,"column":19},"end":{"line":4,"column":42}},"3":{"start":{"line":5,"column":11},"end":{"line":5,"column":26}},"4":{"start":{"line":6,"column":10},"end":{"line":6,"column":15}},"5":{"start":{"line":7,"column":0},"end":{"line":9,"column":2}},"6":{"start":{"line":8,"column":4},"end":{"line":8,"column":80}},"7":{"start":{"line":10,"column":0},"end":{"line":15,"column":2}},"8":{"start":{"line":11,"column":12},"end":{"line":11,"column":20}},"9":{"start":{"line":11,"column":26},"end":{"line":11,"column":34}},"10":{"start":{"line":11,"column":40},"end":{"line":11,"column":48}},"11":{"start":{"line":12,"column":13},"end":{"line":12,"column":45}},"12":{"start":{"line":13,"column":12},"end":{"line":13,"column":36}},"13":{"start":{"line":14,"column":4},"end":{"line":14,"column":30}},"14":{"start":{"line":16,"column":0},"end":{"line":24,"column":2}},"15":{"start":{"line":17,"column":12},"end":{"line":17,"column":20}},"16":{"start":{"line":17,"column":26},"end":{"line":17,"column":34}},"17":{"start":{"line":17,"column":40},"end":{"line":17,"column":48}},"18":{"start":{"line":18,"column":13},"end":{"line":18,"column":21}},"19":{"start":{"line":18,"column":29},"end":{"line":18,"column":38}},"20":{"start":{"line":19,"column":12},"end":{"line":19,"column":44}},"21":{"start":{"line":20,"column":12},"end":{"line":20,"column":35}},"22":{"start":{"line":21,"column":12},"end":{"line":21,"column":51}},"23":{"start":{"line":22,"column":12},"end":{"line":22,"column":59}},"24":{"start":{"line":23,"column":4},"end":{"line":23,"column":26}},"25":{"start":{"line":25,"column":0},"end":{"line":38,"column":2}},"26":{"start":{"line":26,"column":12},"end":{"line":26,"column":20}},"27":{"start":{"line":26,"column":26},"end":{"line":26,"column":34}},"28":{"start":{"line":26,"column":40},"end":{"line":26,"column":48}},"29":{"start":{"line":27,"column":12},"end":{"line":27,"column":19}},"30":{"start":{"line":27,"column":25},"end":{"line":27,"column":32}},"31":{"start":{"line":28,"column":12},"end":{"line":28,"column":80}},"32":{"start":{"line":29,"column":13},"end":{"line":29,"column":52}},"33":{"start":{"line":30,"column":20},"end":{"line":30,"column":28}},"34":{"start":{"line":31,"column":16},"end":{"line":31,"column":39}},"35":{"start":{"line":32,"column":17},"end":{"line":32,"column":63}},"36":{"start":{"line":33,"column":17},"end":{"line":33,"column":33}},"37":{"start":{"line":34,"column":4},"end":{"line":34,"column":60}},"38":{"start":{"line":35,"column":4},"end":{"line":35,"column":53}},"39":{"start":{"line":36,"column":4},"end":{"line":36,"column":25}},"40":{"start":{"line":37,"column":4},"end":{"line":37,"column":31}},"41":{"start":{"line":39,"column":0},"end":{"line":41,"column":2}},"42":{"start":{"line":40,"column":4},"end":{"line":40,"column":114}},"43":{"start":{"line":40,"column":62},"end":{"line":40,"column":110}},"44":{"start":{"line":42,"column":0},"end":{"line":44,"column":2}},"45":{"start":{"line":43,"column":4},"end":{"line":43,"column":107}},"46":{"start":{"line":43,"column":59},"end":{"line":43,"column":103}},"47":{"start":{"line":45,"column":0},"end":{"line":47,"column":2}},"48":{"start":{"line":46,"column":4},"end":{"line":46,"column":62}},"49":{"start":{"line":48,"column":0},"end":{"line":52,"column":2}},"50":{"start":{"line":49,"column":13},"end":{"line":49,"column":151}},"51":{"start":{"line":49,"column":89},"end":{"line":49,"column":137}},"52":{"start":{"line":50,"column":12},"end":{"line":50,"column":107}},"53":{"start":{"line":51,"column":4},"end":{"line":51,"column":13}},"54":{"start":{"line":53,"column":0},"end":{"line":58,"column":2}},"55":{"start":{"line":54,"column":12},"end":{"line":54,"column":52}},"56":{"start":{"line":55,"column":4},"end":{"line":55,"column":27}},"57":{"start":{"line":56,"column":4},"end":{"line":56,"column":17}},"58":{"start":{"line":57,"column":4},"end":{"line":57,"column":13}}},"fnMap":{"0":{"name":"(anonymous_0)","decl":{"start":{"line":7,"column":35},"end":{"line":7,"column":36}},"loc":{"start":{"line":7,"column":54},"end":{"line":9,"column":1}},"line":7},"1":{"name":"(anonymous_1)","decl":{"start":{"line":10,"column":28},"end":{"line":10,"column":29}},"loc":{"start":{"line":10,"column":46},"end":{"line":15,"column":1}},"line":10},"2":{"name":"(anonymous_2)","decl":{"start":{"line":16,"column":37},"end":{"line":16,"column":38}},"loc":{"start":{"line":16,"column":66},"end":{"line":24,"column":1}},"line":16},"3":{"name":"(anonymous_3)","decl":{"start":{"line":25,"column":35},"end":{"line":25,"column":36}},"loc":{"start":{"line":25,"column":68},"end":{"line":38,"column":1}},"line":25},"4":{"name":"(anonymous_4)","decl":{"start":{"line":39,"column":28},"end":{"line":39,"column":29}},"loc":{"start":{"line":39,"column":63},"end":{"line":41,"column":1}},"line":39},"5":{"name":"(anonymous_5)","decl":{"start":{"line":40,"column":34},"end":{"line":40,"column":35}},"loc":{"start":{"line":40,"column":60},"end":{"line":40,"column":112}},"line":40},"6":{"name":"(anonymous_6)","decl":{"start":{"line":42,"column":29},"end":{"line":42,"column":30}},"loc":{"start":{"line":42,"column":65},"end":{"line":44,"column":1}},"line":42},"7":{"name":"(anonymous_7)","decl":{"start":{"line":43,"column":35},"end":{"line":43,"column":36}},"loc":{"start":{"line":43,"column":57},"end":{"line":43,"column":105}},"line":43},"8":{"name":"(anonymous_8)","decl":{"start":{"line":45,"column":23},"end":{"line":45,"column":24}},"loc":{"start":{"line":45,"column":65},"end":{"line":47,"column":1}},"line":45},"9":{"name":"(anonymous_9)","decl":{"start":{"line":48,"column":33},"end":{"line":48,"column":34}},"loc":{"start":{"line":48,"column":76},"end":{"line":52,"column":1}},"line":48},"10":{"name":"(anonymous_10)","decl":{"start":{"line":49,"column":61},"end":{"line":49,"column":62}},"loc":{"start":{"line":49,"column":87},"end":{"line":49,"column":139}},"line":49},"11":{"name":"(anonymous_11)","decl":{"start":{"line":53,"column":28},"end":{"line":53,"column":29}},"loc":{"start":{"line":53,"column":58},"end":{"line":58,"column":1}},"line":53}},"branchMap":{"0":{"loc":{"start":{"line":34,"column":4},"end":{"line":34,"column":59}},"type":"binary-expr","locations":[{"start":{"line":34,"column":4},"end":{"line":34,"column":7}},{"start":{"line":34,"column":11},"end":{"line":34,"column":59}}],"line":34},"1":{"loc":{"start":{"line":35,"column":4},"end":{"line":35,"column":52}},"type":"binary-expr","locations":[{"start":{"line":35,"column":4},"end":{"line":35,"column":7}},{"start":{"line":35,"column":11},"end":{"line":35,"column":52}}],"line":35},"2":{"loc":{"start":{"line":36,"column":4},"end":{"line":36,"column":24}},"type":"binary-expr","locations":[{"start":{"line":36,"column":4},"end":{"line":36,"column":7}},{"start":{"line":36,"column":11},"end":{"line":36,"column":24}}],"line":36},"3":{"loc":{"start":{"line":37,"column":11},"end":{"line":37,"column":30}},"type":"binary-expr","locations":[{"start":{"line":37,"column":11},"end":{"line":37,"column":20}},{"start":{"line":37,"column":24},"end":{"line":37,"column":30}}],"line":37}},"s":{"0":1,"1":1,"2":1,"3":1,"4":1,"5":1,"6":12,"7":1,"8":12,"9":12,"10":12,"11":12,"12":12,"13":12,"14":1,"15":12,"16":12,"17":12,"18":12,"19":12,"20":12,"21":12,"22":12,"23":12,"24":12,"25":1,"26":12,"27":12,"28":12,"29":12,"30":12,"31":12,"32":12,"33":12,"34":12,"35":12,"36":12,"37":12,"38":12,"39":12,"40":12,"41":1,"42":4,"43":4,"44":1,"45":1,"46":1,"47":1,"48":2,"49":1,"50":1,"51":1,"52":1,"53":1,"54":1,"55":24,"56":24,"57":24,"58":24},"f":{"0":12,"1":12,"2":12,"3":12,"4":4,"5":4,"6":1,"7":1,"8":2,"9":1,"10":1,"11":24},"b":{"0":[12,0],"1":[12,0],"2":[12,0],"3":[12,12]},"_coverageSchema":"43e27e138ebf9cfc5966b082cf9a028302ed4184","hash":"cec1146108f9e9e1a6f3033cf5846d254703d04d","contentHash":"7fe0676ed7b77f63523657baa853e4cf8e29d5940ff60cb71454351607c90a39"},"/home/meck/code/master-project-sink/crypto/src/ff-elgamal/models.ts":{"path":"/home/meck/code/master-project-sink/crypto/src/ff-elgamal/models.ts","statementMap":{"0":{"start":{"line":2,"column":0},"end":{"line":2,"column":62}}},"fnMap":{},"branchMap":{},"s":{"0":1},"f":{},"b":{},"_coverageSchema":"43e27e138ebf9cfc5966b082cf9a028302ed4184","hash":"908a0777393b1c874e3765a250848648497c6462","contentHash":"cbb9482b21441c693ca428684ee61685c9d1cc4b0d4d53151f52535837c090f2"},"/home/meck/code/master-project-sink/crypto/src/ec-elgamal/index.ts":{"path":"/home/meck/code/master-project-sink/crypto/src/ec-elgamal/index.ts","statementMap":{"0":{"start":{"line":2,"column":0},"end":{"line":2,"column":62}},"1":{"start":{"line":3,"column":17},"end":{"line":3,"column":40}},"2":{"start":{"line":4,"column":0},"end":{"line":4,"column":32}},"3":{"start":{"line":5,"column":13},"end":{"line":5,"column":32}},"4":{"start":{"line":6,"column":0},"end":{"line":6,"column":24}},"5":{"start":{"line":7,"column":14},"end":{"line":7,"column":34}},"6":{"start":{"line":8,"column":0},"end":{"line":8,"column":26}},"7":{"start":{"line":9,"column":13},"end":{"line":9,"column":32}},"8":{"start":{"line":10,"column":0},"end":{"line":10,"column":24}},"9":{"start":{"line":11,"column":13},"end":{"line":11,"column":32}},"10":{"start":{"line":12,"column":0},"end":{"line":12,"column":24}},"11":{"start":{"line":13,"column":20},"end":{"line":13,"column":39}},"12":{"start":{"line":14,"column":0},"end":{"line":14,"column":38}},"13":{"start":{"line":15,"column":15},"end":{"line":15,"column":34}},"14":{"start":{"line":16,"column":0},"end":{"line":16,"column":53}},"15":{"start":{"line":17,"column":0},"end":{"line":17,"column":37}}},"fnMap":{},"branchMap":{},"s":{"0":1,"1":1,"2":1,"3":1,"4":1,"5":1,"6":1,"7":1,"8":1,"9":1,"10":1,"11":1,"12":1,"13":1,"14":1,"15":1},"f":{},"b":{},"_coverageSchema":"43e27e138ebf9cfc5966b082cf9a028302ed4184","hash":"373d98b6cc53ded526fca64339feedeed741df9f","contentHash":"fdb4aa372a6a9212ced8652df68695985597f0573640bb1efd4c5ad59423799e"},"/home/meck/code/master-project-sink/crypto/src/ec-elgamal/encryption.ts":{"path":"/home/meck/code/master-project-sink/crypto/src/ec-elgamal/encryption.ts","statementMap":{"0":{"start":{"line":2,"column":0},"end":{"line":2,"column":62}},"1":{"start":{"line":3,"column":15},"end":{"line":3,"column":34}},"2":{"start":{"line":4,"column":20},"end":{"line":4,"column":44}},"3":{"start":{"line":5,"column":16},"end":{"line":5,"column":21}},"4":{"start":{"line":6,"column":0},"end":{"line":15,"column":2}},"5":{"start":{"line":7,"column":12},"end":{"line":7,"column":76}},"6":{"start":{"line":8,"column":13},"end":{"line":8,"column":47}},"7":{"start":{"line":9,"column":12},"end":{"line":9,"column":23}},"8":{"start":{"line":10,"column":13},"end":{"line":10,"column":27}},"9":{"start":{"line":11,"column":4},"end":{"line":11,"column":100}},"10":{"start":{"line":12,"column":4},"end":{"line":12,"column":102}},"11":{"start":{"line":13,"column":4},"end":{"line":13,"column":98}},"12":{"start":{"line":14,"column":4},"end":{"line":14,"column":34}},"13":{"start":{"line":16,"column":0},"end":{"line":25,"column":2}},"14":{"start":{"line":17,"column":13},"end":{"line":17,"column":25}},"15":{"start":{"line":17,"column":32},"end":{"line":17,"column":44}},"16":{"start":{"line":18,"column":12},"end":{"line":18,"column":25}},"17":{"start":{"line":19,"column":19},"end":{"line":19,"column":26}},"18":{"start":{"line":20,"column":12},"end":{"line":20,"column":28}},"19":{"start":{"line":21,"column":4},"end":{"line":21,"column":96}},"20":{"start":{"line":22,"column":4},"end":{"line":22,"column":106}},"21":{"start":{"line":23,"column":4},"end":{"line":23,"column":92}},"22":{"start":{"line":24,"column":4},"end":{"line":24,"column":13}},"23":{"start":{"line":26,"column":0},"end":{"line":31,"column":2}},"24":{"start":{"line":27,"column":4},"end":{"line":30,"column":6}}},"fnMap":{"0":{"name":"(anonymous_0)","decl":{"start":{"line":6,"column":18},"end":{"line":6,"column":19}},"loc":{"start":{"line":6,"column":43},"end":{"line":15,"column":1}},"line":6},"1":{"name":"(anonymous_1)","decl":{"start":{"line":16,"column":18},"end":{"line":16,"column":19}},"loc":{"start":{"line":16,"column":47},"end":{"line":25,"column":1}},"line":16},"2":{"name":"(anonymous_2)","decl":{"start":{"line":26,"column":25},"end":{"line":26,"column":26}},"loc":{"start":{"line":26,"column":53},"end":{"line":31,"column":1}},"line":26}},"branchMap":{"0":{"loc":{"start":{"line":11,"column":4},"end":{"line":11,"column":99}},"type":"binary-expr","locations":[{"start":{"line":11,"column":4},"end":{"line":11,"column":13}},{"start":{"line":11,"column":17},"end":{"line":11,"column":99}}],"line":11},"1":{"loc":{"start":{"line":12,"column":4},"end":{"line":12,"column":101}},"type":"binary-expr","locations":[{"start":{"line":12,"column":4},"end":{"line":12,"column":13}},{"start":{"line":12,"column":17},"end":{"line":12,"column":101}}],"line":12},"2":{"loc":{"start":{"line":13,"column":4},"end":{"line":13,"column":97}},"type":"binary-expr","locations":[{"start":{"line":13,"column":4},"end":{"line":13,"column":13}},{"start":{"line":13,"column":17},"end":{"line":13,"column":97}}],"line":13},"3":{"loc":{"start":{"line":21,"column":4},"end":{"line":21,"column":95}},"type":"binary-expr","locations":[{"start":{"line":21,"column":4},"end":{"line":21,"column":13}},{"start":{"line":21,"column":17},"end":{"line":21,"column":95}}],"line":21},"4":{"loc":{"start":{"line":22,"column":4},"end":{"line":22,"column":105}},"type":"binary-expr","locations":[{"start":{"line":22,"column":4},"end":{"line":22,"column":13}},{"start":{"line":22,"column":17},"end":{"line":22,"column":105}}],"line":22},"5":{"loc":{"start":{"line":23,"column":4},"end":{"line":23,"column":91}},"type":"binary-expr","locations":[{"start":{"line":23,"column":4},"end":{"line":23,"column":13}},{"start":{"line":23,"column":17},"end":{"line":23,"column":91}}],"line":23}},"s":{"0":1,"1":1,"2":1,"3":1,"4":1,"5":160,"6":160,"7":160,"8":160,"9":160,"10":160,"11":160,"12":160,"13":1,"14":35,"15":35,"16":35,"17":35,"18":35,"19":35,"20":35,"21":35,"22":35,"23":1,"24":122},"f":{"0":160,"1":35,"2":122},"b":{"0":[160,0],"1":[160,0],"2":[160,0],"3":[35,0],"4":[35,0],"5":[35,0]},"_coverageSchema":"43e27e138ebf9cfc5966b082cf9a028302ed4184","hash":"0020fa4fac468300f739b416ad8feb2eccad3125","contentHash":"86110730036fdc9ff3d993b8330ee851a281cd4a08720d3e4d62156ecc49add8"},"/home/meck/code/master-project-sink/crypto/src/ec-elgamal/helper.ts":{"path":"/home/meck/code/master-project-sink/crypto/src/ec-elgamal/helper.ts","statementMap":{"0":{"start":{"line":2,"column":0},"end":{"line":2,"column":62}},"1":{"start":{"line":3,"column":13},"end":{"line":3,"column":30}},"2":{"start":{"line":4,"column":9},"end":{"line":4,"column":25}},"3":{"start":{"line":5,"column":0},"end":{"line":17,"column":2}},"4":{"start":{"line":6,"column":4},"end":{"line":6,"column":49}},"5":{"start":{"line":6,"column":32},"end":{"line":6,"column":47}},"6":{"start":{"line":7,"column":14},"end":{"line":7,"column":27}},"7":{"start":{"line":8,"column":29},"end":{"line":8,"column":39}},"8":{"start":{"line":9,"column":26},"end":{"line":9,"column":35}},"9":{"start":{"line":10,"column":22},"end":{"line":10,"column":57}},"10":{"start":{"line":11,"column":22},"end":{"line":11,"column":41}},"11":{"start":{"line":12,"column":4},"end":{"line":15,"column":5}},"12":{"start":{"line":13,"column":8},"end":{"line":13,"column":58}},"13":{"start":{"line":14,"column":8},"end":{"line":14,"column":42}},"14":{"start":{"line":16,"column":4},"end":{"line":16,"column":23}},"15":{"start":{"line":18,"column":0},"end":{"line":21,"column":2}},"16":{"start":{"line":19,"column":4},"end":{"line":19,"column":39}},"17":{"start":{"line":19,"column":27},"end":{"line":19,"column":37}},"18":{"start":{"line":20,"column":4},"end":{"line":20,"column":27}},"19":{"start":{"line":22,"column":0},"end":{"line":22,"column":67}},"20":{"start":{"line":22,"column":39},"end":{"line":22,"column":64}},"21":{"start":{"line":23,"column":0},"end":{"line":23,"column":67}},"22":{"start":{"line":23,"column":39},"end":{"line":23,"column":64}},"23":{"start":{"line":24,"column":0},"end":{"line":24,"column":67}},"24":{"start":{"line":24,"column":39},"end":{"line":24,"column":64}},"25":{"start":{"line":25,"column":0},"end":{"line":25,"column":53}},"26":{"start":{"line":25,"column":34},"end":{"line":25,"column":50}},"27":{"start":{"line":26,"column":0},"end":{"line":26,"column":53}},"28":{"start":{"line":26,"column":34},"end":{"line":26,"column":50}},"29":{"start":{"line":27,"column":0},"end":{"line":27,"column":59}},"30":{"start":{"line":27,"column":34},"end":{"line":27,"column":56}},"31":{"start":{"line":29,"column":22},"end":{"line":29,"column":36}},"32":{"start":{"line":30,"column":13},"end":{"line":30,"column":43}},"33":{"start":{"line":31,"column":13},"end":{"line":31,"column":43}},"34":{"start":{"line":32,"column":4},"end":{"line":32,"column":19}},"35":{"start":{"line":34,"column":0},"end":{"line":34,"column":48}},"36":{"start":{"line":36,"column":19},"end":{"line":36,"column":21}},"37":{"start":{"line":37,"column":4},"end":{"line":40,"column":5}},"38":{"start":{"line":37,"column":18},"end":{"line":37,"column":19}},"39":{"start":{"line":37,"column":32},"end":{"line":37,"column":38}},"40":{"start":{"line":38,"column":20},"end":{"line":38,"column":32}},"41":{"start":{"line":39,"column":8},"end":{"line":39,"column":46}},"42":{"start":{"line":41,"column":4},"end":{"line":41,"column":20}},"43":{"start":{"line":43,"column":0},"end":{"line":43,"column":50}}},"fnMap":{"0":{"name":"(anonymous_0)","decl":{"start":{"line":5,"column":31},"end":{"line":5,"column":32}},"loc":{"start":{"line":5,"column":55},"end":{"line":17,"column":1}},"line":5},"1":{"name":"(anonymous_1)","decl":{"start":{"line":18,"column":16},"end":{"line":18,"column":17}},"loc":{"start":{"line":18,"column":35},"end":{"line":21,"column":1}},"line":18},"2":{"name":"(anonymous_2)","decl":{"start":{"line":22,"column":16},"end":{"line":22,"column":17}},"loc":{"start":{"line":22,"column":37},"end":{"line":22,"column":66}},"line":22},"3":{"name":"(anonymous_3)","decl":{"start":{"line":23,"column":16},"end":{"line":23,"column":17}},"loc":{"start":{"line":23,"column":37},"end":{"line":23,"column":66}},"line":23},"4":{"name":"(anonymous_4)","decl":{"start":{"line":24,"column":16},"end":{"line":24,"column":17}},"loc":{"start":{"line":24,"column":37},"end":{"line":24,"column":66}},"line":24},"5":{"name":"(anonymous_5)","decl":{"start":{"line":25,"column":16},"end
[...]
":1,"13":0,"14":1,"15":1,"16":1,"17":1,"18":1,"19":1,"20":1,"21":1,"22":1,"23":1,"24":1,"25":1,"26":1,"27":1,"28":1,"29":1,"30":1,"31":1,"32":1,"33":1,"34":1,"35":1,"36":1,"37":1,"38":1,"39":1,"40":1,"41":1,"42":1,"43":1,"44":1,"45":0,"46":1,"47":1,"48":1,"49":1,"50":1,"51":1,"52":1,"53":1,"54":1,"55":1,"56":1,"57":1,"58":1,"59":1,"60":1,"61":1,"62":1,"63":1,"64":1,"65":1,"66":1,"67":1,"68":1,"69":1,"70":1,"71":2,"72":2,"73":2,"74":2,"75":2,"76":2,"77":2,"78":2,"79":2,"80":2,"81":2,"82":2,"83":2,"84":2,"85":2,"86":2,"87":2,"88":2,"89":2,"90":2,"91":2,"92":2,"93":2,"94":2,"95":2,"96":2,"97":2,"98":2,"99":2,"100":2,"101":2,"102":2,"103":2,"104":2,"105":2,"106":2,"107":1,"108":4,"109":4,"110":4,"111":4,"112":4,"113":4,"114":1},"f":{"0":1,"1":1,"2":2,"3":4},"b":{"0":[0,1],"1":[1,1],"2":[1,0],"3":[1,0],"4":[1,0],"5":[1,0],"6":[1,0],"7":[1,0],"8":[1,0],"9":[1,0],"10":[1,0],"11":[1,0],"12":[1,0],"13":[0,1],"14":[1,1],"15":[1,0],"16":[1,0],"17":[1,0],"18":[1,0],"19":[1,0],"20":[1,0],"21":[1,0],"22":[1,0],"23":[1,0],"24":[1,0],"25":[1,0],"26":[2,0],"27":[2,0],"28":[2,0],"29":[2,0],"30":[2,0],"31":[2,0],"32":[2,0],"33":[2,2,2,1,1]},"_coverageSchema":"43e27e138ebf9cfc5966b082cf9a028302ed4184","hash":"35df0df319337f19fe6628db2c839b6b1f5ff17c","contentHash":"2592be0055393e517dc2224fceaa31dec708f66f2d4cab5fe6cb0ca3dfe8daa1"},"/home/meck/code/master-project-sink/crypto/src/ec-elgamal/sumZKP.ts":{"path":"/home/meck/code/master-project-sink/crypto/src/ec-elgamal/sumZKP.ts","statementMap":{"0":{"start":{"line":2,"column":0},"end":{"line":2,"column":62}},"1":{"start":{"line":3,"column":14},"end":{"line":3,"column":33}},"2":{"start":{"line":4,"column":15},"end":{"line":4,"column":34}},"3":{"start":{"line":5,"column":9},"end":{"line":5,"column":25}},"4":{"start":{"line":6,"column":20},"end":{"line":6,"column":44}},"5":{"start":{"line":7,"column":10},"end":{"line":7,"column":15}},"6":{"start":{"line":8,"column":0},"end":{"line":28,"column":2}},"7":{"start":{"line":9,"column":12},"end":{"line":9,"column":27}},"8":{"start":{"line":9,"column":33},"end":{"line":9,"column":48}},"9":{"start":{"line":10,"column":12},"end":{"line":10,"column":20}},"10":{"start":{"line":10,"column":26},"end":{"line":10,"column":34}},"11":{"start":{"line":10,"column":40},"end":{"line":10,"column":48}},"12":{"start":{"line":10,"column":54},"end":{"line":10,"column":62}},"13":{"start":{"line":11,"column":12},"end":{"line":11,"column":60}},"14":{"start":{"line":12,"column":13},"end":{"line":12,"column":33}},"15":{"start":{"line":13,"column":13},"end":{"line":13,"column":33}},"16":{"start":{"line":14,"column":12},"end":{"line":14,"column":50}},"17":{"start":{"line":15,"column":13},"end":{"line":15,"column":37}},"18":{"start":{"line":16,"column":12},"end":{"line":16,"column":36}},"19":{"start":{"line":17,"column":12},"end":{"line":17,"column":33}},"20":{"start":{"line":18,"column":4},"end":{"line":18,"column":94}},"21":{"start":{"line":19,"column":4},"end":{"line":19,"column":94}},"22":{"start":{"line":20,"column":4},"end":{"line":20,"column":92}},"23":{"start":{"line":21,"column":4},"end":{"line":21,"column":37}},"24":{"start":{"line":22,"column":4},"end":{"line":22,"column":39}},"25":{"start":{"line":23,"column":4},"end":{"line":23,"column":39}},"26":{"start":{"line":24,"column":4},"end":{"line":24,"column":37}},"27":{"start":{"line":25,"column":4},"end":{"line":25,"column":45}},"28":{"start":{"line":26,"column":4},"end":{"line":26,"column":25}},"29":{"start":{"line":27,"column":4},"end":{"line":27,"column":42}},"30":{"start":{"line":29,"column":0},"end":{"line":44,"column":2}},"31":{"start":{"line":30,"column":12},"end":{"line":30,"column":26}},"32":{"start":{"line":30,"column":32},"end":{"line":30,"column":46}},"33":{"start":{"line":31,"column":12},"end":{"line":31,"column":20}},"34":{"start":{"line":31,"column":26},"end":{"line":31,"column":34}},"35":{"start":{"line":31,"column":40},"end":{"line":31,"column":48}},"36":{"start":{"line":31,"column":54},"end":{"line":31,"column":62}},"37":{"start":{"line":32,"column":13},"end":{"line":32,"column":21}},"38":{"start":{"line":32,"column":28},"end":{"line":32,"column":36}},"39":{"start":{"line":32,"column":42},"end":{"line":32,"column":49}},"40":{"start":{"line":32,"column":55},"end":{"line":32,"column":62}},"41":{"start":{"line":33,"column":12},"end":{"line":33,"column":50}},"42":{"start":{"line":34,"column":13},"end":{"line":34,"column":33}},"43":{"start":{"line":35,"column":13},"end":{"line":35,"column":53}},"44":{"start":{"line":36,"column":13},"end":{"line":36,"column":22}},"45":{"start":{"line":37,"column":13},"end":{"line":37,"column":33}},"46":{"start":{"line":38,"column":13},"end":{"line":38,"column":53}},"47":{"start":{"line":39,"column":13},"end":{"line":39,"column":22}},"48":{"start":{"line":40,"column":4},"end":{"line":40,"column":49}},"49":{"start":{"line":41,"column":4},"end":{"line":41,"column":48}},"50":{"start":{"line":42,"column":4},"end":{"line":42,"column":25}},"51":{"start":{"line":43,"column":4},"end":{"line":43,"column":20}},"52":{"start":{"line":46,"column":22},"end":{"line":46,"column":36}},"53":{"start":{"line":47,"column":13},"end":{"line":47,"column":43}},"54":{"start":{"line":48,"column":13},"end":{"line":48,"column":43}},"55":{"start":{"line":49,"column":4},"end":{"line":49,"column":19}},"56":{"start":{"line":51,"column":0},"end":{"line":51,"column":56}},"57":{"start":{"line":53,"column":19},"end":{"line":53,"column":21}},"58":{"start":{"line":54,"column":4},"end":{"line":57,"column":5}},"59":{"start":{"line":54,"column":18},"end":{"line":54,"column":19}},"60":{"start":{"line":54,"column":32},"end":{"line":54,"column":38}},"61":{"start":{"line":55,"column":20},"end":{"line":55,"column":32}},"62":{"start":{"line":56,"column":8},"end":{"line":56,"column":50}},"63":{"start":{"line":58,"column":4},"end":{"line":58,"column":20}},"64":{"start":{"line":60,"column":0},"end":{"line":60,"column":64}},"65":{"start":{"line":62,"column":25},"end":{"line":62,"column":67}},"66":{"start":{"line":63,"column":16},"end":{"line":63,"column":35}},"67":{"start":{"line":64,"column":12},"end":{"line":67,"column":22}},"68":{"start":{"line":68,"column":4},"end":{"line":68,"column":25}},"69":{"start":{"line":69,"column":4},"end":{"line":69,"column":17}},"70":{"start":{"line":70,"column":4},"end":{"line":70,"column":13}},"71":{"start":{"line":72,"column":0},"end":{"line":72,"column":46}}},"fnMap":{"0":{"name":"(anonymous_0)","decl":{"start":{"line":8,"column":27},"end":{"line":8,"column":28}},"loc":{"start":{"line":8,"column":68},"end":{"line":28,"column":1}},"line":8},"1":{"name":"(anonymous_1)","decl":{"start":{"line":29,"column":25},"end":{"line":29,"column":26}},"loc":{"start":{"line":29,"column":72},"end":{"line":44,"column":1}},"line":29},"2":{"name":"convertECPointToString","decl":{"start":{"line":45,"column":9},"end":{"line":45,"column":31}},"loc":{"start":{"line":45,"column":39},"end":{"line":50,"column":1}},"line":45},"3":{"name":"convertAllECPointsToString","decl":{"start":{"line":52,"column":9},"end":{"line":52,"column":35}},"loc":{"start":{"line":52,"column":44},"end":{"line":59,"column":1}},"line":52},"4":{"name":"generateChallenge","decl":{"start":{"line":61,"column":9},"end":{"line":61,"column":26}},"loc":{"start":{"line":61,"column":48},"end":{"line":71,"column":1}},"line":61}},"branchMap":{"0":{"loc":{"start":{"line":18,"column":4},"end":{"line":18,"column":93}},"type":"binary-expr","locations":[{"start":{"line":18,"column":4},"end":{"line":18,"column":7}},{"start":{"line":18,"column":11},"end":{"line":18,"column":93}}],"line":18},"1":{"loc":{"start":{"line":19,"column":4},"end":{"line":19,"column":93}},"type":"binary-expr","locations":[{"start":{"line":19,"column":4},"end":{"line":19,"column":7}},{"start":{"line":19,"column":11},"end":{"line":19,"column":93}}],"line":19},"2":{"loc":{"start":{"line":20,"column":4},"end":{"line":20,"column":91}},"type":"binary-expr","locations":[{"start":{"line":20,"column":4},"end":{"line":20,"column":7}},{"start":{"line":20,"column":11},"end":{"line":20,"column":91}}],"line":20},"3":{"loc":{"start":{"line":21,"column":4},"end":{"line":21,"column":36}},"type":"binary-expr","locations":[{"start":{"line":21,"column":4},"end":{"line":21,"column":7}},{"start":{"line":21,"column":11},"end":{"line":21,"column":36}}],"line":21},"4":{"loc":{"start":{"line":22,"column":4},"end":{"line":22,"column":38}},"type":"binary-expr","locations":[{"start":{"line":22,"column":4},"end":{"line":22,"column":7}},{"start":{"line":22,"column":11},"end":{"line":22,"column":38}}],"line":22},"5":{"loc":{"start":{"line":23,"column":4},"end":{"line":23,"column":38}},"type":"binary-expr","locations":[{"start":{"line":23,"column":4},"end":{"line":23,"column":7}},{"start":{"line":23,"column":11},"end":{"line":23,"column":38}}],"line":23},"6":{"loc":{"start":{"line":24,"column":4},"end":{"line":24,"column":36}},"type":"binary-expr","locations":[{"start":{"line":24,"column":4},"end":{"line":24,"column":7}},{"start":{"line":24,"column":11},"end":{"line":24,"column":36}}],"line":24},"7":{"loc":{"start":{"line":25,"column":4},"end":{"line":25,"column":44}},"type":"binary-expr","locations":[{"start":{"line":25,"column":4},"end":{"line":25,"column":7}},{"start":{"line":25,"column":11},"end":{"line":25,"column":44}}],"line":25},"8":{"loc":{"start":{"line":26,"column":4},"end":{"line":26,"column":24}},"type":"binary-expr","locations":[{"start":{"line":26,"column":4},"end":{"line":26,"column":7}},{"start":{"line":26,"column":11},"end":{"line":26,"column":24}}],"line":26},"9":{"loc":{"start":{"line":40,"column":4},"end":{"line":40,"column":48}},"type":"binary-expr","locations":[{"start":{"line":40,"column":4},"end":{"line":40,"column":7}},{"start":{"line":40,"column":11},"end":{"line":40,"column":48}}],"line":40},"10":{"loc":{"start":{"line":41,"column":4},"end":{"line":41,"column":47}},"type":"binary-expr","locations":[{"start":{"line":41,"column":4},"end":{"line":41,"column":7}},{"start":{"line":41,"column":11},"end":{"line":41,"column":47}}],"line":41},"11":{"loc":{"start":{"line":42,"column":4},"end":{"line":42,"column":24}},"type":"binary-expr","locations":[{"start":{"line":42,"column":4},"end":{"line":42,"column":7}},{"start":{"line":42,"column":11},"end":{"line":42,"column":24}}],"line":42},"12":{"loc":{"start":{"line":43,"column":11},"end":{"line":43,"column":19}},"type":"binary-expr","locations":[{"start":{"line":43,"column":11},"end":{"line":43,"column":13}},{"start":{"line":43,"column":17},"end":{"line":43,"column":19}}],"line":43}},"s":{"0":1,"1":1,"2":1,"3":1,"4":1,"5":1,"6":1,"7":2,"8":2,"9":2,"10":2,"11":2,"12":2,"13":2,"14":2,"15":2,"16":2,"17":2,"18":2,"19":2,"20":2,"21":2,"22":2,"23":2,"24":2,"25":2,"26":2,"27":2,"28":2,"29":2,"30":1,"31":2,"32":2,"33":2,"34":2,"35":2,"36":2,"37":2,"38":2,"39":2,"40":2,"41":2,"42":2,"43":2,"44":2,"45":2,"46":2,"47":2,"48":2,"49":2,"50":2,"51":2,"52":16,"53":16,"54":16,"55":16,"56":1,"57":4,"58":4,"59":4,"60":4,"61":16,"62":16,"63":4,"64":1,"65":4,"66":4,"67":4,"68":4,"69":4,"70":4,"71":1},"f":{"0":2,"1":2,"2":16,"3":4,"4":4},"b":{"0":[2,0],"1":[2,0],"2":[2,0],"3":[2,0],"4":[2,0],"5":[2,0],"6":[2,0],"7":[2,0],"8":[2,0],"9":[2,0],"10":[2,0],"11":[2,0],"12":[2,2]},"_coverageSchema":"43e27e138ebf9cfc5966b082cf9a028302ed4184","hash":"0f12309529510faed94586ab1264c205d78af1cf","contentHash":"e5915880638cd9af66661bf9d03d5c04fda5e3c25be5d80d0d845e59ca4feebf"},"/home/meck/code/master-project-sink/crypto/src/ec-elgamal/keygen.ts":{"path":"/home/meck/code/master-project-sink/crypto/src/ec-elgamal/keygen.ts","statementMap":{"0":{"start":{"line":2,"column":0},"end":{"line":2,"column":62}},"1":{"start":{"line":3,"column":15},"end":{"line":3,"column":34}},"2":{"start":{"line":4,"column":17},"end":{"line":4,"column":36}},"3":{"start":{"line":5,"column":16},"end":{"line":5,"column":46}},"4":{"start":{"line":6,"column":11},"end":{"line":6,"column":26}},"5":{"start":{"line":7,"column":0},"end":{"line":9,"column":2}},"6":{"start":{"line":8,"column":4},"end":{"line":8,"column":80}},"7":{"start":{"line":10,"column":0},"end":{"line":15,"column":2}},"8":{"start":{"line":11,"column":18},"end":{"line":11,"column":43}},"9":{"start":{"line":12,"column":13},"end":{"line":12,"column":33}},"10":{"start":{"line":13,"column":12},"end":{"line":13,"column":31}},"11":{"start":{"line":14,"column":4},"end":{"line":14,"column":30}},"12":{"start":{"line":16,"column":0},"end":{"line":18,"column":2}},"13":{"start":{"line":17,"column":4},"end":{"line":17,"column":34}},"14":{"start":{"line":19,"column":0},"end":{"line":25,"column":2}},"15":{"start":{"line":20,"column":14},"end":{"line":20,"column":16}},"16":{"start":{"line":21,"column":4},"end":{"line":23,"column":5}},"17":{"start":{"line":21,"column":17},"end":{"line":21,"column":18}},"18":{"start":{"line":22,"column":8},"end":{"line":22,"column":44}},"19":{"start":{"line":24,"column":4},"end":{"line":24,"column":15}},"20":{"start":{"line":26,"column":0},"end":{"line":35,"column":2}},"21":{"start":{"line":27,"column":12},"end":{"line":27,"column":20}},"22":{"start":{"line":28,"column":13},"end":{"line":28,"column":21}},"23":{"start":{"line":28,"column":29},"end":{"line":28,"column":38}},"24":{"start":{"line":29,"column":18},"end":{"line":29,"column":40}},"25":{"start":{"line":30,"column":12},"end":{"line":30,"column":32}},"26":{"start":{"line":31,"column":12},"end":{"line":31,"column":31}},"27":{"start":{"line":32,"column":12},"end":{"line":32,"column":51}},"28":{"start":{"line":33,"column":12},"end":{"line":33,"column":59}},"29":{"start":{"line":34,"column":4},"end":{"line":34,"column":26}},"30":{"start":{"line":36,"column":0},"end":{"line":49,"column":2}},"31":{"start":{"line":37,"column":12},"end":{"line":37,"column":20}},"32":{"start":{"line":37,"column":26},"end":{"line":37,"column":34}},"33":{"start":{"line":37,"column":40},"end":{"line":37,"column":48}},"34":{"start":{"line":38,"column":12},"end":{"line":38,"column":19}},"35":{"start":{"line":38,"column":25},"end":{"line":38,"column":32}},"36":{"start":{"line":39,"column":12},"end":{"line":39,"column":71}},"37":{"start":{"line":40,"column":13},"end":{"line":40,"column":52}},"38":{"start":{"line":41,"column":20},"end":{"line":41,"column":28}},"39":{"start":{"line":42,"column":16},"end":{"line":42,"column":36}},"40":{"start":{"line":43,"column":17},"end":{"line":43,"column":57}},"41":{"start":{"line":44,"column":17},"end":{"line":44,"column":33}},"42":{"start":{"line":45,"column":4},"end":{"line":45,"column":53}},"43":{"start":{"line":46,"column":4},"end":{"line":46,"column":46}},"44":{"start":{"line":47,"column":4},"end":{"line":47,"column":18}},"45":{"start":{"line":48,"column":4},"end":{"line":48,"column":31}},"46":{"start":{"line":50,"column":0},"end":{"line":52,"column":2}},"47":{"start":{"line":51,"column":4},"end":{"line":51,"column":104}},"48":{"start":{"line":51,"column":62},"end":{"line":51,"column":100}},"49":{"start":{"line":53,"column":0},"end":{"line":55,"column":2}},"50":{"start":{"line":54,"column":4},"end":{"line":54,"column":107}},"51":{"start":{"line":54,"column":59},"end":{"line":54,"column":103}},"52":{"start":{"line":56,"column":0},"end":{"line":58,"column":2}},"53":{"start":{"line":57,"column":4},"end":{"line":57,"column":52}},"54":{"start":{"line":59,"column":0},"end":{"line":62,"column":2}},"55":{"start":{"line":60,"column":13},"end":{"line":60,"column":131}},"56":{"start":{"line":60,"column":89},"end":{"line":60,"column":127}},"57":{"start":{"line":61,"column":4},"end":{"line":61,"column":14}},"58":{"start":{"line":63,"column":0},"end":{"line":69,"column":2}},"59":{"start":{"line":64,"column":25},"end":{"line":64,"column":62}},"60":{"start":{"line":65,"column":21},"end":{"line":65,"column":70}},"61":{"start":{"line":66,"column":12},"end":{"line":66,"column":39}},"62":{"start":{"line":67,"column":4},"end":{"line":67,"column":17}},"63":{"start":{"line":68,"column":4},"end":{"line":68,"column":13}}},"fnMap":{"0":{"name":"(anonymous_0)","decl":{"start":{"line":7,"column":35},"end":{"line":7,"column":36}},"loc":{"start":{"line":7,"column":47},"end":{"line":9,"column":1}},"line":7},"1":{"name":"(anonymous_1)","decl":{"start":{"line":10,"column":28},"end":{"line":10,"column":29}},"loc":{"start":{"line":10,"column":40},"end":{"line":15,"column":1}},"line":10},"2":{"name":"(anonymous_2)","decl":{"start":{"line":16,"column":26},"end":{"line":16,"column":27}},"loc":{"start":{"line":16,"column":38},"end":{"line":18,"column":1}},"line":16},"3":{"name":"(anonymous_3)","decl":{"start":{"line":19,"column":27},"end":{"line":19,"column":28}},"loc":{"start":{"line":19,"column":40},"end":{"line":25,"column":1}},"line":19},"4":{"name":"(anonymous_4)","decl":{"start":{"line":26,"column":37},"end":{"line":26,"column":38}},"loc":{"start":{"line":26,"column":66},"end":{"line":35,"column":1}},"line":26},"5":{"name":"(anonymous_5)","decl":{"start":{"line":36,"column":35},"end":{"line":36,"column":36}},"loc":{"start":{"line":36,"column":68},"end":{"line":49,"column":1}},"line":36},"6":{"name":"(anonymous_6)","decl":{"start":{"line":50,"column":28},"end":{"line":50,"column":29}},"loc":{"start":{"line":50,"column":55},"end":{"line":52,"column":1}},"line":50},"7":{"name":"(anonymous_7)","decl":{"start":{"line":51,"column":34},"end":{"line":51,"column":35}},"loc":{"start":{"line":51,"column":60},"end":{"line":51,"column":102}},"line":51},"8":{"name":"(anonymous_8)","decl":{"start":{"line":53,"column":29},"end":{"line":53,"column":30}},"loc":{"start":{"line":53,"column":65},"end":{"line":55,"column":1}},"line":53},"9":{"name":"(anonymous_9)","decl":{"start":{"line":54,"column":35},"end":{"line":54,"column":36}},"loc":{"start":{"line":54,"column":57},"end":{"line":54,"column":105}},"line":54},"10":{"name":"(anonymous_10)","decl":{"start":{"line":56,"column":23},"end":{"line":56,"column":24}},"loc":{"start":{"line":56,"column":57},"end":{"line":58,"column":1}},"line":56},"11":{"name":"(anonymous_11)","decl":{"start":{"line":59,"column":33},"end":{"line":59,"column":34}},"loc":{"start":{"line":59,"column":68},"end":{"line":62,"column":1}},"line":59},"12":{"name":"(anonymous_12)","decl":{"start":{"line":60,"column":61},"end":{"line":60,"column":62}},"loc":{"start":{"line":60,"column":87},"end":{"line":60,"column":129}},"line":60},"13":{"name":"(anonymous_13)","decl":{"start":{"line":63,"column":28},"end":{"line":63,"column":29}},"loc":{"start":{"line":63,"column":58},"end":{"line":69,"column":1}},"line":63}},"branchMap":{"0":{"loc":{"start":{"line":48,"column":11},"end":{"line":48,"column":30}},"type":"binary-expr","locations":[{"start":{"line":48,"column":11},"end":{"line":48,"column":20}},{"start":{"line":48,"column":24},"end":{"line":48,"column":30}}],"line":48}},"s":{"0":1,"1":1,"2":1,"3":1,"4":1,"5":1,"6":11,"7":1,"8":12,"9":12,"10":12,"11":12,"12":1,"13":18,"14":1,"15":3,"16":3,"17":3,"18":6,"19":3,"20":1,"21":12,"22":12,"23":12,"24":12,"25":12,"26":12,"27":12,"28":12,"29":12,"30":1,"31":12,"32":12,"33":12,"34":12,"35":12,"36":12,"37":12,"38":12,"39":12,"40":12,"41":12,"42":12,"43":12,"44":12,"45":12,"46":1,"47":4,"48":4,"49":1,"50":1,"51":1,"52":1,"53":2,"54":1,"55":1,"56":1,"57":0,"58":1,"59":24,"60":24,"61":24,"62":24,"63":24},"f":{"0":11,"1":12,"2":18,"3":3,"4":12,"5":12,"6":4,"7":4,"8":1,"9":1,"10":2,"11":1,"12":1,"13":24},"b":{"0":[12,12]},"_coverageSchema":"43e27e138ebf9cfc5966b082cf9a028302ed4184","hash":"ef9ae32057104ef055888634fa2e0e74374fc8e9","contentHash":"bd959b64b50af890247e97e1795ac6824f4b0a1c5bd4f273ab1b165ed02687c6"},"/home/meck/code/master-project-sink/crypto/src/ec-elgamal/models.ts":{"path":"/home/meck/code/master-project-sink/crypto/src/ec-elgamal/models.ts","statementMap":{"0":{"start":{"line":2,"column":0},"end":{"line":2,"column":62}}},"fnMap":{},"branchMap":{},"s":{"0":1},"f":{},"b":{},"_coverageSchema":"43e27e138ebf9cfc5966b082cf9a028302ed4184","hash":"668c141301cf0212a8f3ca2fad22bc3b9eff25e7","contentHash":"0996b8cf4152e048d7ba4b7226213de0befc7dddd187459b5d0eaaa917ac2a71"}}